<?xml version="1.0" ?>
<testsuite name="test.tests_worksheet_validations_controller.TestWorksheetValidationsControllerApi-20230919143131" tests="18" time="13.748" failures="0" errors="0">
	<testcase classname="test.tests_worksheet_validations_controller.TestWorksheetValidationsControllerApi" name="test_delete_worksheet_validation" time="1.602"/>
	<testcase classname="test.tests_worksheet_validations_controller.TestWorksheetValidationsControllerApi" name="test_delete_worksheet_validations" time="0.783"/>
	<testcase classname="test.tests_worksheet_validations_controller.TestWorksheetValidationsControllerApi" name="test_get_worksheet_validation" time="0.540"/>
	<testcase classname="test.tests_worksheet_validations_controller.TestWorksheetValidationsControllerApi" name="test_get_worksheet_validations" time="0.599"/>
	<testcase classname="test.tests_worksheet_validations_controller.TestWorksheetValidationsControllerApi" name="test_post_worksheet_validation" time="0.700"/>
	<testcase classname="test.tests_worksheet_validations_controller.TestWorksheetValidationsControllerApi" name="test_put_worksheet_validation" time="0.833"/>
	<testcase classname="test.tests_worksheet_validations_controller.TestWorksheetValidationsControllerApi" name="test_delete_worksheet_validation" time="0.761"/>
	<testcase classname="test.tests_worksheet_validations_controller.TestWorksheetValidationsControllerApi" name="test_delete_worksheet_validations" time="0.773"/>
	<testcase classname="test.tests_worksheet_validations_controller.TestWorksheetValidationsControllerApi" name="test_get_worksheet_validation" time="0.564"/>
	<testcase classname="test.tests_worksheet_validations_controller.TestWorksheetValidationsControllerApi" name="test_get_worksheet_validations" time="0.596"/>
	<testcase classname="test.tests_worksheet_validations_controller.TestWorksheetValidationsControllerApi" name="test_post_worksheet_validation" time="0.703"/>
	<testcase classname="test.tests_worksheet_validations_controller.TestWorksheetValidationsControllerApi" name="test_put_worksheet_validation" time="0.792"/>
	<testcase classname="test.tests_worksheet_validations_controller.TestWorksheetValidationsControllerApi" name="test_delete_worksheet_validation" time="0.817"/>
	<testcase classname="test.tests_worksheet_validations_controller.TestWorksheetValidationsControllerApi" name="test_delete_worksheet_validations" time="0.788"/>
	<testcase classname="test.tests_worksheet_validations_controller.TestWorksheetValidationsControllerApi" name="test_get_worksheet_validation" time="0.629"/>
	<testcase classname="test.tests_worksheet_validations_controller.TestWorksheetValidationsControllerApi" name="test_get_worksheet_validations" time="0.684"/>
	<testcase classname="test.tests_worksheet_validations_controller.TestWorksheetValidationsControllerApi" name="test_post_worksheet_validation" time="0.715"/>
	<testcase classname="test.tests_worksheet_validations_controller.TestWorksheetValidationsControllerApi" name="test_put_worksheet_validation" time="0.871"/>
	<system-out><![CDATA[]]></system-out>
	<system-err><![CDATA[]]></system-err>
</testsuite>
