<?xml version="1.0" ?>
<testsuite name="test.tests_ranges_controller.TestRangesControllerApi-20230919143131" tests="39" time="33.646" failures="0" errors="0">
	<testcase classname="test.tests_ranges_controller.TestRangesControllerApi" name="test_delete_worksheet_cells_range" time="1.709"/>
	<testcase classname="test.tests_ranges_controller.TestRangesControllerApi" name="test_get_worksheet_cells_range_value" time="0.569"/>
	<testcase classname="test.tests_ranges_controller.TestRangesControllerApi" name="test_post_worksheet_cells_range_column_width" time="0.847"/>
	<testcase classname="test.tests_ranges_controller.TestRangesControllerApi" name="test_post_worksheet_cells_range_merge" time="0.899"/>
	<testcase classname="test.tests_ranges_controller.TestRangesControllerApi" name="test_post_worksheet_cells_range_move_to" time="0.935"/>
	<testcase classname="test.tests_ranges_controller.TestRangesControllerApi" name="test_post_worksheet_cells_range_outline_border" time="0.724"/>
	<testcase classname="test.tests_ranges_controller.TestRangesControllerApi" name="test_post_worksheet_cells_range_row_height" time="0.889"/>
	<testcase classname="test.tests_ranges_controller.TestRangesControllerApi" name="test_post_worksheet_cells_range_sort" time="0.535"/>
	<testcase classname="test.tests_ranges_controller.TestRangesControllerApi" name="test_post_worksheet_cells_range_style" time="0.746"/>
	<testcase classname="test.tests_ranges_controller.TestRangesControllerApi" name="test_post_worksheet_cells_range_un_merge" time="0.784"/>
	<testcase classname="test.tests_ranges_controller.TestRangesControllerApi" name="test_post_worksheet_cells_range_value" time="0.923"/>
	<testcase classname="test.tests_ranges_controller.TestRangesControllerApi" name="test_post_worksheet_cells_ranges" time="0.818"/>
	<testcase classname="test.tests_ranges_controller.TestRangesControllerApi" name="test_put_worksheet_cells_range" time="0.771"/>
	<testcase classname="test.tests_ranges_controller.TestRangesControllerApi" name="test_delete_worksheet_cells_range" time="2.865"/>
	<testcase classname="test.tests_ranges_controller.TestRangesControllerApi" name="test_get_worksheet_cells_range_value" time="0.588"/>
	<testcase classname="test.tests_ranges_controller.TestRangesControllerApi" name="test_post_worksheet_cells_range_column_width" time="0.764"/>
	<testcase classname="test.tests_ranges_controller.TestRangesControllerApi" name="test_post_worksheet_cells_range_merge" time="0.858"/>
	<testcase classname="test.tests_ranges_controller.TestRangesControllerApi" name="test_post_worksheet_cells_range_move_to" time="0.746"/>
	<testcase classname="test.tests_ranges_controller.TestRangesControllerApi" name="test_post_worksheet_cells_range_outline_border" time="0.809"/>
	<testcase classname="test.tests_ranges_controller.TestRangesControllerApi" name="test_post_worksheet_cells_range_row_height" time="0.751"/>
	<testcase classname="test.tests_ranges_controller.TestRangesControllerApi" name="test_post_worksheet_cells_range_sort" time="0.752"/>
	<testcase classname="test.tests_ranges_controller.TestRangesControllerApi" name="test_post_worksheet_cells_range_style" time="0.789"/>
	<testcase classname="test.tests_ranges_controller.TestRangesControllerApi" name="test_post_worksheet_cells_range_un_merge" time="0.765"/>
	<testcase classname="test.tests_ranges_controller.TestRangesControllerApi" name="test_post_worksheet_cells_range_value" time="0.724"/>
	<testcase classname="test.tests_ranges_controller.TestRangesControllerApi" name="test_post_worksheet_cells_ranges" time="0.964"/>
	<testcase classname="test.tests_ranges_controller.TestRangesControllerApi" name="test_put_worksheet_cells_range" time="0.672"/>
	<testcase classname="test.tests_ranges_controller.TestRangesControllerApi" name="test_delete_worksheet_cells_range" time="0.729"/>
	<testcase classname="test.tests_ranges_controller.TestRangesControllerApi" name="test_get_worksheet_cells_range_value" time="0.669"/>
	<testcase classname="test.tests_ranges_controller.TestRangesControllerApi" name="test_post_worksheet_cells_range_column_width" time="0.776"/>
	<testcase classname="test.tests_ranges_controller.TestRangesControllerApi" name="test_post_worksheet_cells_range_merge" time="0.806"/>
	<testcase classname="test.tests_ranges_controller.TestRangesControllerApi" name="test_post_worksheet_cells_range_move_to" time="0.935"/>
	<testcase classname="test.tests_ranges_controller.TestRangesControllerApi" name="test_post_worksheet_cells_range_outline_border" time="0.790"/>
	<testcase classname="test.tests_ranges_controller.TestRangesControllerApi" name="test_post_worksheet_cells_range_row_height" time="0.784"/>
	<testcase classname="test.tests_ranges_controller.TestRangesControllerApi" name="test_post_worksheet_cells_range_sort" time="0.653"/>
	<testcase classname="test.tests_ranges_controller.TestRangesControllerApi" name="test_post_worksheet_cells_range_style" time="0.922"/>
	<testcase classname="test.tests_ranges_controller.TestRangesControllerApi" name="test_post_worksheet_cells_range_un_merge" time="0.793"/>
	<testcase classname="test.tests_ranges_controller.TestRangesControllerApi" name="test_post_worksheet_cells_range_value" time="0.807"/>
	<testcase classname="test.tests_ranges_controller.TestRangesControllerApi" name="test_post_worksheet_cells_ranges" time="0.861"/>
	<testcase classname="test.tests_ranges_controller.TestRangesControllerApi" name="test_put_worksheet_cells_range" time="0.924"/>
	<system-out><![CDATA[]]></system-out>
	<system-err><![CDATA[]]></system-err>
</testsuite>
