<?xml version="1.0" ?>
<testsuite name="test.tests_light_cells.TestLightCellsApi-20230919143131" tests="648" time="678.286" failures="0" errors="0">
	<testcase classname="test.tests_light_cells.TestLightCellsApi" name="test_delete_metadata" time="1.134"/>
	<testcase classname="test.tests_light_cells.TestLightCellsApi" name="test_get_metadata" time="0.239"/>
	<testcase classname="test.tests_light_cells.TestLightCellsApi" name="test_post_assemble_bmp" time="0.859"/>
	<testcase classname="test.tests_light_cells.TestLightCellsApi" name="test_post_assemble_csv" time="0.213"/>
	<testcase classname="test.tests_light_cells.TestLightCellsApi" name="test_post_assemble_docx" time="0.220"/>
	<testcase classname="test.tests_light_cells.TestLightCellsApi" name="test_post_assemble_emf" time="0.248"/>
	<testcase classname="test.tests_light_cells.TestLightCellsApi" name="test_post_assemble_gif" time="0.314"/>
	<testcase classname="test.tests_light_cells.TestLightCellsApi" name="test_post_assemble_html" time="0.220"/>
	<testcase classname="test.tests_light_cells.TestLightCellsApi" name="test_post_assemble_jpg" time="0.225"/>
	<testcase classname="test.tests_light_cells.TestLightCellsApi" name="test_post_assemble_json" time="0.215"/>
	<testcase classname="test.tests_light_cells.TestLightCellsApi" name="test_post_assemble_md" time="0.213"/>
	<testcase classname="test.tests_light_cells.TestLightCellsApi" name="test_post_assemble_mhtml" time="0.224"/>
	<testcase classname="test.tests_light_cells.TestLightCellsApi" name="test_post_assemble_numbers" time="0.222"/>
	<testcase classname="test.tests_light_cells.TestLightCellsApi" name="test_post_assemble_ods" time="0.217"/>
	<testcase classname="test.tests_light_cells.TestLightCellsApi" name="test_post_assemble_pdf" time="0.228"/>
	<testcase classname="test.tests_light_cells.TestLightCellsApi" name="test_post_assemble_png" time="0.242"/>
	<testcase classname="test.tests_light_cells.TestLightCellsApi" name="test_post_assemble_pptx" time="0.256"/>
	<testcase classname="test.tests_light_cells.TestLightCellsApi" name="test_post_assemble_sql" time="0.214"/>
	<testcase classname="test.tests_light_cells.TestLightCellsApi" name="test_post_assemble_svg" time="0.217"/>
	<testcase classname="test.tests_light_cells.TestLightCellsApi" name="test_post_assemble_tif" time="0.268"/>
	<testcase classname="test.tests_light_cells.TestLightCellsApi" name="test_post_assemble_txt" time="0.233"/>
	<testcase classname="test.tests_light_cells.TestLightCellsApi" name="test_post_assemble_wmf" time="0.249"/>
	<testcase classname="test.tests_light_cells.TestLightCellsApi" name="test_post_assemble_xls" time="0.215"/>
	<testcase classname="test.tests_light_cells.TestLightCellsApi" name="test_post_assemble_xlsb" time="0.225"/>
	<testcase classname="test.tests_light_cells.TestLightCellsApi" name="test_post_assemble_xlsm" time="0.229"/>
	<testcase classname="test.tests_light_cells.TestLightCellsApi" name="test_post_assemble_xlsx" time="0.228"/>
	<testcase classname="test.tests_light_cells.TestLightCellsApi" name="test_post_assemble_xltm" time="0.218"/>
	<testcase classname="test.tests_light_cells.TestLightCellsApi" name="test_post_assemble_xltx" time="0.219"/>
	<testcase classname="test.tests_light_cells.TestLightCellsApi" name="test_post_assemble_xml" time="0.215"/>
	<testcase classname="test.tests_light_cells.TestLightCellsApi" name="test_post_assemble_xps" time="0.224"/>
	<testcase classname="test.tests_light_cells.TestLightCellsApi" name="test_post_clear_objects__background" time="0.327"/>
	<testcase classname="test.tests_light_cells.TestLightCellsApi" name="test_post_clear_objects_chart" time="0.288"/>
	<testcase classname="test.tests_light_cells.TestLightCellsApi" name="test_post_clear_objects_comment" time="0.296"/>
	<testcase classname="test.tests_light_cells.TestLightCellsApi" name="test_post_clear_objects_hyperlink" time="0.305"/>
	<testcase classname="test.tests_light_cells.TestLightCellsApi" name="test_post_clear_objects_listobject" time="0.303"/>
	<testcase classname="test.tests_light_cells.TestLightCellsApi" name="test_post_clear_objects_oleobject" time="0.304"/>
	<testcase classname="test.tests_light_cells.TestLightCellsApi" name="test_post_clear_objects_picture" time="0.296"/>
	<testcase classname="test.tests_light_cells.TestLightCellsApi" name="test_post_clear_objects_pivottable" time="0.315"/>
	<testcase classname="test.tests_light_cells.TestLightCellsApi" name="test_post_clear_objects_shape" time="0.262"/>
	<testcase classname="test.tests_light_cells.TestLightCellsApi" name="test_post_clear_objects_validation" time="0.327"/>
	<testcase classname="test.tests_light_cells.TestLightCellsApi" name="test_post_compress_50" time="0.217"/>
	<testcase classname="test.tests_light_cells.TestLightCellsApi" name="test_post_compress_90" time="0.250"/>
	<testcase classname="test.tests_light_cells.TestLightCellsApi" name="test_post_export_bmp_chart" time="2.393"/>
	<testcase classname="test.tests_light_cells.TestLightCellsApi" name="test_post_export_bmp_listobject" time="1.542"/>
	<testcase classname="test.tests_light_cells.TestLightCellsApi" name="test_post_export_bmp_oleobject" time="0.473"/>
	<testcase classname="test.tests_light_cells.TestLightCellsApi" name="test_post_export_bmp_picture" time="0.520"/>
	<testcase classname="test.tests_light_cells.TestLightCellsApi" name="test_post_export_bmp_workbook" time="34.417"/>
	<testcase classname="test.tests_light_cells.TestLightCellsApi" name="test_post_export_bmp_worksheet" time="24.337"/>
	<testcase classname="test.tests_light_cells.TestLightCellsApi" name="test_post_export_csv_listobject" time="0.247"/>
	<testcase classname="test.tests_light_cells.TestLightCellsApi" name="test_post_export_csv_workbook" time="0.251"/>
	<testcase classname="test.tests_light_cells.TestLightCellsApi" name="test_post_export_csv_worksheet" time="0.256"/>
	<testcase classname="test.tests_light_cells.TestLightCellsApi" name="test_post_export_docx_listobject" time="0.264"/>
	<testcase classname="test.tests_light_cells.TestLightCellsApi" name="test_post_export_docx_workbook" time="0.691"/>
	<testcase classname="test.tests_light_cells.TestLightCellsApi" name="test_post_export_docx_worksheet" time="0.853"/>
	<testcase classname="test.tests_light_cells.TestLightCellsApi" name="test_post_export_emf_chart" time="0.282"/>
	<testcase classname="test.tests_light_cells.TestLightCellsApi" name="test_post_export_emf_listobject" time="0.346"/>
	<testcase classname="test.tests_light_cells.TestLightCellsApi" name="test_post_export_emf_oleobject" time="0.272"/>
	<testcase classname="test.tests_light_cells.TestLightCellsApi" name="test_post_export_emf_picture" time="0.552"/>
	<testcase classname="test.tests_light_cells.TestLightCellsApi" name="test_post_export_emf_workbook" time="12.561"/>
	<testcase classname="test.tests_light_cells.TestLightCellsApi" name="test_post_export_emf_worksheet" time="9.433"/>
	<testcase classname="test.tests_light_cells.TestLightCellsApi" name="test_post_export_gif_chart" time="0.543"/>
	<testcase classname="test.tests_light_cells.TestLightCellsApi" name="test_post_export_gif_listobject" time="0.438"/>
	<testcase classname="test.tests_light_cells.TestLightCellsApi" name="test_post_export_gif_oleobject" time="0.277"/>
	<testcase classname="test.tests_light_cells.TestLightCellsApi" name="test_post_export_gif_picture" time="0.311"/>
	<testcase classname="test.tests_light_cells.TestLightCellsApi" name="test_post_export_gif_workbook" time="3.692"/>
	<testcase classname="test.tests_light_cells.TestLightCellsApi" name="test_post_export_gif_worksheet" time="4.342"/>
	<testcase classname="test.tests_light_cells.TestLightCellsApi" name="test_post_export_html_listobject" time="0.259"/>
	<testcase classname="test.tests_light_cells.TestLightCellsApi" name="test_post_export_html_workbook" time="0.650"/>
	<testcase classname="test.tests_light_cells.TestLightCellsApi" name="test_post_export_html_worksheet" time="0.668"/>
	<testcase classname="test.tests_light_cells.TestLightCellsApi" name="test_post_export_jpg_chart" time="0.305"/>
	<testcase classname="test.tests_light_cells.TestLightCellsApi" name="test_post_export_jpg_listobject" time="0.320"/>
	<testcase classname="test.tests_light_cells.TestLightCellsApi" name="test_post_export_jpg_oleobject" time="0.256"/>
	<testcase classname="test.tests_light_cells.TestLightCellsApi" name="test_post_export_jpg_picture" time="0.301"/>
	<testcase classname="test.tests_light_cells.TestLightCellsApi" name="test_post_export_jpg_workbook" time="1.080"/>
	<testcase classname="test.tests_light_cells.TestLightCellsApi" name="test_post_export_jpg_worksheet" time="0.969"/>
	<testcase classname="test.tests_light_cells.TestLightCellsApi" name="test_post_export_json_listobject" time="0.243"/>
	<testcase classname="test.tests_light_cells.TestLightCellsApi" name="test_post_export_json_workbook" time="0.259"/>
	<testcase classname="test.tests_light_cells.TestLightCellsApi" name="test_post_export_json_worksheet" time="0.264"/>
	<testcase classname="test.tests_light_cells.TestLightCellsApi" name="test_post_export_md_listobject" time="0.245"/>
	<testcase classname="test.tests_light_cells.TestLightCellsApi" name="test_post_export_md_workbook" time="0.248"/>
	<testcase classname="test.tests_light_cells.TestLightCellsApi" name="test_post_export_md_worksheet" time="0.246"/>
	<testcase classname="test.tests_light_cells.TestLightCellsApi" name="test_post_export_mhtml_listobject" time="0.255"/>
	<testcase classname="test.tests_light_cells.TestLightCellsApi" name="test_post_export_mhtml_workbook" time="0.644"/>
	<testcase classname="test.tests_light_cells.TestLightCellsApi" name="test_post_export_mhtml_worksheet" time="0.701"/>
	<testcase classname="test.tests_light_cells.TestLightCellsApi" name="test_post_export_numbers_listobject" time="0.255"/>
	<testcase classname="test.tests_light_cells.TestLightCellsApi" name="test_post_export_numbers_workbook" time="0.304"/>
	<testcase classname="test.tests_light_cells.TestLightCellsApi" name="test_post_export_numbers_worksheet" time="0.342"/>
	<testcase classname="test.tests_light_cells.TestLightCellsApi" name="test_post_export_ods_listobject" time="0.264"/>
	<testcase classname="test.tests_light_cells.TestLightCellsApi" name="test_post_export_ods_workbook" time="0.314"/>
	<testcase classname="test.tests_light_cells.TestLightCellsApi" name="test_post_export_ods_worksheet" time="0.328"/>
	<testcase classname="test.tests_light_cells.TestLightCellsApi" name="test_post_export_pdf_chart" time="0.311"/>
	<testcase classname="test.tests_light_cells.TestLightCellsApi" name="test_post_export_pdf_listobject" time="0.254"/>
	<testcase classname="test.tests_light_cells.TestLightCellsApi" name="test_post_export_pdf_workbook" time="0.409"/>
	<testcase classname="test.tests_light_cells.TestLightCellsApi" name="test_post_export_pdf_worksheet" time="0.495"/>
	<testcase classname="test.tests_light_cells.TestLightCellsApi" name="test_post_export_png_chart" time="0.348"/>
	<testcase classname="test.tests_light_cells.TestLightCellsApi" name="test_post_export_png_listobject" time="0.323"/>
	<testcase classname="test.tests_light_cells.TestLightCellsApi" name="test_post_export_png_oleobject" time="0.279"/>
	<testcase classname="test.tests_light_cells.TestLightCellsApi" name="test_post_export_png_picture" time="0.283"/>
	<testcase classname="test.tests_light_cells.TestLightCellsApi" name="test_post_export_png_workbook" time="1.478"/>
	<testcase classname="test.tests_light_cells.TestLightCellsApi" name="test_post_export_png_worksheet" time="1.393"/>
	<testcase classname="test.tests_light_cells.TestLightCellsApi" name="test_post_export_pptx_listobject" time="0.288"/>
	<testcase classname="test.tests_light_cells.TestLightCellsApi" name="test_post_export_pptx_workbook" time="0.834"/>
	<testcase classname="test.tests_light_cells.TestLightCellsApi" name="test_post_export_pptx_worksheet" time="1.072"/>
	<testcase classname="test.tests_light_cells.TestLightCellsApi" name="test_post_export_sql_listobject" time="0.243"/>
	<testcase classname="test.tests_light_cells.TestLightCellsApi" name="test_post_export_sql_workbook" time="0.260"/>
	<testcase classname="test.tests_light_cells.TestLightCellsApi" name="test_post_export_sql_worksheet" time="0.252"/>
	<testcase classname="test.tests_light_cells.TestLightCellsApi" name="test_post_export_svg_listobject" time="0.286"/>
	<testcase classname="test.tests_light_cells.TestLightCellsApi" name="test_post_export_svg_workbook" time="0.256"/>
	<testcase classname="test.tests_light_cells.TestLightCellsApi" name="test_post_export_svg_worksheet" time="0.557"/>
	<testcase classname="test.tests_light_cells.TestLightCellsApi" name="test_post_export_tif_chart" time="0.323"/>
	<testcase classname="test.tests_light_cells.TestLightCellsApi" name="test_post_export_tif_listobject" time="0.342"/>
	<testcase classname="test.tests_light_cells.TestLightCellsApi" name="test_post_export_tif_workbook" time="1.588"/>
	<testcase classname="test.tests_light_cells.TestLightCellsApi" name="test_post_export_tif_worksheet" time="1.665"/>
	<testcase classname="test.tests_light_cells.TestLightCellsApi" name="test_post_export_txt_listobject" time="0.249"/>
	<testcase classname="test.tests_light_cells.TestLightCellsApi" name="test_post_export_txt_workbook" time="0.247"/>
	<testcase classname="test.tests_light_cells.TestLightCellsApi" name="test_post_export_txt_worksheet" time="0.259"/>
	<testcase classname="test.tests_light_cells.TestLightCellsApi" name="test_post_export_wmf_listobject" time="0.302"/>
	<testcase classname="test.tests_light_cells.TestLightCellsApi" name="test_post_export_wmf_workbook" time="17.013"/>
	<testcase classname="test.tests_light_cells.TestLightCellsApi" name="test_post_export_wmf_worksheet" time="11.119"/>
	<testcase classname="test.tests_light_cells.TestLightCellsApi" name="test_post_export_xls_listobject" time="0.381"/>
	<testcase classname="test.tests_light_cells.TestLightCellsApi" name="test_post_export_xls_workbook" time="0.777"/>
	<testcase classname="test.tests_light_cells.TestLightCellsApi" name="test_post_export_xls_worksheet" time="0.969"/>
	<testcase classname="test.tests_light_cells.TestLightCellsApi" name="test_post_export_xlsb_listobject" time="0.272"/>
	<testcase classname="test.tests_light_cells.TestLightCellsApi" name="test_post_export_xlsb_workbook" time="0.529"/>
	<testcase classname="test.tests_light_cells.TestLightCellsApi" name="test_post_export_xlsb_worksheet" time="0.519"/>
	<testcase classname="test.tests_light_cells.TestLightCellsApi" name="test_post_export_xlsm_listobject" time="0.305"/>
	<testcase classname="test.tests_light_cells.TestLightCellsApi" name="test_post_export_xlsm_workbook" time="0.498"/>
	<testcase classname="test.tests_light_cells.TestLightCellsApi" name="test_post_export_xlsm_worksheet" time="0.720"/>
	<testcase classname="test.tests_light_cells.TestLightCellsApi" name="test_post_export_xlsx_listobject" time="0.258"/>
	<testcase classname="test.tests_light_cells.TestLightCellsApi" name="test_post_export_xlsx_workbook" time="0.499"/>
	<testcase classname="test.tests_light_cells.TestLightCellsApi" name="test_post_export_xlsx_worksheet" time="0.723"/>
	<testcase classname="test.tests_light_cells.TestLightCellsApi" name="test_post_export_xltm_listobject" time="0.304"/>
	<testcase classname="test.tests_light_cells.TestLightCellsApi" name="test_post_export_xltm_workbook" time="0.528"/>
	<testcase classname="test.tests_light_cells.TestLightCellsApi" name="test_post_export_xltm_worksheet" time="0.715"/>
	<testcase classname="test.tests_light_cells.TestLightCellsApi" name="test_post_export_xltx_listobject" time="0.256"/>
	<testcase classname="test.tests_light_cells.TestLightCellsApi" name="test_post_export_xltx_workbook" time="0.531"/>
	<testcase classname="test.tests_light_cells.TestLightCellsApi" name="test_post_export_xltx_worksheet" time="0.722"/>
	<testcase classname="test.tests_light_cells.TestLightCellsApi" name="test_post_export_xml_listobject" time="0.258"/>
	<testcase classname="test.tests_light_cells.TestLightCellsApi" name="test_post_export_xml_workbook" time="0.248"/>
	<testcase classname="test.tests_light_cells.TestLightCellsApi" name="test_post_export_xml_worksheet" time="0.257"/>
	<testcase classname="test.tests_light_cells.TestLightCellsApi" name="test_post_export_xps_listobject" time="0.283"/>
	<testcase classname="test.tests_light_cells.TestLightCellsApi" name="test_post_export_xps_workbook" time="0.863"/>
	<testcase classname="test.tests_light_cells.TestLightCellsApi" name="test_post_export_xps_worksheet" time="1.126"/>
	<testcase classname="test.tests_light_cells.TestLightCellsApi" name="test_post_merge_bmp_true" time="1.148"/>
	<testcase classname="test.tests_light_cells.TestLightCellsApi" name="test_post_merge_csv_true" time="0.221"/>
	<testcase classname="test.tests_light_cells.TestLightCellsApi" name="test_post_merge_docx_false" time="0.241"/>
	<testcase classname="test.tests_light_cells.TestLightCellsApi" name="test_post_merge_emf_true" time="0.445"/>
	<testcase classname="test.tests_light_cells.TestLightCellsApi" name="test_post_merge_gif_true" time="0.263"/>
	<testcase classname="test.tests_light_cells.TestLightCellsApi" name="test_post_merge_html_true" time="0.219"/>
	<testcase classname="test.tests_light_cells.TestLightCellsApi" name="test_post_merge_jpg_true" time="0.221"/>
	<testcase classname="test.tests_light_cells.TestLightCellsApi" name="test_post_merge_json_false" time="0.218"/>
	<testcase classname="test.tests_light_cells.TestLightCellsApi" name="test_post_merge_md_true" time="0.214"/>
	<testcase classname="test.tests_light_cells.TestLightCellsApi" name="test_post_merge_mhtml_true" time="0.219"/>
	<testcase classname="test.tests_light_cells.TestLightCellsApi" name="test_post_merge_numbers_true" time="0.215"/>
	<testcase classname="test.tests_light_cells.TestLightCellsApi" name="test_post_merge_ods_true" time="0.215"/>
	<testcase classname="test.tests_light_cells.TestLightCellsApi" name="test_post_merge_pdf_true" time="0.221"/>
	<testcase classname="test.tests_light_cells.TestLightCellsApi" name="test_post_merge_png_true" time="0.237"/>
	<testcase classname="test.tests_light_cells.TestLightCellsApi" name="test_post_merge_pptx_false" time="0.265"/>
	<testcase classname="test.tests_light_cells.TestLightCellsApi" name="test_post_merge_sql_false" time="0.220"/>
	<testcase classname="test.tests_light_cells.TestLightCellsApi" name="test_post_merge_svg_true" time="0.219"/>
	<testcase classname="test.tests_light_cells.TestLightCellsApi" name="test_post_merge_tif_true" time="0.263"/>
	<testcase classname="test.tests_light_cells.TestLightCellsApi" name="test_post_merge_txt_true" time="0.212"/>
	<testcase classname="test.tests_light_cells.TestLightCellsApi" name="test_post_merge_wmf_true" time="0.445"/>
	<testcase classname="test.tests_light_cells.TestLightCellsApi" name="test_post_merge_xls_true" time="0.214"/>
	<testcase classname="test.tests_light_cells.TestLightCellsApi" name="test_post_merge_xlsb_true" time="0.221"/>
	<testcase classname="test.tests_light_cells.TestLightCellsApi" name="test_post_merge_xlsm_true" time="0.226"/>
	<testcase classname="test.tests_light_cells.TestLightCellsApi" name="test_post_merge_xlsx_true" time="0.217"/>
	<testcase classname="test.tests_light_cells.TestLightCellsApi" name="test_post_merge_xltm_true" time="0.217"/>
	<testcase classname="test.tests_light_cells.TestLightCellsApi" name="test_post_merge_xltx_true" time="0.217"/>
	<testcase classname="test.tests_light_cells.TestLightCellsApi" name="test_post_merge_xml_true" time="0.219"/>
	<testcase classname="test.tests_light_cells.TestLightCellsApi" name="test_post_merge_xps_true" time="0.221"/>
	<testcase classname="test.tests_light_cells.TestLightCellsApi" name="test_post_metadata" time="0.252"/>
	<testcase classname="test.tests_light_cells.TestLightCellsApi" name="test_post_protect" time="0.236"/>
	<testcase classname="test.tests_light_cells.TestLightCellsApi" name="test_post_repair_csv" time="0.243"/>
	<testcase classname="test.tests_light_cells.TestLightCellsApi" name="test_post_repair_pdf" time="0.573"/>
	<testcase classname="test.tests_light_cells.TestLightCellsApi" name="test_post_repair_png" time="1.961"/>
	<testcase classname="test.tests_light_cells.TestLightCellsApi" name="test_post_repair_xlsx" time="0.488"/>
	<testcase classname="test.tests_light_cells.TestLightCellsApi" name="test_post_replace" time="0.223"/>
	<testcase classname="test.tests_light_cells.TestLightCellsApi" name="test_post_replace_only_sheetname" time="0.218"/>
	<testcase classname="test.tests_light_cells.TestLightCellsApi" name="test_post_reverse_both_pdf" time="0.426"/>
	<testcase classname="test.tests_light_cells.TestLightCellsApi" name="test_post_reverse_both_xlsx" time="0.513"/>
	<testcase classname="test.tests_light_cells.TestLightCellsApi" name="test_post_reverse_cols_pdf" time="0.369"/>
	<testcase classname="test.tests_light_cells.TestLightCellsApi" name="test_post_reverse_cols_png" time="2.051"/>
	<testcase classname="test.tests_light_cells.TestLightCellsApi" name="test_post_reverse_rows_csv" time="0.249"/>
	<testcase classname="test.tests_light_cells.TestLightCellsApi" name="test_post_reverse_rows_pdf" time="0.405"/>
	<testcase classname="test.tests_light_cells.TestLightCellsApi" name="test_post_search" time="0.211"/>
	<testcase classname="test.tests_light_cells.TestLightCellsApi" name="test_post_split_bmp" time="1.888"/>
	<testcase classname="test.tests_light_cells.TestLightCellsApi" name="test_post_split_csv" time="0.217"/>
	<testcase classname="test.tests_light_cells.TestLightCellsApi" name="test_post_split_docx" time="0.230"/>
	<testcase classname="test.tests_light_cells.TestLightCellsApi" name="test_post_split_emf" time="0.528"/>
	<testcase classname="test.tests_light_cells.TestLightCellsApi" name="test_post_split_gif" time="0.336"/>
	<testcase classname="test.tests_light_cells.TestLightCellsApi" name="test_post_split_html" time="0.218"/>
	<testcase classname="test.tests_light_cells.TestLightCellsApi" name="test_post_split_jpg" time="0.231"/>
	<testcase classname="test.tests_light_cells.TestLightCellsApi" name="test_post_split_json" time="0.214"/>
	<testcase classname="test.tests_light_cells.TestLightCellsApi" name="test_post_split_md" time="0.216"/>
	<testcase classname="test.tests_light_cells.TestLightCellsApi" name="test_post_split_mhtml" time="0.228"/>
	<testcase classname="test.tests_light_cells.TestLightCellsApi" name="test_post_split_numbers" time="0.251"/>
	<testcase classname="test.tests_light_cells.TestLightCellsApi" name="test_post_split_ods" time="0.219"/>
	<testcase classname="test.tests_light_cells.TestLightCellsApi" name="test_post_split_pdf" time="0.232"/>
	<testcase classname="test.tests_light_cells.TestLightCellsApi" name="test_post_split_png" time="0.262"/>
	<testcase classname="test.tests_light_cells.TestLightCellsApi" name="test_post_split_pptx" time="0.257"/>
	<testcase classname="test.tests_light_cells.TestLightCellsApi" name="test_post_split_sql" time="0.213"/>
	<testcase classname="test.tests_light_cells.TestLightCellsApi" name="test_post_split_svg" time="0.236"/>
	<testcase classname="test.tests_light_cells.TestLightCellsApi" name="test_post_split_tif" time="0.392"/>
	<testcase classname="test.tests_light_cells.TestLightCellsApi" name="test_post_split_txt" time="0.214"/>
	<testcase classname="test.tests_light_cells.TestLightCellsApi" name="test_post_split_wmf" time="0.470"/>
	<testcase classname="test.tests_light_cells.TestLightCellsApi" name="test_post_split_xls" time="0.221"/>
	<testcase classname="test.tests_light_cells.TestLightCellsApi" name="test_post_split_xlsb" time="0.226"/>
	<testcase classname="test.tests_light_cells.TestLightCellsApi" name="test_post_split_xlsm" time="0.218"/>
	<testcase classname="test.tests_light_cells.TestLightCellsApi" name="test_post_split_xlsx" time="0.258"/>
	<testcase classname="test.tests_light_cells.TestLightCellsApi" name="test_post_split_xltm" time="0.226"/>
	<testcase classname="test.tests_light_cells.TestLightCellsApi" name="test_post_split_xltx" time="0.232"/>
	<testcase classname="test.tests_light_cells.TestLightCellsApi" name="test_post_split_xml" time="0.214"/>
	<testcase classname="test.tests_light_cells.TestLightCellsApi" name="test_post_split_xps" time="0.239"/>
	<testcase classname="test.tests_light_cells.TestLightCellsApi" name="test_post_unlock" time="0.619"/>
	<testcase classname="test.tests_light_cells.TestLightCellsApi" name="test_post_watermark" time="0.223"/>
	<testcase classname="test.tests_light_cells.TestLightCellsApi" name="test_delete_metadata" time="0.360"/>
	<testcase classname="test.tests_light_cells.TestLightCellsApi" name="test_get_metadata" time="0.244"/>
	<testcase classname="test.tests_light_cells.TestLightCellsApi" name="test_post_assemble_bmp" time="0.673"/>
	<testcase classname="test.tests_light_cells.TestLightCellsApi" name="test_post_assemble_csv" time="0.216"/>
	<testcase classname="test.tests_light_cells.TestLightCellsApi" name="test_post_assemble_docx" time="0.222"/>
	<testcase classname="test.tests_light_cells.TestLightCellsApi" name="test_post_assemble_emf" time="0.258"/>
	<testcase classname="test.tests_light_cells.TestLightCellsApi" name="test_post_assemble_gif" time="0.317"/>
	<testcase classname="test.tests_light_cells.TestLightCellsApi" name="test_post_assemble_html" time="0.218"/>
	<testcase classname="test.tests_light_cells.TestLightCellsApi" name="test_post_assemble_jpg" time="0.226"/>
	<testcase classname="test.tests_light_cells.TestLightCellsApi" name="test_post_assemble_json" time="0.214"/>
	<testcase classname="test.tests_light_cells.TestLightCellsApi" name="test_post_assemble_md" time="0.214"/>
	<testcase classname="test.tests_light_cells.TestLightCellsApi" name="test_post_assemble_mhtml" time="0.218"/>
	<testcase classname="test.tests_light_cells.TestLightCellsApi" name="test_post_assemble_numbers" time="0.218"/>
	<testcase classname="test.tests_light_cells.TestLightCellsApi" name="test_post_assemble_ods" time="0.216"/>
	<testcase classname="test.tests_light_cells.TestLightCellsApi" name="test_post_assemble_pdf" time="0.222"/>
	<testcase classname="test.tests_light_cells.TestLightCellsApi" name="test_post_assemble_png" time="0.241"/>
	<testcase classname="test.tests_light_cells.TestLightCellsApi" name="test_post_assemble_pptx" time="0.271"/>
	<testcase classname="test.tests_light_cells.TestLightCellsApi" name="test_post_assemble_sql" time="0.213"/>
	<testcase classname="test.tests_light_cells.TestLightCellsApi" name="test_post_assemble_svg" time="0.223"/>
	<testcase classname="test.tests_light_cells.TestLightCellsApi" name="test_post_assemble_tif" time="0.267"/>
	<testcase classname="test.tests_light_cells.TestLightCellsApi" name="test_post_assemble_txt" time="0.218"/>
	<testcase classname="test.tests_light_cells.TestLightCellsApi" name="test_post_assemble_wmf" time="0.269"/>
	<testcase classname="test.tests_light_cells.TestLightCellsApi" name="test_post_assemble_xls" time="0.221"/>
	<testcase classname="test.tests_light_cells.TestLightCellsApi" name="test_post_assemble_xlsb" time="0.221"/>
	<testcase classname="test.tests_light_cells.TestLightCellsApi" name="test_post_assemble_xlsm" time="0.218"/>
	<testcase classname="test.tests_light_cells.TestLightCellsApi" name="test_post_assemble_xlsx" time="0.247"/>
	<testcase classname="test.tests_light_cells.TestLightCellsApi" name="test_post_assemble_xltm" time="0.220"/>
	<testcase classname="test.tests_light_cells.TestLightCellsApi" name="test_post_assemble_xltx" time="0.223"/>
	<testcase classname="test.tests_light_cells.TestLightCellsApi" name="test_post_assemble_xml" time="0.216"/>
	<testcase classname="test.tests_light_cells.TestLightCellsApi" name="test_post_assemble_xps" time="0.230"/>
	<testcase classname="test.tests_light_cells.TestLightCellsApi" name="test_post_clear_objects__background" time="0.307"/>
	<testcase classname="test.tests_light_cells.TestLightCellsApi" name="test_post_clear_objects_chart" time="0.313"/>
	<testcase classname="test.tests_light_cells.TestLightCellsApi" name="test_post_clear_objects_comment" time="0.347"/>
	<testcase classname="test.tests_light_cells.TestLightCellsApi" name="test_post_clear_objects_hyperlink" time="0.312"/>
	<testcase classname="test.tests_light_cells.TestLightCellsApi" name="test_post_clear_objects_listobject" time="0.307"/>
	<testcase classname="test.tests_light_cells.TestLightCellsApi" name="test_post_clear_objects_oleobject" time="0.284"/>
	<testcase classname="test.tests_light_cells.TestLightCellsApi" name="test_post_clear_objects_picture" time="0.348"/>
	<testcase classname="test.tests_light_cells.TestLightCellsApi" name="test_post_clear_objects_pivottable" time="0.319"/>
	<testcase classname="test.tests_light_cells.TestLightCellsApi" name="test_post_clear_objects_shape" time="0.273"/>
	<testcase classname="test.tests_light_cells.TestLightCellsApi" name="test_post_clear_objects_validation" time="0.306"/>
	<testcase classname="test.tests_light_cells.TestLightCellsApi" name="test_post_compress_50" time="0.238"/>
	<testcase classname="test.tests_light_cells.TestLightCellsApi" name="test_post_compress_90" time="0.227"/>
	<testcase classname="test.tests_light_cells.TestLightCellsApi" name="test_post_export_bmp_chart" time="2.023"/>
	<testcase classname="test.tests_light_cells.TestLightCellsApi" name="test_post_export_bmp_listobject" time="1.522"/>
	<testcase classname="test.tests_light_cells.TestLightCellsApi" name="test_post_export_bmp_oleobject" time="0.286"/>
	<testcase classname="test.tests_light_cells.TestLightCellsApi" name="test_post_export_bmp_picture" time="0.491"/>
	<testcase classname="test.tests_light_cells.TestLightCellsApi" name="test_post_export_bmp_workbook" time="34.842"/>
	<testcase classname="test.tests_light_cells.TestLightCellsApi" name="test_post_export_bmp_worksheet" time="16.961"/>
	<testcase classname="test.tests_light_cells.TestLightCellsApi" name="test_post_export_csv_listobject" time="0.600"/>
	<testcase classname="test.tests_light_cells.TestLightCellsApi" name="test_post_export_csv_workbook" time="0.273"/>
	<testcase classname="test.tests_light_cells.TestLightCellsApi" name="test_post_export_csv_worksheet" time="0.253"/>
	<testcase classname="test.tests_light_cells.TestLightCellsApi" name="test_post_export_docx_listobject" time="0.280"/>
	<testcase classname="test.tests_light_cells.TestLightCellsApi" name="test_post_export_docx_workbook" time="0.688"/>
	<testcase classname="test.tests_light_cells.TestLightCellsApi" name="test_post_export_docx_worksheet" time="1.248"/>
	<testcase classname="test.tests_light_cells.TestLightCellsApi" name="test_post_export_emf_chart" time="0.277"/>
	<testcase classname="test.tests_light_cells.TestLightCellsApi" name="test_post_export_emf_listobject" time="0.358"/>
	<testcase classname="test.tests_light_cells.TestLightCellsApi" name="test_post_export_emf_oleobject" time="0.298"/>
	<testcase classname="test.tests_light_cells.TestLightCellsApi" name="test_post_export_emf_picture" time="0.748"/>
	<testcase classname="test.tests_light_cells.TestLightCellsApi" name="test_post_export_emf_workbook" time="32.838"/>
	<testcase classname="test.tests_light_cells.TestLightCellsApi" name="test_post_export_emf_worksheet" time="12.112"/>
	<testcase classname="test.tests_light_cells.TestLightCellsApi" name="test_post_export_gif_chart" time="0.535"/>
	<testcase classname="test.tests_light_cells.TestLightCellsApi" name="test_post_export_gif_listobject" time="0.608"/>
	<testcase classname="test.tests_light_cells.TestLightCellsApi" name="test_post_export_gif_oleobject" time="0.313"/>
	<testcase classname="test.tests_light_cells.TestLightCellsApi" name="test_post_export_gif_picture" time="0.360"/>
	<testcase classname="test.tests_light_cells.TestLightCellsApi" name="test_post_export_gif_workbook" time="4.082"/>
	<testcase classname="test.tests_light_cells.TestLightCellsApi" name="test_post_export_gif_worksheet" time="5.686"/>
	<testcase classname="test.tests_light_cells.TestLightCellsApi" name="test_post_export_html_listobject" time="0.266"/>
	<testcase classname="test.tests_light_cells.TestLightCellsApi" name="test_post_export_html_workbook" time="0.676"/>
	<testcase classname="test.tests_light_cells.TestLightCellsApi" name="test_post_export_html_worksheet" time="0.763"/>
	<testcase classname="test.tests_light_cells.TestLightCellsApi" name="test_post_export_jpg_chart" time="0.311"/>
	<testcase classname="test.tests_light_cells.TestLightCellsApi" name="test_post_export_jpg_listobject" time="0.286"/>
	<testcase classname="test.tests_light_cells.TestLightCellsApi" name="test_post_export_jpg_oleobject" time="0.277"/>
	<testcase classname="test.tests_light_cells.TestLightCellsApi" name="test_post_export_jpg_picture" time="0.293"/>
	<testcase classname="test.tests_light_cells.TestLightCellsApi" name="test_post_export_jpg_workbook" time="1.121"/>
	<testcase classname="test.tests_light_cells.TestLightCellsApi" name="test_post_export_jpg_worksheet" time="0.992"/>
	<testcase classname="test.tests_light_cells.TestLightCellsApi" name="test_post_export_json_listobject" time="0.252"/>
	<testcase classname="test.tests_light_cells.TestLightCellsApi" name="test_post_export_json_workbook" time="0.283"/>
	<testcase classname="test.tests_light_cells.TestLightCellsApi" name="test_post_export_json_worksheet" time="0.267"/>
	<testcase classname="test.tests_light_cells.TestLightCellsApi" name="test_post_export_md_listobject" time="0.245"/>
	<testcase classname="test.tests_light_cells.TestLightCellsApi" name="test_post_export_md_workbook" time="0.269"/>
	<testcase classname="test.tests_light_cells.TestLightCellsApi" name="test_post_export_md_worksheet" time="0.269"/>
	<testcase classname="test.tests_light_cells.TestLightCellsApi" name="test_post_export_mhtml_listobject" time="0.329"/>
	<testcase classname="test.tests_light_cells.TestLightCellsApi" name="test_post_export_mhtml_workbook" time="0.682"/>
	<testcase classname="test.tests_light_cells.TestLightCellsApi" name="test_post_export_mhtml_worksheet" time="0.694"/>
	<testcase classname="test.tests_light_cells.TestLightCellsApi" name="test_post_export_numbers_listobject" time="0.251"/>
	<testcase classname="test.tests_light_cells.TestLightCellsApi" name="test_post_export_numbers_workbook" time="0.320"/>
	<testcase classname="test.tests_light_cells.TestLightCellsApi" name="test_post_export_numbers_worksheet" time="0.322"/>
	<testcase classname="test.tests_light_cells.TestLightCellsApi" name="test_post_export_ods_listobject" time="0.263"/>
	<testcase classname="test.tests_light_cells.TestLightCellsApi" name="test_post_export_ods_workbook" time="0.339"/>
	<testcase classname="test.tests_light_cells.TestLightCellsApi" name="test_post_export_ods_worksheet" time="0.320"/>
	<testcase classname="test.tests_light_cells.TestLightCellsApi" name="test_post_export_pdf_chart" time="0.298"/>
	<testcase classname="test.tests_light_cells.TestLightCellsApi" name="test_post_export_pdf_listobject" time="0.291"/>
	<testcase classname="test.tests_light_cells.TestLightCellsApi" name="test_post_export_pdf_workbook" time="0.399"/>
	<testcase classname="test.tests_light_cells.TestLightCellsApi" name="test_post_export_pdf_worksheet" time="0.426"/>
	<testcase classname="test.tests_light_cells.TestLightCellsApi" name="test_post_export_png_chart" time="0.366"/>
	<testcase classname="test.tests_light_cells.TestLightCellsApi" name="test_post_export_png_listobject" time="0.317"/>
	<testcase classname="test.tests_light_cells.TestLightCellsApi" name="test_post_export_png_oleobject" time="0.265"/>
	<testcase classname="test.tests_light_cells.TestLightCellsApi" name="test_post_export_png_picture" time="0.299"/>
	<testcase classname="test.tests_light_cells.TestLightCellsApi" name="test_post_export_png_workbook" time="1.466"/>
	<testcase classname="test.tests_light_cells.TestLightCellsApi" name="test_post_export_png_worksheet" time="1.503"/>
	<testcase classname="test.tests_light_cells.TestLightCellsApi" name="test_post_export_pptx_listobject" time="0.311"/>
	<testcase classname="test.tests_light_cells.TestLightCellsApi" name="test_post_export_pptx_workbook" time="1.477"/>
	<testcase classname="test.tests_light_cells.TestLightCellsApi" name="test_post_export_pptx_worksheet" time="1.103"/>
	<testcase classname="test.tests_light_cells.TestLightCellsApi" name="test_post_export_sql_listobject" time="0.242"/>
	<testcase classname="test.tests_light_cells.TestLightCellsApi" name="test_post_export_sql_workbook" time="0.261"/>
	<testcase classname="test.tests_light_cells.TestLightCellsApi" name="test_post_export_sql_worksheet" time="0.261"/>
	<testcase classname="test.tests_light_cells.TestLightCellsApi" name="test_post_export_svg_listobject" time="0.275"/>
	<testcase classname="test.tests_light_cells.TestLightCellsApi" name="test_post_export_svg_workbook" time="0.268"/>
	<testcase classname="test.tests_light_cells.TestLightCellsApi" name="test_post_export_svg_worksheet" time="0.602"/>
	<testcase classname="test.tests_light_cells.TestLightCellsApi" name="test_post_export_tif_chart" time="0.347"/>
	<testcase classname="test.tests_light_cells.TestLightCellsApi" name="test_post_export_tif_listobject" time="0.345"/>
	<testcase classname="test.tests_light_cells.TestLightCellsApi" name="test_post_export_tif_workbook" time="1.557"/>
	<testcase classname="test.tests_light_cells.TestLightCellsApi" name="test_post_export_tif_worksheet" time="1.615"/>
	<testcase classname="test.tests_light_cells.TestLightCellsApi" name="test_post_export_txt_listobject" time="0.244"/>
	<testcase classname="test.tests_light_cells.TestLightCellsApi" name="test_post_export_txt_workbook" time="0.246"/>
	<testcase classname="test.tests_light_cells.TestLightCellsApi" name="test_post_export_txt_worksheet" time="0.287"/>
	<testcase classname="test.tests_light_cells.TestLightCellsApi" name="test_post_export_wmf_listobject" time="0.310"/>
	<testcase classname="test.tests_light_cells.TestLightCellsApi" name="test_post_export_wmf_workbook" time="14.655"/>
	<testcase classname="test.tests_light_cells.TestLightCellsApi" name="test_post_export_wmf_worksheet" time="7.367"/>
	<testcase classname="test.tests_light_cells.TestLightCellsApi" name="test_post_export_xls_listobject" time="0.252"/>
	<testcase classname="test.tests_light_cells.TestLightCellsApi" name="test_post_export_xls_workbook" time="0.344"/>
	<testcase classname="test.tests_light_cells.TestLightCellsApi" name="test_post_export_xls_worksheet" time="0.363"/>
	<testcase classname="test.tests_light_cells.TestLightCellsApi" name="test_post_export_xlsb_listobject" time="0.262"/>
	<testcase classname="test.tests_light_cells.TestLightCellsApi" name="test_post_export_xlsb_workbook" time="0.293"/>
	<testcase classname="test.tests_light_cells.TestLightCellsApi" name="test_post_export_xlsb_worksheet" time="0.335"/>
	<testcase classname="test.tests_light_cells.TestLightCellsApi" name="test_post_export_xlsm_listobject" time="0.249"/>
	<testcase classname="test.tests_light_cells.TestLightCellsApi" name="test_post_export_xlsm_workbook" time="0.293"/>
	<testcase classname="test.tests_light_cells.TestLightCellsApi" name="test_post_export_xlsm_worksheet" time="0.323"/>
	<testcase classname="test.tests_light_cells.TestLightCellsApi" name="test_post_export_xlsx_listobject" time="0.256"/>
	<testcase classname="test.tests_light_cells.TestLightCellsApi" name="test_post_export_xlsx_workbook" time="0.288"/>
	<testcase classname="test.tests_light_cells.TestLightCellsApi" name="test_post_export_xlsx_worksheet" time="0.317"/>
	<testcase classname="test.tests_light_cells.TestLightCellsApi" name="test_post_export_xltm_listobject" time="0.252"/>
	<testcase classname="test.tests_light_cells.TestLightCellsApi" name="test_post_export_xltm_workbook" time="0.313"/>
	<testcase classname="test.tests_light_cells.TestLightCellsApi" name="test_post_export_xltm_worksheet" time="0.325"/>
	<testcase classname="test.tests_light_cells.TestLightCellsApi" name="test_post_export_xltx_listobject" time="0.250"/>
	<testcase classname="test.tests_light_cells.TestLightCellsApi" name="test_post_export_xltx_workbook" time="0.291"/>
	<testcase classname="test.tests_light_cells.TestLightCellsApi" name="test_post_export_xltx_worksheet" time="0.321"/>
	<testcase classname="test.tests_light_cells.TestLightCellsApi" name="test_post_export_xml_listobject" time="0.269"/>
	<testcase classname="test.tests_light_cells.TestLightCellsApi" name="test_post_export_xml_workbook" time="0.248"/>
	<testcase classname="test.tests_light_cells.TestLightCellsApi" name="test_post_export_xml_worksheet" time="0.266"/>
	<testcase classname="test.tests_light_cells.TestLightCellsApi" name="test_post_export_xps_listobject" time="0.279"/>
	<testcase classname="test.tests_light_cells.TestLightCellsApi" name="test_post_export_xps_workbook" time="0.435"/>
	<testcase classname="test.tests_light_cells.TestLightCellsApi" name="test_post_export_xps_worksheet" time="0.529"/>
	<testcase classname="test.tests_light_cells.TestLightCellsApi" name="test_post_merge_bmp_true" time="1.349"/>
	<testcase classname="test.tests_light_cells.TestLightCellsApi" name="test_post_merge_csv_true" time="0.213"/>
	<testcase classname="test.tests_light_cells.TestLightCellsApi" name="test_post_merge_docx_false" time="0.254"/>
	<testcase classname="test.tests_light_cells.TestLightCellsApi" name="test_post_merge_emf_true" time="0.239"/>
	<testcase classname="test.tests_light_cells.TestLightCellsApi" name="test_post_merge_gif_true" time="0.272"/>
	<testcase classname="test.tests_light_cells.TestLightCellsApi" name="test_post_merge_html_true" time="0.220"/>
	<testcase classname="test.tests_light_cells.TestLightCellsApi" name="test_post_merge_jpg_true" time="0.223"/>
	<testcase classname="test.tests_light_cells.TestLightCellsApi" name="test_post_merge_json_false" time="0.214"/>
	<testcase classname="test.tests_light_cells.TestLightCellsApi" name="test_post_merge_md_true" time="0.214"/>
	<testcase classname="test.tests_light_cells.TestLightCellsApi" name="test_post_merge_mhtml_true" time="0.222"/>
	<testcase classname="test.tests_light_cells.TestLightCellsApi" name="test_post_merge_numbers_true" time="0.216"/>
	<testcase classname="test.tests_light_cells.TestLightCellsApi" name="test_post_merge_ods_true" time="0.219"/>
	<testcase classname="test.tests_light_cells.TestLightCellsApi" name="test_post_merge_pdf_true" time="0.220"/>
	<testcase classname="test.tests_light_cells.TestLightCellsApi" name="test_post_merge_png_true" time="0.232"/>
	<testcase classname="test.tests_light_cells.TestLightCellsApi" name="test_post_merge_pptx_false" time="0.253"/>
	<testcase classname="test.tests_light_cells.TestLightCellsApi" name="test_post_merge_sql_false" time="0.214"/>
	<testcase classname="test.tests_light_cells.TestLightCellsApi" name="test_post_merge_svg_true" time="0.232"/>
	<testcase classname="test.tests_light_cells.TestLightCellsApi" name="test_post_merge_tif_true" time="0.255"/>
	<testcase classname="test.tests_light_cells.TestLightCellsApi" name="test_post_merge_txt_true" time="0.216"/>
	<testcase classname="test.tests_light_cells.TestLightCellsApi" name="test_post_merge_wmf_true" time="0.244"/>
	<testcase classname="test.tests_light_cells.TestLightCellsApi" name="test_post_merge_xls_true" time="0.214"/>
	<testcase classname="test.tests_light_cells.TestLightCellsApi" name="test_post_merge_xlsb_true" time="0.217"/>
	<testcase classname="test.tests_light_cells.TestLightCellsApi" name="test_post_merge_xlsm_true" time="0.217"/>
	<testcase classname="test.tests_light_cells.TestLightCellsApi" name="test_post_merge_xlsx_true" time="0.220"/>
	<testcase classname="test.tests_light_cells.TestLightCellsApi" name="test_post_merge_xltm_true" time="0.221"/>
	<testcase classname="test.tests_light_cells.TestLightCellsApi" name="test_post_merge_xltx_true" time="0.220"/>
	<testcase classname="test.tests_light_cells.TestLightCellsApi" name="test_post_merge_xml_true" time="0.217"/>
	<testcase classname="test.tests_light_cells.TestLightCellsApi" name="test_post_merge_xps_true" time="0.223"/>
	<testcase classname="test.tests_light_cells.TestLightCellsApi" name="test_post_metadata" time="0.242"/>
	<testcase classname="test.tests_light_cells.TestLightCellsApi" name="test_post_protect" time="0.221"/>
	<testcase classname="test.tests_light_cells.TestLightCellsApi" name="test_post_repair_csv" time="0.246"/>
	<testcase classname="test.tests_light_cells.TestLightCellsApi" name="test_post_repair_pdf" time="0.381"/>
	<testcase classname="test.tests_light_cells.TestLightCellsApi" name="test_post_repair_png" time="1.467"/>
	<testcase classname="test.tests_light_cells.TestLightCellsApi" name="test_post_repair_xlsx" time="0.289"/>
	<testcase classname="test.tests_light_cells.TestLightCellsApi" name="test_post_replace" time="0.220"/>
	<testcase classname="test.tests_light_cells.TestLightCellsApi" name="test_post_replace_only_sheetname" time="0.219"/>
	<testcase classname="test.tests_light_cells.TestLightCellsApi" name="test_post_reverse_both_pdf" time="0.352"/>
	<testcase classname="test.tests_light_cells.TestLightCellsApi" name="test_post_reverse_both_xlsx" time="0.288"/>
	<testcase classname="test.tests_light_cells.TestLightCellsApi" name="test_post_reverse_cols_pdf" time="0.355"/>
	<testcase classname="test.tests_light_cells.TestLightCellsApi" name="test_post_reverse_cols_png" time="1.454"/>
	<testcase classname="test.tests_light_cells.TestLightCellsApi" name="test_post_reverse_rows_csv" time="0.248"/>
	<testcase classname="test.tests_light_cells.TestLightCellsApi" name="test_post_reverse_rows_pdf" time="0.383"/>
	<testcase classname="test.tests_light_cells.TestLightCellsApi" name="test_post_search" time="0.219"/>
	<testcase classname="test.tests_light_cells.TestLightCellsApi" name="test_post_split_bmp" time="0.879"/>
	<testcase classname="test.tests_light_cells.TestLightCellsApi" name="test_post_split_csv" time="0.216"/>
	<testcase classname="test.tests_light_cells.TestLightCellsApi" name="test_post_split_docx" time="0.246"/>
	<testcase classname="test.tests_light_cells.TestLightCellsApi" name="test_post_split_emf" time="0.469"/>
	<testcase classname="test.tests_light_cells.TestLightCellsApi" name="test_post_split_gif" time="0.369"/>
	<testcase classname="test.tests_light_cells.TestLightCellsApi" name="test_post_split_html" time="0.220"/>
	<testcase classname="test.tests_light_cells.TestLightCellsApi" name="test_post_split_jpg" time="0.240"/>
	<testcase classname="test.tests_light_cells.TestLightCellsApi" name="test_post_split_json" time="0.221"/>
	<testcase classname="test.tests_light_cells.TestLightCellsApi" name="test_post_split_md" time="0.214"/>
	<testcase classname="test.tests_light_cells.TestLightCellsApi" name="test_post_split_mhtml" time="0.269"/>
	<testcase classname="test.tests_light_cells.TestLightCellsApi" name="test_post_split_numbers" time="0.224"/>
	<testcase classname="test.tests_light_cells.TestLightCellsApi" name="test_post_split_ods" time="0.221"/>
	<testcase classname="test.tests_light_cells.TestLightCellsApi" name="test_post_split_pdf" time="0.232"/>
	<testcase classname="test.tests_light_cells.TestLightCellsApi" name="test_post_split_png" time="0.277"/>
	<testcase classname="test.tests_light_cells.TestLightCellsApi" name="test_post_split_pptx" time="0.270"/>
	<testcase classname="test.tests_light_cells.TestLightCellsApi" name="test_post_split_sql" time="0.214"/>
	<testcase classname="test.tests_light_cells.TestLightCellsApi" name="test_post_split_svg" time="0.221"/>
	<testcase classname="test.tests_light_cells.TestLightCellsApi" name="test_post_split_tif" time="0.309"/>
	<testcase classname="test.tests_light_cells.TestLightCellsApi" name="test_post_split_txt" time="0.216"/>
	<testcase classname="test.tests_light_cells.TestLightCellsApi" name="test_post_split_wmf" time="0.478"/>
	<testcase classname="test.tests_light_cells.TestLightCellsApi" name="test_post_split_xls" time="0.229"/>
	<testcase classname="test.tests_light_cells.TestLightCellsApi" name="test_post_split_xlsb" time="0.225"/>
	<testcase classname="test.tests_light_cells.TestLightCellsApi" name="test_post_split_xlsm" time="0.224"/>
	<testcase classname="test.tests_light_cells.TestLightCellsApi" name="test_post_split_xlsx" time="0.272"/>
	<testcase classname="test.tests_light_cells.TestLightCellsApi" name="test_post_split_xltm" time="0.232"/>
	<testcase classname="test.tests_light_cells.TestLightCellsApi" name="test_post_split_xltx" time="0.224"/>
	<testcase classname="test.tests_light_cells.TestLightCellsApi" name="test_post_split_xml" time="0.217"/>
	<testcase classname="test.tests_light_cells.TestLightCellsApi" name="test_post_split_xps" time="0.268"/>
	<testcase classname="test.tests_light_cells.TestLightCellsApi" name="test_post_unlock" time="0.592"/>
	<testcase classname="test.tests_light_cells.TestLightCellsApi" name="test_post_watermark" time="0.226"/>
	<testcase classname="test.tests_light_cells.TestLightCellsApi" name="test_delete_metadata" time="0.355"/>
	<testcase classname="test.tests_light_cells.TestLightCellsApi" name="test_get_metadata" time="0.237"/>
	<testcase classname="test.tests_light_cells.TestLightCellsApi" name="test_post_assemble_bmp" time="0.882"/>
	<testcase classname="test.tests_light_cells.TestLightCellsApi" name="test_post_assemble_csv" time="0.215"/>
	<testcase classname="test.tests_light_cells.TestLightCellsApi" name="test_post_assemble_docx" time="0.231"/>
	<testcase classname="test.tests_light_cells.TestLightCellsApi" name="test_post_assemble_emf" time="0.251"/>
	<testcase classname="test.tests_light_cells.TestLightCellsApi" name="test_post_assemble_gif" time="0.289"/>
	<testcase classname="test.tests_light_cells.TestLightCellsApi" name="test_post_assemble_html" time="0.218"/>
	<testcase classname="test.tests_light_cells.TestLightCellsApi" name="test_post_assemble_jpg" time="0.228"/>
	<testcase classname="test.tests_light_cells.TestLightCellsApi" name="test_post_assemble_json" time="0.214"/>
	<testcase classname="test.tests_light_cells.TestLightCellsApi" name="test_post_assemble_md" time="0.215"/>
	<testcase classname="test.tests_light_cells.TestLightCellsApi" name="test_post_assemble_mhtml" time="0.216"/>
	<testcase classname="test.tests_light_cells.TestLightCellsApi" name="test_post_assemble_numbers" time="0.216"/>
	<testcase classname="test.tests_light_cells.TestLightCellsApi" name="test_post_assemble_ods" time="0.218"/>
	<testcase classname="test.tests_light_cells.TestLightCellsApi" name="test_post_assemble_pdf" time="0.228"/>
	<testcase classname="test.tests_light_cells.TestLightCellsApi" name="test_post_assemble_png" time="0.246"/>
	<testcase classname="test.tests_light_cells.TestLightCellsApi" name="test_post_assemble_pptx" time="0.251"/>
	<testcase classname="test.tests_light_cells.TestLightCellsApi" name="test_post_assemble_sql" time="0.217"/>
	<testcase classname="test.tests_light_cells.TestLightCellsApi" name="test_post_assemble_svg" time="0.216"/>
	<testcase classname="test.tests_light_cells.TestLightCellsApi" name="test_post_assemble_tif" time="0.263"/>
	<testcase classname="test.tests_light_cells.TestLightCellsApi" name="test_post_assemble_txt" time="0.224"/>
	<testcase classname="test.tests_light_cells.TestLightCellsApi" name="test_post_assemble_wmf" time="0.281"/>
	<testcase classname="test.tests_light_cells.TestLightCellsApi" name="test_post_assemble_xls" time="0.213"/>
	<testcase classname="test.tests_light_cells.TestLightCellsApi" name="test_post_assemble_xlsb" time="0.221"/>
	<testcase classname="test.tests_light_cells.TestLightCellsApi" name="test_post_assemble_xlsm" time="0.221"/>
	<testcase classname="test.tests_light_cells.TestLightCellsApi" name="test_post_assemble_xlsx" time="0.216"/>
	<testcase classname="test.tests_light_cells.TestLightCellsApi" name="test_post_assemble_xltm" time="0.236"/>
	<testcase classname="test.tests_light_cells.TestLightCellsApi" name="test_post_assemble_xltx" time="0.242"/>
	<testcase classname="test.tests_light_cells.TestLightCellsApi" name="test_post_assemble_xml" time="0.218"/>
	<testcase classname="test.tests_light_cells.TestLightCellsApi" name="test_post_assemble_xps" time="0.225"/>
	<testcase classname="test.tests_light_cells.TestLightCellsApi" name="test_post_clear_objects__background" time="0.285"/>
	<testcase classname="test.tests_light_cells.TestLightCellsApi" name="test_post_clear_objects_chart" time="0.296"/>
	<testcase classname="test.tests_light_cells.TestLightCellsApi" name="test_post_clear_objects_comment" time="0.490"/>
	<testcase classname="test.tests_light_cells.TestLightCellsApi" name="test_post_clear_objects_hyperlink" time="0.297"/>
	<testcase classname="test.tests_light_cells.TestLightCellsApi" name="test_post_clear_objects_listobject" time="0.310"/>
	<testcase classname="test.tests_light_cells.TestLightCellsApi" name="test_post_clear_objects_oleobject" time="0.305"/>
	<testcase classname="test.tests_light_cells.TestLightCellsApi" name="test_post_clear_objects_picture" time="0.281"/>
	<testcase classname="test.tests_light_cells.TestLightCellsApi" name="test_post_clear_objects_pivottable" time="0.293"/>
	<testcase classname="test.tests_light_cells.TestLightCellsApi" name="test_post_clear_objects_shape" time="0.292"/>
	<testcase classname="test.tests_light_cells.TestLightCellsApi" name="test_post_clear_objects_validation" time="0.296"/>
	<testcase classname="test.tests_light_cells.TestLightCellsApi" name="test_post_compress_50" time="0.226"/>
	<testcase classname="test.tests_light_cells.TestLightCellsApi" name="test_post_compress_90" time="0.220"/>
	<testcase classname="test.tests_light_cells.TestLightCellsApi" name="test_post_export_bmp_chart" time="2.431"/>
	<testcase classname="test.tests_light_cells.TestLightCellsApi" name="test_post_export_bmp_listobject" time="1.793"/>
	<testcase classname="test.tests_light_cells.TestLightCellsApi" name="test_post_export_bmp_oleobject" time="0.490"/>
	<testcase classname="test.tests_light_cells.TestLightCellsApi" name="test_post_export_bmp_picture" time="0.483"/>
	<testcase classname="test.tests_light_cells.TestLightCellsApi" name="test_post_export_bmp_workbook" time="46.177"/>
	<testcase classname="test.tests_light_cells.TestLightCellsApi" name="test_post_export_bmp_worksheet" time="23.734"/>
	<testcase classname="test.tests_light_cells.TestLightCellsApi" name="test_post_export_csv_listobject" time="0.367"/>
	<testcase classname="test.tests_light_cells.TestLightCellsApi" name="test_post_export_csv_workbook" time="0.279"/>
	<testcase classname="test.tests_light_cells.TestLightCellsApi" name="test_post_export_csv_worksheet" time="0.282"/>
	<testcase classname="test.tests_light_cells.TestLightCellsApi" name="test_post_export_docx_listobject" time="0.283"/>
	<testcase classname="test.tests_light_cells.TestLightCellsApi" name="test_post_export_docx_workbook" time="0.707"/>
	<testcase classname="test.tests_light_cells.TestLightCellsApi" name="test_post_export_docx_worksheet" time="1.016"/>
	<testcase classname="test.tests_light_cells.TestLightCellsApi" name="test_post_export_emf_chart" time="0.413"/>
	<testcase classname="test.tests_light_cells.TestLightCellsApi" name="test_post_export_emf_listobject" time="0.322"/>
	<testcase classname="test.tests_light_cells.TestLightCellsApi" name="test_post_export_emf_oleobject" time="0.302"/>
	<testcase classname="test.tests_light_cells.TestLightCellsApi" name="test_post_export_emf_picture" time="0.703"/>
	<testcase classname="test.tests_light_cells.TestLightCellsApi" name="test_post_export_emf_workbook" time="38.599"/>
	<testcase classname="test.tests_light_cells.TestLightCellsApi" name="test_post_export_emf_worksheet" time="20.183"/>
	<testcase classname="test.tests_light_cells.TestLightCellsApi" name="test_post_export_gif_chart" time="0.533"/>
	<testcase classname="test.tests_light_cells.TestLightCellsApi" name="test_post_export_gif_listobject" time="0.470"/>
	<testcase classname="test.tests_light_cells.TestLightCellsApi" name="test_post_export_gif_oleobject" time="0.281"/>
	<testcase classname="test.tests_light_cells.TestLightCellsApi" name="test_post_export_gif_picture" time="0.313"/>
	<testcase classname="test.tests_light_cells.TestLightCellsApi" name="test_post_export_gif_workbook" time="4.049"/>
	<testcase classname="test.tests_light_cells.TestLightCellsApi" name="test_post_export_gif_worksheet" time="4.077"/>
	<testcase classname="test.tests_light_cells.TestLightCellsApi" name="test_post_export_html_listobject" time="0.251"/>
	<testcase classname="test.tests_light_cells.TestLightCellsApi" name="test_post_export_html_workbook" time="0.898"/>
	<testcase classname="test.tests_light_cells.TestLightCellsApi" name="test_post_export_html_worksheet" time="1.051"/>
	<testcase classname="test.tests_light_cells.TestLightCellsApi" name="test_post_export_jpg_chart" time="0.510"/>
	<testcase classname="test.tests_light_cells.TestLightCellsApi" name="test_post_export_jpg_listobject" time="0.283"/>
	<testcase classname="test.tests_light_cells.TestLightCellsApi" name="test_post_export_jpg_oleobject" time="0.287"/>
	<testcase classname="test.tests_light_cells.TestLightCellsApi" name="test_post_export_jpg_picture" time="0.328"/>
	<testcase classname="test.tests_light_cells.TestLightCellsApi" name="test_post_export_jpg_workbook" time="1.472"/>
	<testcase classname="test.tests_light_cells.TestLightCellsApi" name="test_post_export_jpg_worksheet" time="1.172"/>
	<testcase classname="test.tests_light_cells.TestLightCellsApi" name="test_post_export_json_listobject" time="0.241"/>
	<testcase classname="test.tests_light_cells.TestLightCellsApi" name="test_post_export_json_workbook" time="0.243"/>
	<testcase classname="test.tests_light_cells.TestLightCellsApi" name="test_post_export_json_worksheet" time="0.271"/>
	<testcase classname="test.tests_light_cells.TestLightCellsApi" name="test_post_export_md_listobject" time="0.251"/>
	<testcase classname="test.tests_light_cells.TestLightCellsApi" name="test_post_export_md_workbook" time="0.256"/>
	<testcase classname="test.tests_light_cells.TestLightCellsApi" name="test_post_export_md_worksheet" time="0.260"/>
	<testcase classname="test.tests_light_cells.TestLightCellsApi" name="test_post_export_mhtml_listobject" time="0.263"/>
	<testcase classname="test.tests_light_cells.TestLightCellsApi" name="test_post_export_mhtml_workbook" time="0.881"/>
	<testcase classname="test.tests_light_cells.TestLightCellsApi" name="test_post_export_mhtml_worksheet" time="1.074"/>
	<testcase classname="test.tests_light_cells.TestLightCellsApi" name="test_post_export_numbers_listobject" time="0.286"/>
	<testcase classname="test.tests_light_cells.TestLightCellsApi" name="test_post_export_numbers_workbook" time="0.509"/>
	<testcase classname="test.tests_light_cells.TestLightCellsApi" name="test_post_export_numbers_worksheet" time="0.521"/>
	<testcase classname="test.tests_light_cells.TestLightCellsApi" name="test_post_export_ods_listobject" time="0.244"/>
	<testcase classname="test.tests_light_cells.TestLightCellsApi" name="test_post_export_ods_workbook" time="0.294"/>
	<testcase classname="test.tests_light_cells.TestLightCellsApi" name="test_post_export_ods_worksheet" time="0.519"/>
	<testcase classname="test.tests_light_cells.TestLightCellsApi" name="test_post_export_pdf_chart" time="0.371"/>
	<testcase classname="test.tests_light_cells.TestLightCellsApi" name="test_post_export_pdf_listobject" time="0.257"/>
	<testcase classname="test.tests_light_cells.TestLightCellsApi" name="test_post_export_pdf_workbook" time="0.604"/>
	<testcase classname="test.tests_light_cells.TestLightCellsApi" name="test_post_export_pdf_worksheet" time="0.648"/>
	<testcase classname="test.tests_light_cells.TestLightCellsApi" name="test_post_export_png_chart" time="0.344"/>
	<testcase classname="test.tests_light_cells.TestLightCellsApi" name="test_post_export_png_listobject" time="0.330"/>
	<testcase classname="test.tests_light_cells.TestLightCellsApi" name="test_post_export_png_oleobject" time="0.266"/>
	<testcase classname="test.tests_light_cells.TestLightCellsApi" name="test_post_export_png_picture" time="0.320"/>
	<testcase classname="test.tests_light_cells.TestLightCellsApi" name="test_post_export_png_workbook" time="1.896"/>
	<testcase classname="test.tests_light_cells.TestLightCellsApi" name="test_post_export_png_worksheet" time="1.672"/>
	<testcase classname="test.tests_light_cells.TestLightCellsApi" name="test_post_export_pptx_listobject" time="0.297"/>
	<testcase classname="test.tests_light_cells.TestLightCellsApi" name="test_post_export_pptx_workbook" time="1.227"/>
	<testcase classname="test.tests_light_cells.TestLightCellsApi" name="test_post_export_pptx_worksheet" time="1.528"/>
	<testcase classname="test.tests_light_cells.TestLightCellsApi" name="test_post_export_sql_listobject" time="0.248"/>
	<testcase classname="test.tests_light_cells.TestLightCellsApi" name="test_post_export_sql_workbook" time="0.261"/>
	<testcase classname="test.tests_light_cells.TestLightCellsApi" name="test_post_export_sql_worksheet" time="0.259"/>
	<testcase classname="test.tests_light_cells.TestLightCellsApi" name="test_post_export_svg_listobject" time="0.267"/>
	<testcase classname="test.tests_light_cells.TestLightCellsApi" name="test_post_export_svg_workbook" time="0.312"/>
	<testcase classname="test.tests_light_cells.TestLightCellsApi" name="test_post_export_svg_worksheet" time="0.968"/>
	<testcase classname="test.tests_light_cells.TestLightCellsApi" name="test_post_export_tif_chart" time="0.354"/>
	<testcase classname="test.tests_light_cells.TestLightCellsApi" name="test_post_export_tif_listobject" time="0.356"/>
	<testcase classname="test.tests_light_cells.TestLightCellsApi" name="test_post_export_tif_workbook" time="2.225"/>
	<testcase classname="test.tests_light_cells.TestLightCellsApi" name="test_post_export_tif_worksheet" time="2.225"/>
	<testcase classname="test.tests_light_cells.TestLightCellsApi" name="test_post_export_txt_listobject" time="0.282"/>
	<testcase classname="test.tests_light_cells.TestLightCellsApi" name="test_post_export_txt_workbook" time="0.246"/>
	<testcase classname="test.tests_light_cells.TestLightCellsApi" name="test_post_export_txt_worksheet" time="0.266"/>
	<testcase classname="test.tests_light_cells.TestLightCellsApi" name="test_post_export_wmf_listobject" time="0.315"/>
	<testcase classname="test.tests_light_cells.TestLightCellsApi" name="test_post_export_wmf_workbook" time="35.382"/>
	<testcase classname="test.tests_light_cells.TestLightCellsApi" name="test_post_export_wmf_worksheet" time="14.599"/>
	<testcase classname="test.tests_light_cells.TestLightCellsApi" name="test_post_export_xls_listobject" time="0.264"/>
	<testcase classname="test.tests_light_cells.TestLightCellsApi" name="test_post_export_xls_workbook" time="0.294"/>
	<testcase classname="test.tests_light_cells.TestLightCellsApi" name="test_post_export_xls_worksheet" time="0.330"/>
	<testcase classname="test.tests_light_cells.TestLightCellsApi" name="test_post_export_xlsb_listobject" time="0.247"/>
	<testcase classname="test.tests_light_cells.TestLightCellsApi" name="test_post_export_xlsb_workbook" time="0.362"/>
	<testcase classname="test.tests_light_cells.TestLightCellsApi" name="test_post_export_xlsb_worksheet" time="0.342"/>
	<testcase classname="test.tests_light_cells.TestLightCellsApi" name="test_post_export_xlsm_listobject" time="0.245"/>
	<testcase classname="test.tests_light_cells.TestLightCellsApi" name="test_post_export_xlsm_workbook" time="0.295"/>
	<testcase classname="test.tests_light_cells.TestLightCellsApi" name="test_post_export_xlsm_worksheet" time="0.323"/>
	<testcase classname="test.tests_light_cells.TestLightCellsApi" name="test_post_export_xlsx_listobject" time="0.272"/>
	<testcase classname="test.tests_light_cells.TestLightCellsApi" name="test_post_export_xlsx_workbook" time="0.340"/>
	<testcase classname="test.tests_light_cells.TestLightCellsApi" name="test_post_export_xlsx_worksheet" time="0.391"/>
	<testcase classname="test.tests_light_cells.TestLightCellsApi" name="test_post_export_xltm_listobject" time="0.276"/>
	<testcase classname="test.tests_light_cells.TestLightCellsApi" name="test_post_export_xltm_workbook" time="0.315"/>
	<testcase classname="test.tests_light_cells.TestLightCellsApi" name="test_post_export_xltm_worksheet" time="0.369"/>
	<testcase classname="test.tests_light_cells.TestLightCellsApi" name="test_post_export_xltx_listobject" time="0.262"/>
	<testcase classname="test.tests_light_cells.TestLightCellsApi" name="test_post_export_xltx_workbook" time="0.300"/>
	<testcase classname="test.tests_light_cells.TestLightCellsApi" name="test_post_export_xltx_worksheet" time="0.365"/>
	<testcase classname="test.tests_light_cells.TestLightCellsApi" name="test_post_export_xml_listobject" time="0.247"/>
	<testcase classname="test.tests_light_cells.TestLightCellsApi" name="test_post_export_xml_workbook" time="0.242"/>
	<testcase classname="test.tests_light_cells.TestLightCellsApi" name="test_post_export_xml_worksheet" time="0.272"/>
	<testcase classname="test.tests_light_cells.TestLightCellsApi" name="test_post_export_xps_listobject" time="0.338"/>
	<testcase classname="test.tests_light_cells.TestLightCellsApi" name="test_post_export_xps_workbook" time="0.424"/>
	<testcase classname="test.tests_light_cells.TestLightCellsApi" name="test_post_export_xps_worksheet" time="0.694"/>
	<testcase classname="test.tests_light_cells.TestLightCellsApi" name="test_post_merge_bmp_true" time="0.466"/>
	<testcase classname="test.tests_light_cells.TestLightCellsApi" name="test_post_merge_csv_true" time="0.217"/>
	<testcase classname="test.tests_light_cells.TestLightCellsApi" name="test_post_merge_docx_false" time="0.225"/>
	<testcase classname="test.tests_light_cells.TestLightCellsApi" name="test_post_merge_emf_true" time="0.245"/>
	<testcase classname="test.tests_light_cells.TestLightCellsApi" name="test_post_merge_gif_true" time="0.260"/>
	<testcase classname="test.tests_light_cells.TestLightCellsApi" name="test_post_merge_html_true" time="0.216"/>
	<testcase classname="test.tests_light_cells.TestLightCellsApi" name="test_post_merge_jpg_true" time="0.251"/>
	<testcase classname="test.tests_light_cells.TestLightCellsApi" name="test_post_merge_json_false" time="0.217"/>
	<testcase classname="test.tests_light_cells.TestLightCellsApi" name="test_post_merge_md_true" time="0.217"/>
	<testcase classname="test.tests_light_cells.TestLightCellsApi" name="test_post_merge_mhtml_true" time="0.219"/>
	<testcase classname="test.tests_light_cells.TestLightCellsApi" name="test_post_merge_numbers_true" time="0.224"/>
	<testcase classname="test.tests_light_cells.TestLightCellsApi" name="test_post_merge_ods_true" time="0.219"/>
	<testcase classname="test.tests_light_cells.TestLightCellsApi" name="test_post_merge_pdf_true" time="0.220"/>
	<testcase classname="test.tests_light_cells.TestLightCellsApi" name="test_post_merge_png_true" time="0.230"/>
	<testcase classname="test.tests_light_cells.TestLightCellsApi" name="test_post_merge_pptx_false" time="0.245"/>
	<testcase classname="test.tests_light_cells.TestLightCellsApi" name="test_post_merge_sql_false" time="0.216"/>
	<testcase classname="test.tests_light_cells.TestLightCellsApi" name="test_post_merge_svg_true" time="0.225"/>
	<testcase classname="test.tests_light_cells.TestLightCellsApi" name="test_post_merge_tif_true" time="0.260"/>
	<testcase classname="test.tests_light_cells.TestLightCellsApi" name="test_post_merge_txt_true" time="0.213"/>
	<testcase classname="test.tests_light_cells.TestLightCellsApi" name="test_post_merge_wmf_true" time="0.240"/>
	<testcase classname="test.tests_light_cells.TestLightCellsApi" name="test_post_merge_xls_true" time="0.214"/>
	<testcase classname="test.tests_light_cells.TestLightCellsApi" name="test_post_merge_xlsb_true" time="0.217"/>
	<testcase classname="test.tests_light_cells.TestLightCellsApi" name="test_post_merge_xlsm_true" time="0.228"/>
	<testcase classname="test.tests_light_cells.TestLightCellsApi" name="test_post_merge_xlsx_true" time="0.217"/>
	<testcase classname="test.tests_light_cells.TestLightCellsApi" name="test_post_merge_xltm_true" time="0.214"/>
	<testcase classname="test.tests_light_cells.TestLightCellsApi" name="test_post_merge_xltx_true" time="0.221"/>
	<testcase classname="test.tests_light_cells.TestLightCellsApi" name="test_post_merge_xml_true" time="0.211"/>
	<testcase classname="test.tests_light_cells.TestLightCellsApi" name="test_post_merge_xps_true" time="0.222"/>
	<testcase classname="test.tests_light_cells.TestLightCellsApi" name="test_post_metadata" time="0.242"/>
	<testcase classname="test.tests_light_cells.TestLightCellsApi" name="test_post_protect" time="0.223"/>
	<testcase classname="test.tests_light_cells.TestLightCellsApi" name="test_post_repair_csv" time="0.252"/>
	<testcase classname="test.tests_light_cells.TestLightCellsApi" name="test_post_repair_pdf" time="0.385"/>
	<testcase classname="test.tests_light_cells.TestLightCellsApi" name="test_post_repair_png" time="1.619"/>
	<testcase classname="test.tests_light_cells.TestLightCellsApi" name="test_post_repair_xlsx" time="0.288"/>
	<testcase classname="test.tests_light_cells.TestLightCellsApi" name="test_post_replace" time="0.219"/>
	<testcase classname="test.tests_light_cells.TestLightCellsApi" name="test_post_replace_only_sheetname" time="0.223"/>
	<testcase classname="test.tests_light_cells.TestLightCellsApi" name="test_post_reverse_both_pdf" time="0.368"/>
	<testcase classname="test.tests_light_cells.TestLightCellsApi" name="test_post_reverse_both_xlsx" time="0.288"/>
	<testcase classname="test.tests_light_cells.TestLightCellsApi" name="test_post_reverse_cols_pdf" time="0.372"/>
	<testcase classname="test.tests_light_cells.TestLightCellsApi" name="test_post_reverse_cols_png" time="1.509"/>
	<testcase classname="test.tests_light_cells.TestLightCellsApi" name="test_post_reverse_rows_csv" time="0.261"/>
	<testcase classname="test.tests_light_cells.TestLightCellsApi" name="test_post_reverse_rows_pdf" time="0.384"/>
	<testcase classname="test.tests_light_cells.TestLightCellsApi" name="test_post_search" time="0.214"/>
	<testcase classname="test.tests_light_cells.TestLightCellsApi" name="test_post_split_bmp" time="0.946"/>
	<testcase classname="test.tests_light_cells.TestLightCellsApi" name="test_post_split_csv" time="0.216"/>
	<testcase classname="test.tests_light_cells.TestLightCellsApi" name="test_post_split_docx" time="0.228"/>
	<testcase classname="test.tests_light_cells.TestLightCellsApi" name="test_post_split_emf" time="0.308"/>
	<testcase classname="test.tests_light_cells.TestLightCellsApi" name="test_post_split_gif" time="0.340"/>
	<testcase classname="test.tests_light_cells.TestLightCellsApi" name="test_post_split_html" time="0.217"/>
	<testcase classname="test.tests_light_cells.TestLightCellsApi" name="test_post_split_jpg" time="0.237"/>
	<testcase classname="test.tests_light_cells.TestLightCellsApi" name="test_post_split_json" time="0.219"/>
	<testcase classname="test.tests_light_cells.TestLightCellsApi" name="test_post_split_md" time="0.214"/>
	<testcase classname="test.tests_light_cells.TestLightCellsApi" name="test_post_split_mhtml" time="0.243"/>
	<testcase classname="test.tests_light_cells.TestLightCellsApi" name="test_post_split_numbers" time="0.219"/>
	<testcase classname="test.tests_light_cells.TestLightCellsApi" name="test_post_split_ods" time="0.222"/>
	<testcase classname="test.tests_light_cells.TestLightCellsApi" name="test_post_split_pdf" time="0.232"/>
	<testcase classname="test.tests_light_cells.TestLightCellsApi" name="test_post_split_png" time="0.254"/>
	<testcase classname="test.tests_light_cells.TestLightCellsApi" name="test_post_split_pptx" time="0.251"/>
	<testcase classname="test.tests_light_cells.TestLightCellsApi" name="test_post_split_sql" time="0.229"/>
	<testcase classname="test.tests_light_cells.TestLightCellsApi" name="test_post_split_svg" time="0.215"/>
	<testcase classname="test.tests_light_cells.TestLightCellsApi" name="test_post_split_tif" time="0.314"/>
	<testcase classname="test.tests_light_cells.TestLightCellsApi" name="test_post_split_txt" time="0.354"/>
	<testcase classname="test.tests_light_cells.TestLightCellsApi" name="test_post_split_wmf" time="0.271"/>
	<testcase classname="test.tests_light_cells.TestLightCellsApi" name="test_post_split_xls" time="0.222"/>
	<testcase classname="test.tests_light_cells.TestLightCellsApi" name="test_post_split_xlsb" time="0.235"/>
	<testcase classname="test.tests_light_cells.TestLightCellsApi" name="test_post_split_xlsm" time="0.224"/>
	<testcase classname="test.tests_light_cells.TestLightCellsApi" name="test_post_split_xlsx" time="0.232"/>
	<testcase classname="test.tests_light_cells.TestLightCellsApi" name="test_post_split_xltm" time="0.230"/>
	<testcase classname="test.tests_light_cells.TestLightCellsApi" name="test_post_split_xltx" time="0.222"/>
	<testcase classname="test.tests_light_cells.TestLightCellsApi" name="test_post_split_xml" time="0.213"/>
	<testcase classname="test.tests_light_cells.TestLightCellsApi" name="test_post_split_xps" time="0.266"/>
	<testcase classname="test.tests_light_cells.TestLightCellsApi" name="test_post_unlock" time="0.558"/>
	<testcase classname="test.tests_light_cells.TestLightCellsApi" name="test_post_watermark" time="0.223"/>
	<system-out><![CDATA[]]></system-out>
	<system-err><![CDATA[]]></system-err>
</testsuite>
