<?xml version="1.0" ?>
<testsuite name="test.tests_workbook_controller.TestWorkbookControllerApi-20230919143131" tests="96" time="82.833" failures="0" errors="0">
	<testcase classname="test.tests_workbook_controller.TestWorkbookControllerApi" name="test_delete_decrypt_workbook" time="1.730"/>
	<testcase classname="test.tests_workbook_controller.TestWorkbookControllerApi" name="test_delete_document_un_protect_from_changes" time="0.920"/>
	<testcase classname="test.tests_workbook_controller.TestWorkbookControllerApi" name="test_delete_un_protect_workbook" time="0.787"/>
	<testcase classname="test.tests_workbook_controller.TestWorkbookControllerApi" name="test_delete_workbook_background" time="0.826"/>
	<testcase classname="test.tests_workbook_controller.TestWorkbookControllerApi" name="test_delete_workbook_name" time="0.816"/>
	<testcase classname="test.tests_workbook_controller.TestWorkbookControllerApi" name="test_delete_workbook_names" time="0.835"/>
	<testcase classname="test.tests_workbook_controller.TestWorkbookControllerApi" name="test_get_page_count" time="0.641"/>
	<testcase classname="test.tests_workbook_controller.TestWorkbookControllerApi" name="test_get_workbook_default_style" time="0.604"/>
	<testcase classname="test.tests_workbook_controller.TestWorkbookControllerApi" name="test_get_workbook_name" time="0.628"/>
	<testcase classname="test.tests_workbook_controller.TestWorkbookControllerApi" name="test_get_workbook_name_value" time="0.637"/>
	<testcase classname="test.tests_workbook_controller.TestWorkbookControllerApi" name="test_get_workbook_names" time="0.594"/>
	<testcase classname="test.tests_workbook_controller.TestWorkbookControllerApi" name="test_get_workbook_settings" time="0.626"/>
	<testcase classname="test.tests_workbook_controller.TestWorkbookControllerApi" name="test_get_workbook_text_items" time="0.629"/>
	<testcase classname="test.tests_workbook_controller.TestWorkbookControllerApi" name="test_post_autofit_workbook_columns" time="0.806"/>
	<testcase classname="test.tests_workbook_controller.TestWorkbookControllerApi" name="test_post_autofit_workbook_rows" time="0.747"/>
	<testcase classname="test.tests_workbook_controller.TestWorkbookControllerApi" name="test_post_digital_signature" time="1.081"/>
	<testcase classname="test.tests_workbook_controller.TestWorkbookControllerApi" name="test_post_encrypt_workbook" time="0.707"/>
	<testcase classname="test.tests_workbook_controller.TestWorkbookControllerApi" name="test_post_import_data" time="0.803"/>
	<testcase classname="test.tests_workbook_controller.TestWorkbookControllerApi" name="test_post_protect_workbook" time="0.715"/>
	<testcase classname="test.tests_workbook_controller.TestWorkbookControllerApi" name="test_post_workbook_calculate_formula" time="0.930"/>
	<testcase classname="test.tests_workbook_controller.TestWorkbookControllerApi" name="test_post_workbook_get_smart_marker_result" time="1.109"/>
	<testcase classname="test.tests_workbook_controller.TestWorkbookControllerApi" name="test_post_workbook_name" time="0.900"/>
	<testcase classname="test.tests_workbook_controller.TestWorkbookControllerApi" name="test_post_workbook_settings" time="0.875"/>
	<testcase classname="test.tests_workbook_controller.TestWorkbookControllerApi" name="test_post_workbook_split" time="1.525"/>
	<testcase classname="test.tests_workbook_controller.TestWorkbookControllerApi" name="test_post_workbook_text_replace" time="0.642"/>
	<testcase classname="test.tests_workbook_controller.TestWorkbookControllerApi" name="test_post_workbooks_merge" time="1.250"/>
	<testcase classname="test.tests_workbook_controller.TestWorkbookControllerApi" name="test_post_workbooks_text_search" time="0.573"/>
	<testcase classname="test.tests_workbook_controller.TestWorkbookControllerApi" name="test_put_document_protect_from_changes" time="0.790"/>
	<testcase classname="test.tests_workbook_controller.TestWorkbookControllerApi" name="test_put_workbook_background" time="1.063"/>
	<testcase classname="test.tests_workbook_controller.TestWorkbookControllerApi" name="test_put_workbook_create" time="1.185"/>
	<testcase classname="test.tests_workbook_controller.TestWorkbookControllerApi" name="test_put_workbook_name" time="0.802"/>
	<testcase classname="test.tests_workbook_controller.TestWorkbookControllerApi" name="test_put_workbook_water_marker" time="0.747"/>
	<testcase classname="test.tests_workbook_controller.TestWorkbookControllerApi" name="test_delete_decrypt_workbook" time="0.783"/>
	<testcase classname="test.tests_workbook_controller.TestWorkbookControllerApi" name="test_delete_document_un_protect_from_changes" time="0.835"/>
	<testcase classname="test.tests_workbook_controller.TestWorkbookControllerApi" name="test_delete_un_protect_workbook" time="0.739"/>
	<testcase classname="test.tests_workbook_controller.TestWorkbookControllerApi" name="test_delete_workbook_background" time="0.836"/>
	<testcase classname="test.tests_workbook_controller.TestWorkbookControllerApi" name="test_delete_workbook_name" time="0.829"/>
	<testcase classname="test.tests_workbook_controller.TestWorkbookControllerApi" name="test_delete_workbook_names" time="0.844"/>
	<testcase classname="test.tests_workbook_controller.TestWorkbookControllerApi" name="test_get_page_count" time="0.549"/>
	<testcase classname="test.tests_workbook_controller.TestWorkbookControllerApi" name="test_get_workbook_default_style" time="0.570"/>
	<testcase classname="test.tests_workbook_controller.TestWorkbookControllerApi" name="test_get_workbook_name" time="0.570"/>
	<testcase classname="test.tests_workbook_controller.TestWorkbookControllerApi" name="test_get_workbook_name_value" time="0.693"/>
	<testcase classname="test.tests_workbook_controller.TestWorkbookControllerApi" name="test_get_workbook_names" time="0.774"/>
	<testcase classname="test.tests_workbook_controller.TestWorkbookControllerApi" name="test_get_workbook_settings" time="0.782"/>
	<testcase classname="test.tests_workbook_controller.TestWorkbookControllerApi" name="test_get_workbook_text_items" time="0.597"/>
	<testcase classname="test.tests_workbook_controller.TestWorkbookControllerApi" name="test_post_autofit_workbook_columns" time="0.669"/>
	<testcase classname="test.tests_workbook_controller.TestWorkbookControllerApi" name="test_post_autofit_workbook_rows" time="0.958"/>
	<testcase classname="test.tests_workbook_controller.TestWorkbookControllerApi" name="test_post_digital_signature" time="1.211"/>
	<testcase classname="test.tests_workbook_controller.TestWorkbookControllerApi" name="test_post_encrypt_workbook" time="0.800"/>
	<testcase classname="test.tests_workbook_controller.TestWorkbookControllerApi" name="test_post_import_data" time="0.846"/>
	<testcase classname="test.tests_workbook_controller.TestWorkbookControllerApi" name="test_post_protect_workbook" time="0.861"/>
	<testcase classname="test.tests_workbook_controller.TestWorkbookControllerApi" name="test_post_workbook_calculate_formula" time="0.794"/>
	<testcase classname="test.tests_workbook_controller.TestWorkbookControllerApi" name="test_post_workbook_get_smart_marker_result" time="1.126"/>
	<testcase classname="test.tests_workbook_controller.TestWorkbookControllerApi" name="test_post_workbook_name" time="0.739"/>
	<testcase classname="test.tests_workbook_controller.TestWorkbookControllerApi" name="test_post_workbook_settings" time="0.782"/>
	<testcase classname="test.tests_workbook_controller.TestWorkbookControllerApi" name="test_post_workbook_split" time="1.603"/>
	<testcase classname="test.tests_workbook_controller.TestWorkbookControllerApi" name="test_post_workbook_text_replace" time="0.751"/>
	<testcase classname="test.tests_workbook_controller.TestWorkbookControllerApi" name="test_post_workbooks_merge" time="1.435"/>
	<testcase classname="test.tests_workbook_controller.TestWorkbookControllerApi" name="test_post_workbooks_text_search" time="0.640"/>
	<testcase classname="test.tests_workbook_controller.TestWorkbookControllerApi" name="test_put_document_protect_from_changes" time="0.977"/>
	<testcase classname="test.tests_workbook_controller.TestWorkbookControllerApi" name="test_put_workbook_background" time="1.053"/>
	<testcase classname="test.tests_workbook_controller.TestWorkbookControllerApi" name="test_put_workbook_create" time="1.132"/>
	<testcase classname="test.tests_workbook_controller.TestWorkbookControllerApi" name="test_put_workbook_name" time="0.828"/>
	<testcase classname="test.tests_workbook_controller.TestWorkbookControllerApi" name="test_put_workbook_water_marker" time="0.733"/>
	<testcase classname="test.tests_workbook_controller.TestWorkbookControllerApi" name="test_delete_decrypt_workbook" time="0.821"/>
	<testcase classname="test.tests_workbook_controller.TestWorkbookControllerApi" name="test_delete_document_un_protect_from_changes" time="0.734"/>
	<testcase classname="test.tests_workbook_controller.TestWorkbookControllerApi" name="test_delete_un_protect_workbook" time="0.801"/>
	<testcase classname="test.tests_workbook_controller.TestWorkbookControllerApi" name="test_delete_workbook_background" time="0.810"/>
	<testcase classname="test.tests_workbook_controller.TestWorkbookControllerApi" name="test_delete_workbook_name" time="0.868"/>
	<testcase classname="test.tests_workbook_controller.TestWorkbookControllerApi" name="test_delete_workbook_names" time="1.055"/>
	<testcase classname="test.tests_workbook_controller.TestWorkbookControllerApi" name="test_get_page_count" time="0.548"/>
	<testcase classname="test.tests_workbook_controller.TestWorkbookControllerApi" name="test_get_workbook_default_style" time="0.601"/>
	<testcase classname="test.tests_workbook_controller.TestWorkbookControllerApi" name="test_get_workbook_name" time="0.662"/>
	<testcase classname="test.tests_workbook_controller.TestWorkbookControllerApi" name="test_get_workbook_name_value" time="0.597"/>
	<testcase classname="test.tests_workbook_controller.TestWorkbookControllerApi" name="test_get_workbook_names" time="0.586"/>
	<testcase classname="test.tests_workbook_controller.TestWorkbookControllerApi" name="test_get_workbook_settings" time="0.694"/>
	<testcase classname="test.tests_workbook_controller.TestWorkbookControllerApi" name="test_get_workbook_text_items" time="0.546"/>
	<testcase classname="test.tests_workbook_controller.TestWorkbookControllerApi" name="test_post_autofit_workbook_columns" time="0.850"/>
	<testcase classname="test.tests_workbook_controller.TestWorkbookControllerApi" name="test_post_autofit_workbook_rows" time="0.826"/>
	<testcase classname="test.tests_workbook_controller.TestWorkbookControllerApi" name="test_post_digital_signature" time="1.207"/>
	<testcase classname="test.tests_workbook_controller.TestWorkbookControllerApi" name="test_post_encrypt_workbook" time="0.827"/>
	<testcase classname="test.tests_workbook_controller.TestWorkbookControllerApi" name="test_post_import_data" time="0.923"/>
	<testcase classname="test.tests_workbook_controller.TestWorkbookControllerApi" name="test_post_protect_workbook" time="0.802"/>
	<testcase classname="test.tests_workbook_controller.TestWorkbookControllerApi" name="test_post_workbook_calculate_formula" time="1.105"/>
	<testcase classname="test.tests_workbook_controller.TestWorkbookControllerApi" name="test_post_workbook_get_smart_marker_result" time="1.148"/>
	<testcase classname="test.tests_workbook_controller.TestWorkbookControllerApi" name="test_post_workbook_name" time="0.885"/>
	<testcase classname="test.tests_workbook_controller.TestWorkbookControllerApi" name="test_post_workbook_settings" time="0.875"/>
	<testcase classname="test.tests_workbook_controller.TestWorkbookControllerApi" name="test_post_workbook_split" time="1.456"/>
	<testcase classname="test.tests_workbook_controller.TestWorkbookControllerApi" name="test_post_workbook_text_replace" time="0.898"/>
	<testcase classname="test.tests_workbook_controller.TestWorkbookControllerApi" name="test_post_workbooks_merge" time="1.288"/>
	<testcase classname="test.tests_workbook_controller.TestWorkbookControllerApi" name="test_post_workbooks_text_search" time="0.671"/>
	<testcase classname="test.tests_workbook_controller.TestWorkbookControllerApi" name="test_put_document_protect_from_changes" time="0.902"/>
	<testcase classname="test.tests_workbook_controller.TestWorkbookControllerApi" name="test_put_workbook_background" time="1.207"/>
	<testcase classname="test.tests_workbook_controller.TestWorkbookControllerApi" name="test_put_workbook_create" time="1.068"/>
	<testcase classname="test.tests_workbook_controller.TestWorkbookControllerApi" name="test_put_workbook_name" time="0.883"/>
	<testcase classname="test.tests_workbook_controller.TestWorkbookControllerApi" name="test_put_workbook_water_marker" time="0.828"/>
	<system-out><![CDATA[]]></system-out>
	<system-err><![CDATA[]]></system-err>
</testsuite>
