<?xml version="1.0" ?>
<testsuite name="test.tests_charts_controller.TestChartsControllerApi-20230919143131" tests="42" time="32.711" failures="0" errors="0">
	<testcase classname="test.tests_charts_controller.TestChartsControllerApi" name="test_delete_worksheet_chart_legend" time="1.726"/>
	<testcase classname="test.tests_charts_controller.TestChartsControllerApi" name="test_delete_worksheet_chart_title" time="0.709"/>
	<testcase classname="test.tests_charts_controller.TestChartsControllerApi" name="test_delete_worksheet_clear_charts" time="0.891"/>
	<testcase classname="test.tests_charts_controller.TestChartsControllerApi" name="test_delete_worksheet_delete_chart" time="0.840"/>
	<testcase classname="test.tests_charts_controller.TestChartsControllerApi" name="test_get_worksheet_chart" time="0.717"/>
	<testcase classname="test.tests_charts_controller.TestChartsControllerApi" name="test_get_worksheet_chart_legend" time="0.619"/>
	<testcase classname="test.tests_charts_controller.TestChartsControllerApi" name="test_get_worksheet_chart_title" time="0.663"/>
	<testcase classname="test.tests_charts_controller.TestChartsControllerApi" name="test_get_worksheet_charts" time="0.608"/>
	<testcase classname="test.tests_charts_controller.TestChartsControllerApi" name="test_post_worksheet_chart" time="0.866"/>
	<testcase classname="test.tests_charts_controller.TestChartsControllerApi" name="test_post_worksheet_chart_legend" time="0.782"/>
	<testcase classname="test.tests_charts_controller.TestChartsControllerApi" name="test_post_worksheet_chart_title" time="0.804"/>
	<testcase classname="test.tests_charts_controller.TestChartsControllerApi" name="test_put_worksheet_add_chart" time="0.816"/>
	<testcase classname="test.tests_charts_controller.TestChartsControllerApi" name="test_put_worksheet_chart_legend" time="0.890"/>
	<testcase classname="test.tests_charts_controller.TestChartsControllerApi" name="test_put_worksheet_chart_title" time="0.736"/>
	<testcase classname="test.tests_charts_controller.TestChartsControllerApi" name="test_delete_worksheet_chart_legend" time="0.954"/>
	<testcase classname="test.tests_charts_controller.TestChartsControllerApi" name="test_delete_worksheet_chart_title" time="0.701"/>
	<testcase classname="test.tests_charts_controller.TestChartsControllerApi" name="test_delete_worksheet_clear_charts" time="0.818"/>
	<testcase classname="test.tests_charts_controller.TestChartsControllerApi" name="test_delete_worksheet_delete_chart" time="0.784"/>
	<testcase classname="test.tests_charts_controller.TestChartsControllerApi" name="test_get_worksheet_chart" time="0.670"/>
	<testcase classname="test.tests_charts_controller.TestChartsControllerApi" name="test_get_worksheet_chart_legend" time="0.583"/>
	<testcase classname="test.tests_charts_controller.TestChartsControllerApi" name="test_get_worksheet_chart_title" time="0.571"/>
	<testcase classname="test.tests_charts_controller.TestChartsControllerApi" name="test_get_worksheet_charts" time="0.610"/>
	<testcase classname="test.tests_charts_controller.TestChartsControllerApi" name="test_post_worksheet_chart" time="0.815"/>
	<testcase classname="test.tests_charts_controller.TestChartsControllerApi" name="test_post_worksheet_chart_legend" time="0.758"/>
	<testcase classname="test.tests_charts_controller.TestChartsControllerApi" name="test_post_worksheet_chart_title" time="0.741"/>
	<testcase classname="test.tests_charts_controller.TestChartsControllerApi" name="test_put_worksheet_add_chart" time="0.744"/>
	<testcase classname="test.tests_charts_controller.TestChartsControllerApi" name="test_put_worksheet_chart_legend" time="0.826"/>
	<testcase classname="test.tests_charts_controller.TestChartsControllerApi" name="test_put_worksheet_chart_title" time="0.753"/>
	<testcase classname="test.tests_charts_controller.TestChartsControllerApi" name="test_delete_worksheet_chart_legend" time="0.942"/>
	<testcase classname="test.tests_charts_controller.TestChartsControllerApi" name="test_delete_worksheet_chart_title" time="0.718"/>
	<testcase classname="test.tests_charts_controller.TestChartsControllerApi" name="test_delete_worksheet_clear_charts" time="0.623"/>
	<testcase classname="test.tests_charts_controller.TestChartsControllerApi" name="test_delete_worksheet_delete_chart" time="0.825"/>
	<testcase classname="test.tests_charts_controller.TestChartsControllerApi" name="test_get_worksheet_chart" time="0.661"/>
	<testcase classname="test.tests_charts_controller.TestChartsControllerApi" name="test_get_worksheet_chart_legend" time="0.620"/>
	<testcase classname="test.tests_charts_controller.TestChartsControllerApi" name="test_get_worksheet_chart_title" time="0.606"/>
	<testcase classname="test.tests_charts_controller.TestChartsControllerApi" name="test_get_worksheet_charts" time="0.697"/>
	<testcase classname="test.tests_charts_controller.TestChartsControllerApi" name="test_post_worksheet_chart" time="0.684"/>
	<testcase classname="test.tests_charts_controller.TestChartsControllerApi" name="test_post_worksheet_chart_legend" time="0.838"/>
	<testcase classname="test.tests_charts_controller.TestChartsControllerApi" name="test_post_worksheet_chart_title" time="0.758"/>
	<testcase classname="test.tests_charts_controller.TestChartsControllerApi" name="test_put_worksheet_add_chart" time="0.964"/>
	<testcase classname="test.tests_charts_controller.TestChartsControllerApi" name="test_put_worksheet_chart_legend" time="0.905"/>
	<testcase classname="test.tests_charts_controller.TestChartsControllerApi" name="test_put_worksheet_chart_title" time="0.874"/>
	<system-out><![CDATA[]]></system-out>
	<system-err><![CDATA[]]></system-err>
</testsuite>
