<?xml version="1.0" ?>
<testsuite name="test.tests_properties_controller.TestPropertiesControllerApi-20230919143131" tests="15" time="12.076" failures="0" errors="0">
	<testcase classname="test.tests_properties_controller.TestPropertiesControllerApi" name="test_delete_document_properties" time="1.801"/>
	<testcase classname="test.tests_properties_controller.TestPropertiesControllerApi" name="test_delete_document_property" time="0.962"/>
	<testcase classname="test.tests_properties_controller.TestPropertiesControllerApi" name="test_get_document_properties" time="0.578"/>
	<testcase classname="test.tests_properties_controller.TestPropertiesControllerApi" name="test_get_document_property" time="0.723"/>
	<testcase classname="test.tests_properties_controller.TestPropertiesControllerApi" name="test_put_document_property" time="0.797"/>
	<testcase classname="test.tests_properties_controller.TestPropertiesControllerApi" name="test_delete_document_properties" time="0.698"/>
	<testcase classname="test.tests_properties_controller.TestPropertiesControllerApi" name="test_delete_document_property" time="0.649"/>
	<testcase classname="test.tests_properties_controller.TestPropertiesControllerApi" name="test_get_document_properties" time="0.649"/>
	<testcase classname="test.tests_properties_controller.TestPropertiesControllerApi" name="test_get_document_property" time="0.584"/>
	<testcase classname="test.tests_properties_controller.TestPropertiesControllerApi" name="test_put_document_property" time="0.726"/>
	<testcase classname="test.tests_properties_controller.TestPropertiesControllerApi" name="test_delete_document_properties" time="0.967"/>
	<testcase classname="test.tests_properties_controller.TestPropertiesControllerApi" name="test_delete_document_property" time="0.714"/>
	<testcase classname="test.tests_properties_controller.TestPropertiesControllerApi" name="test_get_document_properties" time="0.713"/>
	<testcase classname="test.tests_properties_controller.TestPropertiesControllerApi" name="test_get_document_property" time="0.639"/>
	<testcase classname="test.tests_properties_controller.TestPropertiesControllerApi" name="test_put_document_property" time="0.875"/>
	<system-out><![CDATA[]]></system-out>
	<system-err><![CDATA[]]></system-err>
</testsuite>
