<?xml version="1.0" ?>
<testsuite name="test.tests_conversion.TestConversionApi-20230919143131" tests="336" time="689.187" failures="0" errors="0">
	<testcase classname="test.tests_conversion.TestConversionApi" name="test_convert_workbook_bmp" time="20.952"/>
	<testcase classname="test.tests_conversion.TestConversionApi" name="test_convert_workbook_csv" time="0.673"/>
	<testcase classname="test.tests_conversion.TestConversionApi" name="test_convert_workbook_docx" time="1.083"/>
	<testcase classname="test.tests_conversion.TestConversionApi" name="test_convert_workbook_emf" time="11.436"/>
	<testcase classname="test.tests_conversion.TestConversionApi" name="test_convert_workbook_gif" time="4.622"/>
	<testcase classname="test.tests_conversion.TestConversionApi" name="test_convert_workbook_html" time="0.793"/>
	<testcase classname="test.tests_conversion.TestConversionApi" name="test_convert_workbook_jpg" time="1.246"/>
	<testcase classname="test.tests_conversion.TestConversionApi" name="test_convert_workbook_json" time="0.573"/>
	<testcase classname="test.tests_conversion.TestConversionApi" name="test_convert_workbook_md" time="0.602"/>
	<testcase classname="test.tests_conversion.TestConversionApi" name="test_convert_workbook_mhtml" time="0.910"/>
	<testcase classname="test.tests_conversion.TestConversionApi" name="test_convert_workbook_numbers" time="0.679"/>
	<testcase classname="test.tests_conversion.TestConversionApi" name="test_convert_workbook_ods" time="0.539"/>
	<testcase classname="test.tests_conversion.TestConversionApi" name="test_convert_workbook_pdf" time="0.715"/>
	<testcase classname="test.tests_conversion.TestConversionApi" name="test_convert_workbook_png" time="1.858"/>
	<testcase classname="test.tests_conversion.TestConversionApi" name="test_convert_workbook_pptx" time="1.128"/>
	<testcase classname="test.tests_conversion.TestConversionApi" name="test_convert_workbook_save_cloud_bmp__dot_net_sdk_out_result_convert_workbookbmp" time="2.034"/>
	<testcase classname="test.tests_conversion.TestConversionApi" name="test_convert_workbook_save_cloud_csv__dot_net_sdk_out_result_convert_workbookcsv" time="0.711"/>
	<testcase classname="test.tests_conversion.TestConversionApi" name="test_convert_workbook_save_cloud_docx__dot_net_sdk_out_result_convert_workbookdocx" time="1.213"/>
	<testcase classname="test.tests_conversion.TestConversionApi" name="test_convert_workbook_save_cloud_emf__dot_net_sdk_out_result_convert_workbookemf" time="2.476"/>
	<testcase classname="test.tests_conversion.TestConversionApi" name="test_convert_workbook_save_cloud_gif__dot_net_sdk_out_result_convert_workbookgif" time="4.004"/>
	<testcase classname="test.tests_conversion.TestConversionApi" name="test_convert_workbook_save_cloud_html__dot_net_sdk_out_result_convert_workbookhtml" time="1.000"/>
	<testcase classname="test.tests_conversion.TestConversionApi" name="test_convert_workbook_save_cloud_jpg__dot_net_sdk_out_result_convert_workbookjpg" time="1.304"/>
	<testcase classname="test.tests_conversion.TestConversionApi" name="test_convert_workbook_save_cloud_json__dot_net_sdk_out_result_convert_workbookjson" time="0.676"/>
	<testcase classname="test.tests_conversion.TestConversionApi" name="test_convert_workbook_save_cloud_md__dot_net_sdk_out_result_convert_workbookmd" time="0.654"/>
	<testcase classname="test.tests_conversion.TestConversionApi" name="test_convert_workbook_save_cloud_mhtml__dot_net_sdk_out_result_convert_workbookmhtml" time="0.983"/>
	<testcase classname="test.tests_conversion.TestConversionApi" name="test_convert_workbook_save_cloud_numbers__dot_net_sdk_out_result_convert_workbooknumbers" time="0.655"/>
	<testcase classname="test.tests_conversion.TestConversionApi" name="test_convert_workbook_save_cloud_ods__dot_net_sdk_out_result_convert_workbookods" time="0.757"/>
	<testcase classname="test.tests_conversion.TestConversionApi" name="test_convert_workbook_save_cloud_pdf__dot_net_sdk_out_result_convert_workbookpdf" time="0.852"/>
	<testcase classname="test.tests_conversion.TestConversionApi" name="test_convert_workbook_save_cloud_png__dot_net_sdk_out_result_convert_workbookpng" time="2.108"/>
	<testcase classname="test.tests_conversion.TestConversionApi" name="test_convert_workbook_save_cloud_pptx__dot_net_sdk_out_result_convert_workbookpptx" time="1.359"/>
	<testcase classname="test.tests_conversion.TestConversionApi" name="test_convert_workbook_save_cloud_sql__dot_net_sdk_out_result_convert_workbooksql" time="0.603"/>
	<testcase classname="test.tests_conversion.TestConversionApi" name="test_convert_workbook_save_cloud_svg__dot_net_sdk_out_result_convert_workbooksvg" time="0.665"/>
	<testcase classname="test.tests_conversion.TestConversionApi" name="test_convert_workbook_save_cloud_tif__dot_net_sdk_out_result_convert_workbooktif" time="1.816"/>
	<testcase classname="test.tests_conversion.TestConversionApi" name="test_convert_workbook_save_cloud_txt__dot_net_sdk_out_result_convert_workbooktxt" time="0.709"/>
	<testcase classname="test.tests_conversion.TestConversionApi" name="test_convert_workbook_save_cloud_wmf__dot_net_sdk_out_result_convert_workbookwmf" time="2.562"/>
	<testcase classname="test.tests_conversion.TestConversionApi" name="test_convert_workbook_save_cloud_xls__dot_net_sdk_out_result_convert_workbookxls" time="0.782"/>
	<testcase classname="test.tests_conversion.TestConversionApi" name="test_convert_workbook_save_cloud_xlsb__dot_net_sdk_out_result_convert_workbookxlsb" time="0.795"/>
	<testcase classname="test.tests_conversion.TestConversionApi" name="test_convert_workbook_save_cloud_xlsm__dot_net_sdk_out_result_convert_workbookxlsm" time="0.777"/>
	<testcase classname="test.tests_conversion.TestConversionApi" name="test_convert_workbook_save_cloud_xlsx__dot_net_sdk_out_result_convert_workbookxlsx" time="0.803"/>
	<testcase classname="test.tests_conversion.TestConversionApi" name="test_convert_workbook_save_cloud_xltm__dot_net_sdk_out_result_convert_workbookxltm" time="0.817"/>
	<testcase classname="test.tests_conversion.TestConversionApi" name="test_convert_workbook_save_cloud_xltx__dot_net_sdk_out_result_convert_workbookxltx" time="0.774"/>
	<testcase classname="test.tests_conversion.TestConversionApi" name="test_convert_workbook_save_cloud_xml__dot_net_sdk_out_result_convert_workbookxml" time="0.635"/>
	<testcase classname="test.tests_conversion.TestConversionApi" name="test_convert_workbook_save_cloud_xps__dot_net_sdk_out_result_convert_workbookxps" time="0.839"/>
	<testcase classname="test.tests_conversion.TestConversionApi" name="test_convert_workbook_sql" time="0.633"/>
	<testcase classname="test.tests_conversion.TestConversionApi" name="test_convert_workbook_svg" time="0.715"/>
	<testcase classname="test.tests_conversion.TestConversionApi" name="test_convert_workbook_tif" time="1.804"/>
	<testcase classname="test.tests_conversion.TestConversionApi" name="test_convert_workbook_txt" time="0.605"/>
	<testcase classname="test.tests_conversion.TestConversionApi" name="test_convert_workbook_wmf" time="11.828"/>
	<testcase classname="test.tests_conversion.TestConversionApi" name="test_convert_workbook_xls" time="0.646"/>
	<testcase classname="test.tests_conversion.TestConversionApi" name="test_convert_workbook_xlsb" time="0.592"/>
	<testcase classname="test.tests_conversion.TestConversionApi" name="test_convert_workbook_xlsm" time="0.631"/>
	<testcase classname="test.tests_conversion.TestConversionApi" name="test_convert_workbook_xlsx" time="0.557"/>
	<testcase classname="test.tests_conversion.TestConversionApi" name="test_convert_workbook_xltm" time="0.682"/>
	<testcase classname="test.tests_conversion.TestConversionApi" name="test_convert_workbook_xltx" time="0.678"/>
	<testcase classname="test.tests_conversion.TestConversionApi" name="test_convert_workbook_xml" time="0.528"/>
	<testcase classname="test.tests_conversion.TestConversionApi" name="test_convert_workbook_xps" time="0.868"/>
	<testcase classname="test.tests_conversion.TestConversionApi" name="test_get_workbook_format_bmp" time="17.964"/>
	<testcase classname="test.tests_conversion.TestConversionApi" name="test_get_workbook_format_csv" time="0.787"/>
	<testcase classname="test.tests_conversion.TestConversionApi" name="test_get_workbook_format_docx" time="1.175"/>
	<testcase classname="test.tests_conversion.TestConversionApi" name="test_get_workbook_format_emf" time="16.187"/>
	<testcase classname="test.tests_conversion.TestConversionApi" name="test_get_workbook_format_gif" time="4.048"/>
	<testcase classname="test.tests_conversion.TestConversionApi" name="test_get_workbook_format_html" time="0.845"/>
	<testcase classname="test.tests_conversion.TestConversionApi" name="test_get_workbook_format_jpg" time="1.433"/>
	<testcase classname="test.tests_conversion.TestConversionApi" name="test_get_workbook_format_json" time="0.614"/>
	<testcase classname="test.tests_conversion.TestConversionApi" name="test_get_workbook_format_md" time="0.602"/>
	<testcase classname="test.tests_conversion.TestConversionApi" name="test_get_workbook_format_mhtml" time="0.832"/>
	<testcase classname="test.tests_conversion.TestConversionApi" name="test_get_workbook_format_numbers" time="0.689"/>
	<testcase classname="test.tests_conversion.TestConversionApi" name="test_get_workbook_format_ods" time="0.676"/>
	<testcase classname="test.tests_conversion.TestConversionApi" name="test_get_workbook_format_pdf" time="0.710"/>
	<testcase classname="test.tests_conversion.TestConversionApi" name="test_get_workbook_format_png" time="1.943"/>
	<testcase classname="test.tests_conversion.TestConversionApi" name="test_get_workbook_format_pptx" time="1.324"/>
	<testcase classname="test.tests_conversion.TestConversionApi" name="test_get_workbook_format_sql" time="0.660"/>
	<testcase classname="test.tests_conversion.TestConversionApi" name="test_get_workbook_format_svg" time="0.618"/>
	<testcase classname="test.tests_conversion.TestConversionApi" name="test_get_workbook_format_tif" time="1.974"/>
	<testcase classname="test.tests_conversion.TestConversionApi" name="test_get_workbook_format_txt" time="0.595"/>
	<testcase classname="test.tests_conversion.TestConversionApi" name="test_get_workbook_format_wmf" time="15.829"/>
	<testcase classname="test.tests_conversion.TestConversionApi" name="test_get_workbook_format_xls" time="0.829"/>
	<testcase classname="test.tests_conversion.TestConversionApi" name="test_get_workbook_format_xlsb" time="0.646"/>
	<testcase classname="test.tests_conversion.TestConversionApi" name="test_get_workbook_format_xlsm" time="0.656"/>
	<testcase classname="test.tests_conversion.TestConversionApi" name="test_get_workbook_format_xlsx" time="0.581"/>
	<testcase classname="test.tests_conversion.TestConversionApi" name="test_get_workbook_format_xltm" time="0.723"/>
	<testcase classname="test.tests_conversion.TestConversionApi" name="test_get_workbook_format_xltx" time="0.661"/>
	<testcase classname="test.tests_conversion.TestConversionApi" name="test_get_workbook_format_xml" time="0.678"/>
	<testcase classname="test.tests_conversion.TestConversionApi" name="test_get_workbook_format_xps" time="0.784"/>
	<testcase classname="test.tests_conversion.TestConversionApi" name="test_workbook_save_as_bmp__dot_net_sdk_out_result_post_excel_save_asbmp" time="2.423"/>
	<testcase classname="test.tests_conversion.TestConversionApi" name="test_workbook_save_as_csv__dot_net_sdk_out_result_post_excel_save_ascsv" time="0.714"/>
	<testcase classname="test.tests_conversion.TestConversionApi" name="test_workbook_save_as_docx__dot_net_sdk_out_result_post_excel_save_asdocx" time="1.131"/>
	<testcase classname="test.tests_conversion.TestConversionApi" name="test_workbook_save_as_emf__dot_net_sdk_out_result_post_excel_save_asemf" time="2.415"/>
	<testcase classname="test.tests_conversion.TestConversionApi" name="test_workbook_save_as_gif__dot_net_sdk_out_result_post_excel_save_asgif" time="4.156"/>
	<testcase classname="test.tests_conversion.TestConversionApi" name="test_workbook_save_as_html__dot_net_sdk_out_result_post_excel_save_ashtml" time="0.923"/>
	<testcase classname="test.tests_conversion.TestConversionApi" name="test_workbook_save_as_jpg__dot_net_sdk_out_result_post_excel_save_asjpg" time="1.241"/>
	<testcase classname="test.tests_conversion.TestConversionApi" name="test_workbook_save_as_json__dot_net_sdk_out_result_post_excel_save_asjson" time="0.657"/>
	<testcase classname="test.tests_conversion.TestConversionApi" name="test_workbook_save_as_md__dot_net_sdk_out_result_post_excel_save_asmd" time="0.702"/>
	<testcase classname="test.tests_conversion.TestConversionApi" name="test_workbook_save_as_mhtml__dot_net_sdk_out_result_post_excel_save_asmhtml" time="1.012"/>
	<testcase classname="test.tests_conversion.TestConversionApi" name="test_workbook_save_as_numbers__dot_net_sdk_out_result_post_excel_save_asnumbers" time="0.705"/>
	<testcase classname="test.tests_conversion.TestConversionApi" name="test_workbook_save_as_ods__dot_net_sdk_out_result_post_excel_save_asods" time="0.744"/>
	<testcase classname="test.tests_conversion.TestConversionApi" name="test_workbook_save_as_pdf__dot_net_sdk_out_result_post_excel_save_aspdf" time="0.958"/>
	<testcase classname="test.tests_conversion.TestConversionApi" name="test_workbook_save_as_png__dot_net_sdk_out_result_post_excel_save_aspng" time="2.195"/>
	<testcase classname="test.tests_conversion.TestConversionApi" name="test_workbook_save_as_pptx__dot_net_sdk_out_result_post_excel_save_aspptx" time="1.199"/>
	<testcase classname="test.tests_conversion.TestConversionApi" name="test_workbook_save_as_sql__dot_net_sdk_out_result_post_excel_save_assql" time="0.776"/>
	<testcase classname="test.tests_conversion.TestConversionApi" name="test_workbook_save_as_svg__dot_net_sdk_out_result_post_excel_save_assvg" time="0.768"/>
	<testcase classname="test.tests_conversion.TestConversionApi" name="test_workbook_save_as_tif__dot_net_sdk_out_result_post_excel_save_astif" time="2.093"/>
	<testcase classname="test.tests_conversion.TestConversionApi" name="test_workbook_save_as_txt__dot_net_sdk_out_result_post_excel_save_astxt" time="0.712"/>
	<testcase classname="test.tests_conversion.TestConversionApi" name="test_workbook_save_as_wmf__dot_net_sdk_out_result_post_excel_save_aswmf" time="2.485"/>
	<testcase classname="test.tests_conversion.TestConversionApi" name="test_workbook_save_as_xls__dot_net_sdk_out_result_post_excel_save_asxls" time="0.829"/>
	<testcase classname="test.tests_conversion.TestConversionApi" name="test_workbook_save_as_xlsb__dot_net_sdk_out_result_post_excel_save_asxlsb" time="0.778"/>
	<testcase classname="test.tests_conversion.TestConversionApi" name="test_workbook_save_as_xlsm__dot_net_sdk_out_result_post_excel_save_asxlsm" time="0.869"/>
	<testcase classname="test.tests_conversion.TestConversionApi" name="test_workbook_save_as_xlsx__dot_net_sdk_out_result_post_excel_save_asxlsx" time="0.908"/>
	<testcase classname="test.tests_conversion.TestConversionApi" name="test_workbook_save_as_xltm__dot_net_sdk_out_result_post_excel_save_asxltm" time="0.866"/>
	<testcase classname="test.tests_conversion.TestConversionApi" name="test_workbook_save_as_xltx__dot_net_sdk_out_result_post_excel_save_asxltx" time="0.789"/>
	<testcase classname="test.tests_conversion.TestConversionApi" name="test_workbook_save_as_xml__dot_net_sdk_out_result_post_excel_save_asxml" time="0.656"/>
	<testcase classname="test.tests_conversion.TestConversionApi" name="test_workbook_save_as_xps__dot_net_sdk_out_result_post_excel_save_asxps" time="0.853"/>
	<testcase classname="test.tests_conversion.TestConversionApi" name="test_convert_workbook_bmp" time="37.393"/>
	<testcase classname="test.tests_conversion.TestConversionApi" name="test_convert_workbook_csv" time="0.571"/>
	<testcase classname="test.tests_conversion.TestConversionApi" name="test_convert_workbook_docx" time="1.028"/>
	<testcase classname="test.tests_conversion.TestConversionApi" name="test_convert_workbook_emf" time="8.045"/>
	<testcase classname="test.tests_conversion.TestConversionApi" name="test_convert_workbook_gif" time="4.402"/>
	<testcase classname="test.tests_conversion.TestConversionApi" name="test_convert_workbook_html" time="0.815"/>
	<testcase classname="test.tests_conversion.TestConversionApi" name="test_convert_workbook_jpg" time="1.167"/>
	<testcase classname="test.tests_conversion.TestConversionApi" name="test_convert_workbook_json" time="0.609"/>
	<testcase classname="test.tests_conversion.TestConversionApi" name="test_convert_workbook_md" time="0.631"/>
	<testcase classname="test.tests_conversion.TestConversionApi" name="test_convert_workbook_mhtml" time="0.757"/>
	<testcase classname="test.tests_conversion.TestConversionApi" name="test_convert_workbook_numbers" time="0.639"/>
	<testcase classname="test.tests_conversion.TestConversionApi" name="test_convert_workbook_ods" time="0.689"/>
	<testcase classname="test.tests_conversion.TestConversionApi" name="test_convert_workbook_pdf" time="0.689"/>
	<testcase classname="test.tests_conversion.TestConversionApi" name="test_convert_workbook_png" time="1.805"/>
	<testcase classname="test.tests_conversion.TestConversionApi" name="test_convert_workbook_pptx" time="1.137"/>
	<testcase classname="test.tests_conversion.TestConversionApi" name="test_convert_workbook_save_cloud_bmp__dot_net_sdk_out_result_convert_workbookbmp" time="2.104"/>
	<testcase classname="test.tests_conversion.TestConversionApi" name="test_convert_workbook_save_cloud_csv__dot_net_sdk_out_result_convert_workbookcsv" time="0.947"/>
	<testcase classname="test.tests_conversion.TestConversionApi" name="test_convert_workbook_save_cloud_docx__dot_net_sdk_out_result_convert_workbookdocx" time="1.140"/>
	<testcase classname="test.tests_conversion.TestConversionApi" name="test_convert_workbook_save_cloud_emf__dot_net_sdk_out_result_convert_workbookemf" time="2.317"/>
	<testcase classname="test.tests_conversion.TestConversionApi" name="test_convert_workbook_save_cloud_gif__dot_net_sdk_out_result_convert_workbookgif" time="4.216"/>
	<testcase classname="test.tests_conversion.TestConversionApi" name="test_convert_workbook_save_cloud_html__dot_net_sdk_out_result_convert_workbookhtml" time="0.812"/>
	<testcase classname="test.tests_conversion.TestConversionApi" name="test_convert_workbook_save_cloud_jpg__dot_net_sdk_out_result_convert_workbookjpg" time="1.296"/>
	<testcase classname="test.tests_conversion.TestConversionApi" name="test_convert_workbook_save_cloud_json__dot_net_sdk_out_result_convert_workbookjson" time="0.716"/>
	<testcase classname="test.tests_conversion.TestConversionApi" name="test_convert_workbook_save_cloud_md__dot_net_sdk_out_result_convert_workbookmd" time="0.615"/>
	<testcase classname="test.tests_conversion.TestConversionApi" name="test_convert_workbook_save_cloud_mhtml__dot_net_sdk_out_result_convert_workbookmhtml" time="0.908"/>
	<testcase classname="test.tests_conversion.TestConversionApi" name="test_convert_workbook_save_cloud_numbers__dot_net_sdk_out_result_convert_workbooknumbers" time="0.717"/>
	<testcase classname="test.tests_conversion.TestConversionApi" name="test_convert_workbook_save_cloud_ods__dot_net_sdk_out_result_convert_workbookods" time="0.786"/>
	<testcase classname="test.tests_conversion.TestConversionApi" name="test_convert_workbook_save_cloud_pdf__dot_net_sdk_out_result_convert_workbookpdf" time="0.799"/>
	<testcase classname="test.tests_conversion.TestConversionApi" name="test_convert_workbook_save_cloud_png__dot_net_sdk_out_result_convert_workbookpng" time="1.946"/>
	<testcase classname="test.tests_conversion.TestConversionApi" name="test_convert_workbook_save_cloud_pptx__dot_net_sdk_out_result_convert_workbookpptx" time="1.474"/>
	<testcase classname="test.tests_conversion.TestConversionApi" name="test_convert_workbook_save_cloud_sql__dot_net_sdk_out_result_convert_workbooksql" time="0.744"/>
	<testcase classname="test.tests_conversion.TestConversionApi" name="test_convert_workbook_save_cloud_svg__dot_net_sdk_out_result_convert_workbooksvg" time="0.600"/>
	<testcase classname="test.tests_conversion.TestConversionApi" name="test_convert_workbook_save_cloud_tif__dot_net_sdk_out_result_convert_workbooktif" time="1.930"/>
	<testcase classname="test.tests_conversion.TestConversionApi" name="test_convert_workbook_save_cloud_txt__dot_net_sdk_out_result_convert_workbooktxt" time="0.617"/>
	<testcase classname="test.tests_conversion.TestConversionApi" name="test_convert_workbook_save_cloud_wmf__dot_net_sdk_out_result_convert_workbookwmf" time="2.463"/>
	<testcase classname="test.tests_conversion.TestConversionApi" name="test_convert_workbook_save_cloud_xls__dot_net_sdk_out_result_convert_workbookxls" time="0.632"/>
	<testcase classname="test.tests_conversion.TestConversionApi" name="test_convert_workbook_save_cloud_xlsb__dot_net_sdk_out_result_convert_workbookxlsb" time="0.713"/>
	<testcase classname="test.tests_conversion.TestConversionApi" name="test_convert_workbook_save_cloud_xlsm__dot_net_sdk_out_result_convert_workbookxlsm" time="0.749"/>
	<testcase classname="test.tests_conversion.TestConversionApi" name="test_convert_workbook_save_cloud_xlsx__dot_net_sdk_out_result_convert_workbookxlsx" time="0.918"/>
	<testcase classname="test.tests_conversion.TestConversionApi" name="test_convert_workbook_save_cloud_xltm__dot_net_sdk_out_result_convert_workbookxltm" time="0.682"/>
	<testcase classname="test.tests_conversion.TestConversionApi" name="test_convert_workbook_save_cloud_xltx__dot_net_sdk_out_result_convert_workbookxltx" time="0.893"/>
	<testcase classname="test.tests_conversion.TestConversionApi" name="test_convert_workbook_save_cloud_xml__dot_net_sdk_out_result_convert_workbookxml" time="0.664"/>
	<testcase classname="test.tests_conversion.TestConversionApi" name="test_convert_workbook_save_cloud_xps__dot_net_sdk_out_result_convert_workbookxps" time="1.004"/>
	<testcase classname="test.tests_conversion.TestConversionApi" name="test_convert_workbook_sql" time="2.792"/>
	<testcase classname="test.tests_conversion.TestConversionApi" name="test_convert_workbook_svg" time="0.649"/>
	<testcase classname="test.tests_conversion.TestConversionApi" name="test_convert_workbook_tif" time="1.732"/>
	<testcase classname="test.tests_conversion.TestConversionApi" name="test_convert_workbook_txt" time="0.589"/>
	<testcase classname="test.tests_conversion.TestConversionApi" name="test_convert_workbook_wmf" time="8.108"/>
	<testcase classname="test.tests_conversion.TestConversionApi" name="test_convert_workbook_xls" time="0.630"/>
	<testcase classname="test.tests_conversion.TestConversionApi" name="test_convert_workbook_xlsb" time="0.686"/>
	<testcase classname="test.tests_conversion.TestConversionApi" name="test_convert_workbook_xlsm" time="0.635"/>
	<testcase classname="test.tests_conversion.TestConversionApi" name="test_convert_workbook_xlsx" time="0.531"/>
	<testcase classname="test.tests_conversion.TestConversionApi" name="test_convert_workbook_xltm" time="0.538"/>
	<testcase classname="test.tests_conversion.TestConversionApi" name="test_convert_workbook_xltx" time="0.628"/>
	<testcase classname="test.tests_conversion.TestConversionApi" name="test_convert_workbook_xml" time="0.604"/>
	<testcase classname="test.tests_conversion.TestConversionApi" name="test_convert_workbook_xps" time="1.002"/>
	<testcase classname="test.tests_conversion.TestConversionApi" name="test_get_workbook_format_bmp" time="16.868"/>
	<testcase classname="test.tests_conversion.TestConversionApi" name="test_get_workbook_format_csv" time="0.599"/>
	<testcase classname="test.tests_conversion.TestConversionApi" name="test_get_workbook_format_docx" time="1.137"/>
	<testcase classname="test.tests_conversion.TestConversionApi" name="test_get_workbook_format_emf" time="12.817"/>
	<testcase classname="test.tests_conversion.TestConversionApi" name="test_get_workbook_format_gif" time="3.995"/>
	<testcase classname="test.tests_conversion.TestConversionApi" name="test_get_workbook_format_html" time="0.837"/>
	<testcase classname="test.tests_conversion.TestConversionApi" name="test_get_workbook_format_jpg" time="1.144"/>
	<testcase classname="test.tests_conversion.TestConversionApi" name="test_get_workbook_format_json" time="0.590"/>
	<testcase classname="test.tests_conversion.TestConversionApi" name="test_get_workbook_format_md" time="0.660"/>
	<testcase classname="test.tests_conversion.TestConversionApi" name="test_get_workbook_format_mhtml" time="0.808"/>
	<testcase classname="test.tests_conversion.TestConversionApi" name="test_get_workbook_format_numbers" time="0.703"/>
	<testcase classname="test.tests_conversion.TestConversionApi" name="test_get_workbook_format_ods" time="0.654"/>
	<testcase classname="test.tests_conversion.TestConversionApi" name="test_get_workbook_format_pdf" time="0.665"/>
	<testcase classname="test.tests_conversion.TestConversionApi" name="test_get_workbook_format_png" time="2.023"/>
	<testcase classname="test.tests_conversion.TestConversionApi" name="test_get_workbook_format_pptx" time="1.255"/>
	<testcase classname="test.tests_conversion.TestConversionApi" name="test_get_workbook_format_sql" time="0.637"/>
	<testcase classname="test.tests_conversion.TestConversionApi" name="test_get_workbook_format_svg" time="0.700"/>
	<testcase classname="test.tests_conversion.TestConversionApi" name="test_get_workbook_format_tif" time="1.735"/>
	<testcase classname="test.tests_conversion.TestConversionApi" name="test_get_workbook_format_txt" time="0.676"/>
	<testcase classname="test.tests_conversion.TestConversionApi" name="test_get_workbook_format_wmf" time="11.485"/>
	<testcase classname="test.tests_conversion.TestConversionApi" name="test_get_workbook_format_xls" time="0.638"/>
	<testcase classname="test.tests_conversion.TestConversionApi" name="test_get_workbook_format_xlsb" time="0.701"/>
	<testcase classname="test.tests_conversion.TestConversionApi" name="test_get_workbook_format_xlsm" time="0.726"/>
	<testcase classname="test.tests_conversion.TestConversionApi" name="test_get_workbook_format_xlsx" time="0.728"/>
	<testcase classname="test.tests_conversion.TestConversionApi" name="test_get_workbook_format_xltm" time="0.660"/>
	<testcase classname="test.tests_conversion.TestConversionApi" name="test_get_workbook_format_xltx" time="0.675"/>
	<testcase classname="test.tests_conversion.TestConversionApi" name="test_get_workbook_format_xml" time="0.635"/>
	<testcase classname="test.tests_conversion.TestConversionApi" name="test_get_workbook_format_xps" time="0.841"/>
	<testcase classname="test.tests_conversion.TestConversionApi" name="test_workbook_save_as_bmp__dot_net_sdk_out_result_post_excel_save_asbmp" time="2.105"/>
	<testcase classname="test.tests_conversion.TestConversionApi" name="test_workbook_save_as_csv__dot_net_sdk_out_result_post_excel_save_ascsv" time="0.640"/>
	<testcase classname="test.tests_conversion.TestConversionApi" name="test_workbook_save_as_docx__dot_net_sdk_out_result_post_excel_save_asdocx" time="1.162"/>
	<testcase classname="test.tests_conversion.TestConversionApi" name="test_workbook_save_as_emf__dot_net_sdk_out_result_post_excel_save_asemf" time="2.487"/>
	<testcase classname="test.tests_conversion.TestConversionApi" name="test_workbook_save_as_gif__dot_net_sdk_out_result_post_excel_save_asgif" time="4.398"/>
	<testcase classname="test.tests_conversion.TestConversionApi" name="test_workbook_save_as_html__dot_net_sdk_out_result_post_excel_save_ashtml" time="1.044"/>
	<testcase classname="test.tests_conversion.TestConversionApi" name="test_workbook_save_as_jpg__dot_net_sdk_out_result_post_excel_save_asjpg" time="1.307"/>
	<testcase classname="test.tests_conversion.TestConversionApi" name="test_workbook_save_as_json__dot_net_sdk_out_result_post_excel_save_asjson" time="0.717"/>
	<testcase classname="test.tests_conversion.TestConversionApi" name="test_workbook_save_as_md__dot_net_sdk_out_result_post_excel_save_asmd" time="0.654"/>
	<testcase classname="test.tests_conversion.TestConversionApi" name="test_workbook_save_as_mhtml__dot_net_sdk_out_result_post_excel_save_asmhtml" time="1.085"/>
	<testcase classname="test.tests_conversion.TestConversionApi" name="test_workbook_save_as_numbers__dot_net_sdk_out_result_post_excel_save_asnumbers" time="0.802"/>
	<testcase classname="test.tests_conversion.TestConversionApi" name="test_workbook_save_as_ods__dot_net_sdk_out_result_post_excel_save_asods" time="0.787"/>
	<testcase classname="test.tests_conversion.TestConversionApi" name="test_workbook_save_as_pdf__dot_net_sdk_out_result_post_excel_save_aspdf" time="0.907"/>
	<testcase classname="test.tests_conversion.TestConversionApi" name="test_workbook_save_as_png__dot_net_sdk_out_result_post_excel_save_aspng" time="1.980"/>
	<testcase classname="test.tests_conversion.TestConversionApi" name="test_workbook_save_as_pptx__dot_net_sdk_out_result_post_excel_save_aspptx" time="1.396"/>
	<testcase classname="test.tests_conversion.TestConversionApi" name="test_workbook_save_as_sql__dot_net_sdk_out_result_post_excel_save_assql" time="0.693"/>
	<testcase classname="test.tests_conversion.TestConversionApi" name="test_workbook_save_as_svg__dot_net_sdk_out_result_post_excel_save_assvg" time="0.764"/>
	<testcase classname="test.tests_conversion.TestConversionApi" name="test_workbook_save_as_tif__dot_net_sdk_out_result_post_excel_save_astif" time="1.939"/>
	<testcase classname="test.tests_conversion.TestConversionApi" name="test_workbook_save_as_txt__dot_net_sdk_out_result_post_excel_save_astxt" time="0.692"/>
	<testcase classname="test.tests_conversion.TestConversionApi" name="test_workbook_save_as_wmf__dot_net_sdk_out_result_post_excel_save_aswmf" time="2.490"/>
	<testcase classname="test.tests_conversion.TestConversionApi" name="test_workbook_save_as_xls__dot_net_sdk_out_result_post_excel_save_asxls" time="0.759"/>
	<testcase classname="test.tests_conversion.TestConversionApi" name="test_workbook_save_as_xlsb__dot_net_sdk_out_result_post_excel_save_asxlsb" time="0.740"/>
	<testcase classname="test.tests_conversion.TestConversionApi" name="test_workbook_save_as_xlsm__dot_net_sdk_out_result_post_excel_save_asxlsm" time="0.698"/>
	<testcase classname="test.tests_conversion.TestConversionApi" name="test_workbook_save_as_xlsx__dot_net_sdk_out_result_post_excel_save_asxlsx" time="0.889"/>
	<testcase classname="test.tests_conversion.TestConversionApi" name="test_workbook_save_as_xltm__dot_net_sdk_out_result_post_excel_save_asxltm" time="0.878"/>
	<testcase classname="test.tests_conversion.TestConversionApi" name="test_workbook_save_as_xltx__dot_net_sdk_out_result_post_excel_save_asxltx" time="0.876"/>
	<testcase classname="test.tests_conversion.TestConversionApi" name="test_workbook_save_as_xml__dot_net_sdk_out_result_post_excel_save_asxml" time="0.713"/>
	<testcase classname="test.tests_conversion.TestConversionApi" name="test_workbook_save_as_xps__dot_net_sdk_out_result_post_excel_save_asxps" time="0.978"/>
	<testcase classname="test.tests_conversion.TestConversionApi" name="test_convert_workbook_bmp" time="30.370"/>
	<testcase classname="test.tests_conversion.TestConversionApi" name="test_convert_workbook_csv" time="0.639"/>
	<testcase classname="test.tests_conversion.TestConversionApi" name="test_convert_workbook_docx" time="1.148"/>
	<testcase classname="test.tests_conversion.TestConversionApi" name="test_convert_workbook_emf" time="9.500"/>
	<testcase classname="test.tests_conversion.TestConversionApi" name="test_convert_workbook_gif" time="4.230"/>
	<testcase classname="test.tests_conversion.TestConversionApi" name="test_convert_workbook_html" time="0.842"/>
	<testcase classname="test.tests_conversion.TestConversionApi" name="test_convert_workbook_jpg" time="1.238"/>
	<testcase classname="test.tests_conversion.TestConversionApi" name="test_convert_workbook_json" time="0.546"/>
	<testcase classname="test.tests_conversion.TestConversionApi" name="test_convert_workbook_md" time="0.602"/>
	<testcase classname="test.tests_conversion.TestConversionApi" name="test_convert_workbook_mhtml" time="0.797"/>
	<testcase classname="test.tests_conversion.TestConversionApi" name="test_convert_workbook_numbers" time="0.617"/>
	<testcase classname="test.tests_conversion.TestConversionApi" name="test_convert_workbook_ods" time="0.643"/>
	<testcase classname="test.tests_conversion.TestConversionApi" name="test_convert_workbook_pdf" time="0.853"/>
	<testcase classname="test.tests_conversion.TestConversionApi" name="test_convert_workbook_png" time="2.120"/>
	<testcase classname="test.tests_conversion.TestConversionApi" name="test_convert_workbook_pptx" time="1.360"/>
	<testcase classname="test.tests_conversion.TestConversionApi" name="test_convert_workbook_save_cloud_bmp__dot_net_sdk_out_result_convert_workbookbmp" time="2.085"/>
	<testcase classname="test.tests_conversion.TestConversionApi" name="test_convert_workbook_save_cloud_csv__dot_net_sdk_out_result_convert_workbookcsv" time="0.577"/>
	<testcase classname="test.tests_conversion.TestConversionApi" name="test_convert_workbook_save_cloud_docx__dot_net_sdk_out_result_convert_workbookdocx" time="1.183"/>
	<testcase classname="test.tests_conversion.TestConversionApi" name="test_convert_workbook_save_cloud_emf__dot_net_sdk_out_result_convert_workbookemf" time="2.500"/>
	<testcase classname="test.tests_conversion.TestConversionApi" name="test_convert_workbook_save_cloud_gif__dot_net_sdk_out_result_convert_workbookgif" time="4.147"/>
	<testcase classname="test.tests_conversion.TestConversionApi" name="test_convert_workbook_save_cloud_html__dot_net_sdk_out_result_convert_workbookhtml" time="0.847"/>
	<testcase classname="test.tests_conversion.TestConversionApi" name="test_convert_workbook_save_cloud_jpg__dot_net_sdk_out_result_convert_workbookjpg" time="1.221"/>
	<testcase classname="test.tests_conversion.TestConversionApi" name="test_convert_workbook_save_cloud_json__dot_net_sdk_out_result_convert_workbookjson" time="0.611"/>
	<testcase classname="test.tests_conversion.TestConversionApi" name="test_convert_workbook_save_cloud_md__dot_net_sdk_out_result_convert_workbookmd" time="0.697"/>
	<testcase classname="test.tests_conversion.TestConversionApi" name="test_convert_workbook_save_cloud_mhtml__dot_net_sdk_out_result_convert_workbookmhtml" time="1.285"/>
	<testcase classname="test.tests_conversion.TestConversionApi" name="test_convert_workbook_save_cloud_numbers__dot_net_sdk_out_result_convert_workbooknumbers" time="0.720"/>
	<testcase classname="test.tests_conversion.TestConversionApi" name="test_convert_workbook_save_cloud_ods__dot_net_sdk_out_result_convert_workbookods" time="0.705"/>
	<testcase classname="test.tests_conversion.TestConversionApi" name="test_convert_workbook_save_cloud_pdf__dot_net_sdk_out_result_convert_workbookpdf" time="0.775"/>
	<testcase classname="test.tests_conversion.TestConversionApi" name="test_convert_workbook_save_cloud_png__dot_net_sdk_out_result_convert_workbookpng" time="2.019"/>
	<testcase classname="test.tests_conversion.TestConversionApi" name="test_convert_workbook_save_cloud_pptx__dot_net_sdk_out_result_convert_workbookpptx" time="1.363"/>
	<testcase classname="test.tests_conversion.TestConversionApi" name="test_convert_workbook_save_cloud_sql__dot_net_sdk_out_result_convert_workbooksql" time="0.604"/>
	<testcase classname="test.tests_conversion.TestConversionApi" name="test_convert_workbook_save_cloud_svg__dot_net_sdk_out_result_convert_workbooksvg" time="0.664"/>
	<testcase classname="test.tests_conversion.TestConversionApi" name="test_convert_workbook_save_cloud_tif__dot_net_sdk_out_result_convert_workbooktif" time="1.974"/>
	<testcase classname="test.tests_conversion.TestConversionApi" name="test_convert_workbook_save_cloud_txt__dot_net_sdk_out_result_convert_workbooktxt" time="0.742"/>
	<testcase classname="test.tests_conversion.TestConversionApi" name="test_convert_workbook_save_cloud_wmf__dot_net_sdk_out_result_convert_workbookwmf" time="2.408"/>
	<testcase classname="test.tests_conversion.TestConversionApi" name="test_convert_workbook_save_cloud_xls__dot_net_sdk_out_result_convert_workbookxls" time="0.772"/>
	<testcase classname="test.tests_conversion.TestConversionApi" name="test_convert_workbook_save_cloud_xlsb__dot_net_sdk_out_result_convert_workbookxlsb" time="0.719"/>
	<testcase classname="test.tests_conversion.TestConversionApi" name="test_convert_workbook_save_cloud_xlsm__dot_net_sdk_out_result_convert_workbookxlsm" time="0.712"/>
	<testcase classname="test.tests_conversion.TestConversionApi" name="test_convert_workbook_save_cloud_xlsx__dot_net_sdk_out_result_convert_workbookxlsx" time="0.866"/>
	<testcase classname="test.tests_conversion.TestConversionApi" name="test_convert_workbook_save_cloud_xltm__dot_net_sdk_out_result_convert_workbookxltm" time="0.724"/>
	<testcase classname="test.tests_conversion.TestConversionApi" name="test_convert_workbook_save_cloud_xltx__dot_net_sdk_out_result_convert_workbookxltx" time="0.860"/>
	<testcase classname="test.tests_conversion.TestConversionApi" name="test_convert_workbook_save_cloud_xml__dot_net_sdk_out_result_convert_workbookxml" time="0.618"/>
	<testcase classname="test.tests_conversion.TestConversionApi" name="test_convert_workbook_save_cloud_xps__dot_net_sdk_out_result_convert_workbookxps" time="0.791"/>
	<testcase classname="test.tests_conversion.TestConversionApi" name="test_convert_workbook_sql" time="0.640"/>
	<testcase classname="test.tests_conversion.TestConversionApi" name="test_convert_workbook_svg" time="0.813"/>
	<testcase classname="test.tests_conversion.TestConversionApi" name="test_convert_workbook_tif" time="1.723"/>
	<testcase classname="test.tests_conversion.TestConversionApi" name="test_convert_workbook_txt" time="0.595"/>
	<testcase classname="test.tests_conversion.TestConversionApi" name="test_convert_workbook_wmf" time="10.307"/>
	<testcase classname="test.tests_conversion.TestConversionApi" name="test_convert_workbook_xls" time="0.739"/>
	<testcase classname="test.tests_conversion.TestConversionApi" name="test_convert_workbook_xlsb" time="0.636"/>
	<testcase classname="test.tests_conversion.TestConversionApi" name="test_convert_workbook_xlsm" time="0.604"/>
	<testcase classname="test.tests_conversion.TestConversionApi" name="test_convert_workbook_xlsx" time="0.731"/>
	<testcase classname="test.tests_conversion.TestConversionApi" name="test_convert_workbook_xltm" time="0.644"/>
	<testcase classname="test.tests_conversion.TestConversionApi" name="test_convert_workbook_xltx" time="0.775"/>
	<testcase classname="test.tests_conversion.TestConversionApi" name="test_convert_workbook_xml" time="0.661"/>
	<testcase classname="test.tests_conversion.TestConversionApi" name="test_convert_workbook_xps" time="0.813"/>
	<testcase classname="test.tests_conversion.TestConversionApi" name="test_get_workbook_format_bmp" time="55.454"/>
	<testcase classname="test.tests_conversion.TestConversionApi" name="test_get_workbook_format_csv" time="0.568"/>
	<testcase classname="test.tests_conversion.TestConversionApi" name="test_get_workbook_format_docx" time="1.119"/>
	<testcase classname="test.tests_conversion.TestConversionApi" name="test_get_workbook_format_emf" time="18.385"/>
	<testcase classname="test.tests_conversion.TestConversionApi" name="test_get_workbook_format_gif" time="4.148"/>
	<testcase classname="test.tests_conversion.TestConversionApi" name="test_get_workbook_format_html" time="0.945"/>
	<testcase classname="test.tests_conversion.TestConversionApi" name="test_get_workbook_format_jpg" time="1.464"/>
	<testcase classname="test.tests_conversion.TestConversionApi" name="test_get_workbook_format_json" time="0.720"/>
	<testcase classname="test.tests_conversion.TestConversionApi" name="test_get_workbook_format_md" time="0.630"/>
	<testcase classname="test.tests_conversion.TestConversionApi" name="test_get_workbook_format_mhtml" time="0.841"/>
	<testcase classname="test.tests_conversion.TestConversionApi" name="test_get_workbook_format_numbers" time="0.714"/>
	<testcase classname="test.tests_conversion.TestConversionApi" name="test_get_workbook_format_ods" time="0.602"/>
	<testcase classname="test.tests_conversion.TestConversionApi" name="test_get_workbook_format_pdf" time="0.780"/>
	<testcase classname="test.tests_conversion.TestConversionApi" name="test_get_workbook_format_png" time="1.990"/>
	<testcase classname="test.tests_conversion.TestConversionApi" name="test_get_workbook_format_pptx" time="1.256"/>
	<testcase classname="test.tests_conversion.TestConversionApi" name="test_get_workbook_format_sql" time="0.595"/>
	<testcase classname="test.tests_conversion.TestConversionApi" name="test_get_workbook_format_svg" time="0.527"/>
	<testcase classname="test.tests_conversion.TestConversionApi" name="test_get_workbook_format_tif" time="2.011"/>
	<testcase classname="test.tests_conversion.TestConversionApi" name="test_get_workbook_format_txt" time="0.619"/>
	<testcase classname="test.tests_conversion.TestConversionApi" name="test_get_workbook_format_wmf" time="20.775"/>
	<testcase classname="test.tests_conversion.TestConversionApi" name="test_get_workbook_format_xls" time="0.697"/>
	<testcase classname="test.tests_conversion.TestConversionApi" name="test_get_workbook_format_xlsb" time="0.864"/>
	<testcase classname="test.tests_conversion.TestConversionApi" name="test_get_workbook_format_xlsm" time="0.681"/>
	<testcase classname="test.tests_conversion.TestConversionApi" name="test_get_workbook_format_xlsx" time="0.606"/>
	<testcase classname="test.tests_conversion.TestConversionApi" name="test_get_workbook_format_xltm" time="0.667"/>
	<testcase classname="test.tests_conversion.TestConversionApi" name="test_get_workbook_format_xltx" time="0.684"/>
	<testcase classname="test.tests_conversion.TestConversionApi" name="test_get_workbook_format_xml" time="0.650"/>
	<testcase classname="test.tests_conversion.TestConversionApi" name="test_get_workbook_format_xps" time="1.030"/>
	<testcase classname="test.tests_conversion.TestConversionApi" name="test_workbook_save_as_bmp__dot_net_sdk_out_result_post_excel_save_asbmp" time="2.190"/>
	<testcase classname="test.tests_conversion.TestConversionApi" name="test_workbook_save_as_csv__dot_net_sdk_out_result_post_excel_save_ascsv" time="0.736"/>
	<testcase classname="test.tests_conversion.TestConversionApi" name="test_workbook_save_as_docx__dot_net_sdk_out_result_post_excel_save_asdocx" time="1.236"/>
	<testcase classname="test.tests_conversion.TestConversionApi" name="test_workbook_save_as_emf__dot_net_sdk_out_result_post_excel_save_asemf" time="2.477"/>
	<testcase classname="test.tests_conversion.TestConversionApi" name="test_workbook_save_as_gif__dot_net_sdk_out_result_post_excel_save_asgif" time="4.834"/>
	<testcase classname="test.tests_conversion.TestConversionApi" name="test_workbook_save_as_html__dot_net_sdk_out_result_post_excel_save_ashtml" time="0.921"/>
	<testcase classname="test.tests_conversion.TestConversionApi" name="test_workbook_save_as_jpg__dot_net_sdk_out_result_post_excel_save_asjpg" time="1.327"/>
	<testcase classname="test.tests_conversion.TestConversionApi" name="test_workbook_save_as_json__dot_net_sdk_out_result_post_excel_save_asjson" time="0.789"/>
	<testcase classname="test.tests_conversion.TestConversionApi" name="test_workbook_save_as_md__dot_net_sdk_out_result_post_excel_save_asmd" time="0.712"/>
	<testcase classname="test.tests_conversion.TestConversionApi" name="test_workbook_save_as_mhtml__dot_net_sdk_out_result_post_excel_save_asmhtml" time="1.042"/>
	<testcase classname="test.tests_conversion.TestConversionApi" name="test_workbook_save_as_numbers__dot_net_sdk_out_result_post_excel_save_asnumbers" time="0.849"/>
	<testcase classname="test.tests_conversion.TestConversionApi" name="test_workbook_save_as_ods__dot_net_sdk_out_result_post_excel_save_asods" time="0.766"/>
	<testcase classname="test.tests_conversion.TestConversionApi" name="test_workbook_save_as_pdf__dot_net_sdk_out_result_post_excel_save_aspdf" time="1.018"/>
	<testcase classname="test.tests_conversion.TestConversionApi" name="test_workbook_save_as_png__dot_net_sdk_out_result_post_excel_save_aspng" time="2.113"/>
	<testcase classname="test.tests_conversion.TestConversionApi" name="test_workbook_save_as_pptx__dot_net_sdk_out_result_post_excel_save_aspptx" time="1.330"/>
	<testcase classname="test.tests_conversion.TestConversionApi" name="test_workbook_save_as_sql__dot_net_sdk_out_result_post_excel_save_assql" time="0.768"/>
	<testcase classname="test.tests_conversion.TestConversionApi" name="test_workbook_save_as_svg__dot_net_sdk_out_result_post_excel_save_assvg" time="0.769"/>
	<testcase classname="test.tests_conversion.TestConversionApi" name="test_workbook_save_as_tif__dot_net_sdk_out_result_post_excel_save_astif" time="2.002"/>
	<testcase classname="test.tests_conversion.TestConversionApi" name="test_workbook_save_as_txt__dot_net_sdk_out_result_post_excel_save_astxt" time="0.818"/>
	<testcase classname="test.tests_conversion.TestConversionApi" name="test_workbook_save_as_wmf__dot_net_sdk_out_result_post_excel_save_aswmf" time="2.638"/>
	<testcase classname="test.tests_conversion.TestConversionApi" name="test_workbook_save_as_xls__dot_net_sdk_out_result_post_excel_save_asxls" time="0.999"/>
	<testcase classname="test.tests_conversion.TestConversionApi" name="test_workbook_save_as_xlsb__dot_net_sdk_out_result_post_excel_save_asxlsb" time="0.820"/>
	<testcase classname="test.tests_conversion.TestConversionApi" name="test_workbook_save_as_xlsm__dot_net_sdk_out_result_post_excel_save_asxlsm" time="0.737"/>
	<testcase classname="test.tests_conversion.TestConversionApi" name="test_workbook_save_as_xlsx__dot_net_sdk_out_result_post_excel_save_asxlsx" time="0.874"/>
	<testcase classname="test.tests_conversion.TestConversionApi" name="test_workbook_save_as_xltm__dot_net_sdk_out_result_post_excel_save_asxltm" time="0.734"/>
	<testcase classname="test.tests_conversion.TestConversionApi" name="test_workbook_save_as_xltx__dot_net_sdk_out_result_post_excel_save_asxltx" time="0.948"/>
	<testcase classname="test.tests_conversion.TestConversionApi" name="test_workbook_save_as_xml__dot_net_sdk_out_result_post_excel_save_asxml" time="0.716"/>
	<testcase classname="test.tests_conversion.TestConversionApi" name="test_workbook_save_as_xps__dot_net_sdk_out_result_post_excel_save_asxps" time="0.998"/>
	<system-out><![CDATA[]]></system-out>
	<system-err><![CDATA[]]></system-err>
</testsuite>
