<?xml version="1.0" ?>
<testsuite name="test.tests_chart_area_controller.TestChartAreaControllerApi-20230919143131" tests="9" time="6.428" failures="0" errors="0">
	<testcase classname="test.tests_chart_area_controller.TestChartAreaControllerApi" name="test_get_chart_area" time="1.426"/>
	<testcase classname="test.tests_chart_area_controller.TestChartAreaControllerApi" name="test_get_chart_area_border" time="0.728"/>
	<testcase classname="test.tests_chart_area_controller.TestChartAreaControllerApi" name="test_get_chart_area_fill_format" time="0.560"/>
	<testcase classname="test.tests_chart_area_controller.TestChartAreaControllerApi" name="test_get_chart_area" time="0.588"/>
	<testcase classname="test.tests_chart_area_controller.TestChartAreaControllerApi" name="test_get_chart_area_border" time="0.621"/>
	<testcase classname="test.tests_chart_area_controller.TestChartAreaControllerApi" name="test_get_chart_area_fill_format" time="0.586"/>
	<testcase classname="test.tests_chart_area_controller.TestChartAreaControllerApi" name="test_get_chart_area" time="0.610"/>
	<testcase classname="test.tests_chart_area_controller.TestChartAreaControllerApi" name="test_get_chart_area_border" time="0.644"/>
	<testcase classname="test.tests_chart_area_controller.TestChartAreaControllerApi" name="test_get_chart_area_fill_format" time="0.665"/>
	<system-out><![CDATA[]]></system-out>
	<system-err><![CDATA[]]></system-err>
</testsuite>
