<?xml version="1.0" ?>
<testsuite name="test.tests_pivot_tables_controller.TestPivotTablesControllerApi-20230919143131" tests="63" time="44.971" failures="0" errors="0">
	<testcase classname="test.tests_pivot_tables_controller.TestPivotTablesControllerApi" name="test_delete_pivot_table_field" time="1.526"/>
	<testcase classname="test.tests_pivot_tables_controller.TestPivotTablesControllerApi" name="test_delete_worksheet_pivot_table" time="0.622"/>
	<testcase classname="test.tests_pivot_tables_controller.TestPivotTablesControllerApi" name="test_delete_worksheet_pivot_table_filter" time="0.712"/>
	<testcase classname="test.tests_pivot_tables_controller.TestPivotTablesControllerApi" name="test_delete_worksheet_pivot_table_filters" time="0.657"/>
	<testcase classname="test.tests_pivot_tables_controller.TestPivotTablesControllerApi" name="test_delete_worksheet_pivot_tables" time="0.647"/>
	<testcase classname="test.tests_pivot_tables_controller.TestPivotTablesControllerApi" name="test_get_pivot_table_field" time="0.511"/>
	<testcase classname="test.tests_pivot_tables_controller.TestPivotTablesControllerApi" name="test_get_worksheet_pivot_table" time="0.535"/>
	<testcase classname="test.tests_pivot_tables_controller.TestPivotTablesControllerApi" name="test_get_worksheet_pivot_table_filter" time="0.753"/>
	<testcase classname="test.tests_pivot_tables_controller.TestPivotTablesControllerApi" name="test_get_worksheet_pivot_table_filters" time="0.546"/>
	<testcase classname="test.tests_pivot_tables_controller.TestPivotTablesControllerApi" name="test_get_worksheet_pivot_tables" time="0.565"/>
	<testcase classname="test.tests_pivot_tables_controller.TestPivotTablesControllerApi" name="test_post_pivot_table_cell_style" time="0.589"/>
	<testcase classname="test.tests_pivot_tables_controller.TestPivotTablesControllerApi" name="test_post_pivot_table_field_hide_item" time="0.648"/>
	<testcase classname="test.tests_pivot_tables_controller.TestPivotTablesControllerApi" name="test_post_pivot_table_field_move_to" time="0.639"/>
	<testcase classname="test.tests_pivot_tables_controller.TestPivotTablesControllerApi" name="test_post_pivot_table_style" time="0.720"/>
	<testcase classname="test.tests_pivot_tables_controller.TestPivotTablesControllerApi" name="test_post_pivot_table_update_pivot_field" time="0.644"/>
	<testcase classname="test.tests_pivot_tables_controller.TestPivotTablesControllerApi" name="test_post_pivot_table_update_pivot_fields" time="0.594"/>
	<testcase classname="test.tests_pivot_tables_controller.TestPivotTablesControllerApi" name="test_post_worksheet_pivot_table_calculate" time="0.715"/>
	<testcase classname="test.tests_pivot_tables_controller.TestPivotTablesControllerApi" name="test_post_worksheet_pivot_table_move" time="0.791"/>
	<testcase classname="test.tests_pivot_tables_controller.TestPivotTablesControllerApi" name="test_put_pivot_table_field" time="0.740"/>
	<testcase classname="test.tests_pivot_tables_controller.TestPivotTablesControllerApi" name="test_put_worksheet_pivot_table" time="0.628"/>
	<testcase classname="test.tests_pivot_tables_controller.TestPivotTablesControllerApi" name="test_put_worksheet_pivot_table_filter" time="0.644"/>
	<testcase classname="test.tests_pivot_tables_controller.TestPivotTablesControllerApi" name="test_delete_pivot_table_field" time="0.793"/>
	<testcase classname="test.tests_pivot_tables_controller.TestPivotTablesControllerApi" name="test_delete_worksheet_pivot_table" time="0.646"/>
	<testcase classname="test.tests_pivot_tables_controller.TestPivotTablesControllerApi" name="test_delete_worksheet_pivot_table_filter" time="0.731"/>
	<testcase classname="test.tests_pivot_tables_controller.TestPivotTablesControllerApi" name="test_delete_worksheet_pivot_table_filters" time="0.589"/>
	<testcase classname="test.tests_pivot_tables_controller.TestPivotTablesControllerApi" name="test_delete_worksheet_pivot_tables" time="0.768"/>
	<testcase classname="test.tests_pivot_tables_controller.TestPivotTablesControllerApi" name="test_get_pivot_table_field" time="0.582"/>
	<testcase classname="test.tests_pivot_tables_controller.TestPivotTablesControllerApi" name="test_get_worksheet_pivot_table" time="0.647"/>
	<testcase classname="test.tests_pivot_tables_controller.TestPivotTablesControllerApi" name="test_get_worksheet_pivot_table_filter" time="0.516"/>
	<testcase classname="test.tests_pivot_tables_controller.TestPivotTablesControllerApi" name="test_get_worksheet_pivot_table_filters" time="0.559"/>
	<testcase classname="test.tests_pivot_tables_controller.TestPivotTablesControllerApi" name="test_get_worksheet_pivot_tables" time="0.592"/>
	<testcase classname="test.tests_pivot_tables_controller.TestPivotTablesControllerApi" name="test_post_pivot_table_cell_style" time="0.629"/>
	<testcase classname="test.tests_pivot_tables_controller.TestPivotTablesControllerApi" name="test_post_pivot_table_field_hide_item" time="0.622"/>
	<testcase classname="test.tests_pivot_tables_controller.TestPivotTablesControllerApi" name="test_post_pivot_table_field_move_to" time="0.665"/>
	<testcase classname="test.tests_pivot_tables_controller.TestPivotTablesControllerApi" name="test_post_pivot_table_style" time="0.672"/>
	<testcase classname="test.tests_pivot_tables_controller.TestPivotTablesControllerApi" name="test_post_pivot_table_update_pivot_field" time="0.642"/>
	<testcase classname="test.tests_pivot_tables_controller.TestPivotTablesControllerApi" name="test_post_pivot_table_update_pivot_fields" time="0.747"/>
	<testcase classname="test.tests_pivot_tables_controller.TestPivotTablesControllerApi" name="test_post_worksheet_pivot_table_calculate" time="1.526"/>
	<testcase classname="test.tests_pivot_tables_controller.TestPivotTablesControllerApi" name="test_post_worksheet_pivot_table_move" time="0.653"/>
	<testcase classname="test.tests_pivot_tables_controller.TestPivotTablesControllerApi" name="test_put_pivot_table_field" time="0.644"/>
	<testcase classname="test.tests_pivot_tables_controller.TestPivotTablesControllerApi" name="test_put_worksheet_pivot_table" time="0.649"/>
	<testcase classname="test.tests_pivot_tables_controller.TestPivotTablesControllerApi" name="test_put_worksheet_pivot_table_filter" time="0.619"/>
	<testcase classname="test.tests_pivot_tables_controller.TestPivotTablesControllerApi" name="test_delete_pivot_table_field" time="0.660"/>
	<testcase classname="test.tests_pivot_tables_controller.TestPivotTablesControllerApi" name="test_delete_worksheet_pivot_table" time="0.613"/>
	<testcase classname="test.tests_pivot_tables_controller.TestPivotTablesControllerApi" name="test_delete_worksheet_pivot_table_filter" time="0.707"/>
	<testcase classname="test.tests_pivot_tables_controller.TestPivotTablesControllerApi" name="test_delete_worksheet_pivot_table_filters" time="0.618"/>
	<testcase classname="test.tests_pivot_tables_controller.TestPivotTablesControllerApi" name="test_delete_worksheet_pivot_tables" time="0.735"/>
	<testcase classname="test.tests_pivot_tables_controller.TestPivotTablesControllerApi" name="test_get_pivot_table_field" time="0.562"/>
	<testcase classname="test.tests_pivot_tables_controller.TestPivotTablesControllerApi" name="test_get_worksheet_pivot_table" time="2.888"/>
	<testcase classname="test.tests_pivot_tables_controller.TestPivotTablesControllerApi" name="test_get_worksheet_pivot_table_filter" time="0.572"/>
	<testcase classname="test.tests_pivot_tables_controller.TestPivotTablesControllerApi" name="test_get_worksheet_pivot_table_filters" time="0.543"/>
	<testcase classname="test.tests_pivot_tables_controller.TestPivotTablesControllerApi" name="test_get_worksheet_pivot_tables" time="0.518"/>
	<testcase classname="test.tests_pivot_tables_controller.TestPivotTablesControllerApi" name="test_post_pivot_table_cell_style" time="0.642"/>
	<testcase classname="test.tests_pivot_tables_controller.TestPivotTablesControllerApi" name="test_post_pivot_table_field_hide_item" time="0.726"/>
	<testcase classname="test.tests_pivot_tables_controller.TestPivotTablesControllerApi" name="test_post_pivot_table_field_move_to" time="0.752"/>
	<testcase classname="test.tests_pivot_tables_controller.TestPivotTablesControllerApi" name="test_post_pivot_table_style" time="0.635"/>
	<testcase classname="test.tests_pivot_tables_controller.TestPivotTablesControllerApi" name="test_post_pivot_table_update_pivot_field" time="0.707"/>
	<testcase classname="test.tests_pivot_tables_controller.TestPivotTablesControllerApi" name="test_post_pivot_table_update_pivot_fields" time="0.840"/>
	<testcase classname="test.tests_pivot_tables_controller.TestPivotTablesControllerApi" name="test_post_worksheet_pivot_table_calculate" time="0.644"/>
	<testcase classname="test.tests_pivot_tables_controller.TestPivotTablesControllerApi" name="test_post_worksheet_pivot_table_move" time="0.636"/>
	<testcase classname="test.tests_pivot_tables_controller.TestPivotTablesControllerApi" name="test_put_pivot_table_field" time="0.681"/>
	<testcase classname="test.tests_pivot_tables_controller.TestPivotTablesControllerApi" name="test_put_worksheet_pivot_table" time="0.664"/>
	<testcase classname="test.tests_pivot_tables_controller.TestPivotTablesControllerApi" name="test_put_worksheet_pivot_table_filter" time="0.710"/>
	<system-out><![CDATA[]]></system-out>
	<system-err><![CDATA[]]></system-err>
</testsuite>
