<?xml version="1.0" ?>
<testsuite name="test.tests_ole_objects_controller.TestOleObjectsControllerApi-20230919143131" tests="18" time="16.064" failures="0" errors="0">
	<testcase classname="test.tests_ole_objects_controller.TestOleObjectsControllerApi" name="test_delete_worksheet_ole_object" time="1.624"/>
	<testcase classname="test.tests_ole_objects_controller.TestOleObjectsControllerApi" name="test_delete_worksheet_ole_objects" time="0.778"/>
	<testcase classname="test.tests_ole_objects_controller.TestOleObjectsControllerApi" name="test_get_worksheet_ole_object" time="0.713"/>
	<testcase classname="test.tests_ole_objects_controller.TestOleObjectsControllerApi" name="test_get_worksheet_ole_objects" time="0.610"/>
	<testcase classname="test.tests_ole_objects_controller.TestOleObjectsControllerApi" name="test_post_update_worksheet_ole_object" time="0.854"/>
	<testcase classname="test.tests_ole_objects_controller.TestOleObjectsControllerApi" name="test_put_worksheet_ole_object" time="1.434"/>
	<testcase classname="test.tests_ole_objects_controller.TestOleObjectsControllerApi" name="test_delete_worksheet_ole_object" time="0.710"/>
	<testcase classname="test.tests_ole_objects_controller.TestOleObjectsControllerApi" name="test_delete_worksheet_ole_objects" time="0.650"/>
	<testcase classname="test.tests_ole_objects_controller.TestOleObjectsControllerApi" name="test_get_worksheet_ole_object" time="0.621"/>
	<testcase classname="test.tests_ole_objects_controller.TestOleObjectsControllerApi" name="test_get_worksheet_ole_objects" time="0.565"/>
	<testcase classname="test.tests_ole_objects_controller.TestOleObjectsControllerApi" name="test_post_update_worksheet_ole_object" time="0.778"/>
	<testcase classname="test.tests_ole_objects_controller.TestOleObjectsControllerApi" name="test_put_worksheet_ole_object" time="1.542"/>
	<testcase classname="test.tests_ole_objects_controller.TestOleObjectsControllerApi" name="test_delete_worksheet_ole_object" time="0.769"/>
	<testcase classname="test.tests_ole_objects_controller.TestOleObjectsControllerApi" name="test_delete_worksheet_ole_objects" time="0.747"/>
	<testcase classname="test.tests_ole_objects_controller.TestOleObjectsControllerApi" name="test_get_worksheet_ole_object" time="0.642"/>
	<testcase classname="test.tests_ole_objects_controller.TestOleObjectsControllerApi" name="test_get_worksheet_ole_objects" time="0.715"/>
	<testcase classname="test.tests_ole_objects_controller.TestOleObjectsControllerApi" name="test_post_update_worksheet_ole_object" time="0.843"/>
	<testcase classname="test.tests_ole_objects_controller.TestOleObjectsControllerApi" name="test_put_worksheet_ole_object" time="1.470"/>
	<system-out><![CDATA[]]></system-out>
	<system-err><![CDATA[]]></system-err>
</testsuite>
