<?xml version="1.0" ?>
<testsuite name="test.tests_conversion_png.TestConversionPngApi-20230919143131" tests="84" time="243.671" failures="0" errors="0">
	<testcase classname="test.tests_conversion_png.TestConversionPngApi" name="test_convert_workbook_bmp" time="13.549"/>
	<testcase classname="test.tests_conversion_png.TestConversionPngApi" name="test_convert_workbook_csv" time="0.968"/>
	<testcase classname="test.tests_conversion_png.TestConversionPngApi" name="test_convert_workbook_docx" time="5.201"/>
	<testcase classname="test.tests_conversion_png.TestConversionPngApi" name="test_convert_workbook_emf" time="6.545"/>
	<testcase classname="test.tests_conversion_png.TestConversionPngApi" name="test_convert_workbook_gif" time="3.086"/>
	<testcase classname="test.tests_conversion_png.TestConversionPngApi" name="test_convert_workbook_html" time="2.299"/>
	<testcase classname="test.tests_conversion_png.TestConversionPngApi" name="test_convert_workbook_jpg" time="1.328"/>
	<testcase classname="test.tests_conversion_png.TestConversionPngApi" name="test_convert_workbook_json" time="0.729"/>
	<testcase classname="test.tests_conversion_png.TestConversionPngApi" name="test_convert_workbook_md" time="0.898"/>
	<testcase classname="test.tests_conversion_png.TestConversionPngApi" name="test_convert_workbook_mhtml" time="2.783"/>
	<testcase classname="test.tests_conversion_png.TestConversionPngApi" name="test_convert_workbook_numbers" time="2.207"/>
	<testcase classname="test.tests_conversion_png.TestConversionPngApi" name="test_convert_workbook_ods" time="2.256"/>
	<testcase classname="test.tests_conversion_png.TestConversionPngApi" name="test_convert_workbook_pdf" time="1.495"/>
	<testcase classname="test.tests_conversion_png.TestConversionPngApi" name="test_convert_workbook_png" time="4.762"/>
	<testcase classname="test.tests_conversion_png.TestConversionPngApi" name="test_convert_workbook_pptx" time="5.016"/>
	<testcase classname="test.tests_conversion_png.TestConversionPngApi" name="test_convert_workbook_sql" time="1.108"/>
	<testcase classname="test.tests_conversion_png.TestConversionPngApi" name="test_convert_workbook_svg" time="1.414"/>
	<testcase classname="test.tests_conversion_png.TestConversionPngApi" name="test_convert_workbook_tif" time="4.842"/>
	<testcase classname="test.tests_conversion_png.TestConversionPngApi" name="test_convert_workbook_txt" time="0.710"/>
	<testcase classname="test.tests_conversion_png.TestConversionPngApi" name="test_convert_workbook_wmf" time="7.799"/>
	<testcase classname="test.tests_conversion_png.TestConversionPngApi" name="test_convert_workbook_xls" time="2.437"/>
	<testcase classname="test.tests_conversion_png.TestConversionPngApi" name="test_convert_workbook_xlsb" time="2.311"/>
	<testcase classname="test.tests_conversion_png.TestConversionPngApi" name="test_convert_workbook_xlsm" time="2.327"/>
	<testcase classname="test.tests_conversion_png.TestConversionPngApi" name="test_convert_workbook_xlsx" time="2.294"/>
	<testcase classname="test.tests_conversion_png.TestConversionPngApi" name="test_convert_workbook_xltm" time="2.499"/>
	<testcase classname="test.tests_conversion_png.TestConversionPngApi" name="test_convert_workbook_xltx" time="2.337"/>
	<testcase classname="test.tests_conversion_png.TestConversionPngApi" name="test_convert_workbook_xml" time="0.982"/>
	<testcase classname="test.tests_conversion_png.TestConversionPngApi" name="test_convert_workbook_xps" time="1.372"/>
	<testcase classname="test.tests_conversion_png.TestConversionPngApi" name="test_convert_workbook_bmp" time="5.628"/>
	<testcase classname="test.tests_conversion_png.TestConversionPngApi" name="test_convert_workbook_csv" time="0.908"/>
	<testcase classname="test.tests_conversion_png.TestConversionPngApi" name="test_convert_workbook_docx" time="5.514"/>
	<testcase classname="test.tests_conversion_png.TestConversionPngApi" name="test_convert_workbook_emf" time="7.814"/>
	<testcase classname="test.tests_conversion_png.TestConversionPngApi" name="test_convert_workbook_gif" time="3.032"/>
	<testcase classname="test.tests_conversion_png.TestConversionPngApi" name="test_convert_workbook_html" time="2.686"/>
	<testcase classname="test.tests_conversion_png.TestConversionPngApi" name="test_convert_workbook_jpg" time="1.442"/>
	<testcase classname="test.tests_conversion_png.TestConversionPngApi" name="test_convert_workbook_json" time="0.900"/>
	<testcase classname="test.tests_conversion_png.TestConversionPngApi" name="test_convert_workbook_md" time="0.984"/>
	<testcase classname="test.tests_conversion_png.TestConversionPngApi" name="test_convert_workbook_mhtml" time="2.490"/>
	<testcase classname="test.tests_conversion_png.TestConversionPngApi" name="test_convert_workbook_numbers" time="2.516"/>
	<testcase classname="test.tests_conversion_png.TestConversionPngApi" name="test_convert_workbook_ods" time="2.416"/>
	<testcase classname="test.tests_conversion_png.TestConversionPngApi" name="test_convert_workbook_pdf" time="1.188"/>
	<testcase classname="test.tests_conversion_png.TestConversionPngApi" name="test_convert_workbook_png" time="4.541"/>
	<testcase classname="test.tests_conversion_png.TestConversionPngApi" name="test_convert_workbook_pptx" time="4.828"/>
	<testcase classname="test.tests_conversion_png.TestConversionPngApi" name="test_convert_workbook_sql" time="0.911"/>
	<testcase classname="test.tests_conversion_png.TestConversionPngApi" name="test_convert_workbook_svg" time="1.351"/>
	<testcase classname="test.tests_conversion_png.TestConversionPngApi" name="test_convert_workbook_tif" time="4.067"/>
	<testcase classname="test.tests_conversion_png.TestConversionPngApi" name="test_convert_workbook_txt" time="0.828"/>
	<testcase classname="test.tests_conversion_png.TestConversionPngApi" name="test_convert_workbook_wmf" time="7.697"/>
	<testcase classname="test.tests_conversion_png.TestConversionPngApi" name="test_convert_workbook_xls" time="1.857"/>
	<testcase classname="test.tests_conversion_png.TestConversionPngApi" name="test_convert_workbook_xlsb" time="2.215"/>
	<testcase classname="test.tests_conversion_png.TestConversionPngApi" name="test_convert_workbook_xlsm" time="2.221"/>
	<testcase classname="test.tests_conversion_png.TestConversionPngApi" name="test_convert_workbook_xlsx" time="2.499"/>
	<testcase classname="test.tests_conversion_png.TestConversionPngApi" name="test_convert_workbook_xltm" time="2.180"/>
	<testcase classname="test.tests_conversion_png.TestConversionPngApi" name="test_convert_workbook_xltx" time="1.978"/>
	<testcase classname="test.tests_conversion_png.TestConversionPngApi" name="test_convert_workbook_xml" time="0.750"/>
	<testcase classname="test.tests_conversion_png.TestConversionPngApi" name="test_convert_workbook_xps" time="1.227"/>
	<testcase classname="test.tests_conversion_png.TestConversionPngApi" name="test_convert_workbook_bmp" time="7.152"/>
	<testcase classname="test.tests_conversion_png.TestConversionPngApi" name="test_convert_workbook_csv" time="0.892"/>
	<testcase classname="test.tests_conversion_png.TestConversionPngApi" name="test_convert_workbook_docx" time="4.896"/>
	<testcase classname="test.tests_conversion_png.TestConversionPngApi" name="test_convert_workbook_emf" time="7.823"/>
	<testcase classname="test.tests_conversion_png.TestConversionPngApi" name="test_convert_workbook_gif" time="2.743"/>
	<testcase classname="test.tests_conversion_png.TestConversionPngApi" name="test_convert_workbook_html" time="3.018"/>
	<testcase classname="test.tests_conversion_png.TestConversionPngApi" name="test_convert_workbook_jpg" time="1.252"/>
	<testcase classname="test.tests_conversion_png.TestConversionPngApi" name="test_convert_workbook_json" time="0.837"/>
	<testcase classname="test.tests_conversion_png.TestConversionPngApi" name="test_convert_workbook_md" time="0.797"/>
	<testcase classname="test.tests_conversion_png.TestConversionPngApi" name="test_convert_workbook_mhtml" time="2.761"/>
	<testcase classname="test.tests_conversion_png.TestConversionPngApi" name="test_convert_workbook_numbers" time="2.674"/>
	<testcase classname="test.tests_conversion_png.TestConversionPngApi" name="test_convert_workbook_ods" time="2.425"/>
	<testcase classname="test.tests_conversion_png.TestConversionPngApi" name="test_convert_workbook_pdf" time="1.511"/>
	<testcase classname="test.tests_conversion_png.TestConversionPngApi" name="test_convert_workbook_png" time="4.920"/>
	<testcase classname="test.tests_conversion_png.TestConversionPngApi" name="test_convert_workbook_pptx" time="5.164"/>
	<testcase classname="test.tests_conversion_png.TestConversionPngApi" name="test_convert_workbook_sql" time="0.937"/>
	<testcase classname="test.tests_conversion_png.TestConversionPngApi" name="test_convert_workbook_svg" time="1.409"/>
	<testcase classname="test.tests_conversion_png.TestConversionPngApi" name="test_convert_workbook_tif" time="3.783"/>
	<testcase classname="test.tests_conversion_png.TestConversionPngApi" name="test_convert_workbook_txt" time="0.861"/>
	<testcase classname="test.tests_conversion_png.TestConversionPngApi" name="test_convert_workbook_wmf" time="7.731"/>
	<testcase classname="test.tests_conversion_png.TestConversionPngApi" name="test_convert_workbook_xls" time="2.445"/>
	<testcase classname="test.tests_conversion_png.TestConversionPngApi" name="test_convert_workbook_xlsb" time="2.411"/>
	<testcase classname="test.tests_conversion_png.TestConversionPngApi" name="test_convert_workbook_xlsm" time="2.574"/>
	<testcase classname="test.tests_conversion_png.TestConversionPngApi" name="test_convert_workbook_xlsx" time="2.386"/>
	<testcase classname="test.tests_conversion_png.TestConversionPngApi" name="test_convert_workbook_xltm" time="2.712"/>
	<testcase classname="test.tests_conversion_png.TestConversionPngApi" name="test_convert_workbook_xltx" time="2.552"/>
	<testcase classname="test.tests_conversion_png.TestConversionPngApi" name="test_convert_workbook_xml" time="0.780"/>
	<testcase classname="test.tests_conversion_png.TestConversionPngApi" name="test_convert_workbook_xps" time="1.997"/>
	<system-out><![CDATA[]]></system-out>
	<system-err><![CDATA[]]></system-err>
</testsuite>
