<?xml version="1.0" ?>
<testsuite name="test.tests_conversion_json.TestConversionJsonApi-20230919143131" tests="84" time="63.011" failures="0" errors="0">
	<testcase classname="test.tests_conversion_json.TestConversionJsonApi" name="test_convert_workbook_bmp" time="5.320"/>
	<testcase classname="test.tests_conversion_json.TestConversionJsonApi" name="test_convert_workbook_csv" time="0.500"/>
	<testcase classname="test.tests_conversion_json.TestConversionJsonApi" name="test_convert_workbook_docx" time="0.527"/>
	<testcase classname="test.tests_conversion_json.TestConversionJsonApi" name="test_convert_workbook_emf" time="1.292"/>
	<testcase classname="test.tests_conversion_json.TestConversionJsonApi" name="test_convert_workbook_gif" time="1.190"/>
	<testcase classname="test.tests_conversion_json.TestConversionJsonApi" name="test_convert_workbook_html" time="0.541"/>
	<testcase classname="test.tests_conversion_json.TestConversionJsonApi" name="test_convert_workbook_jpg" time="0.607"/>
	<testcase classname="test.tests_conversion_json.TestConversionJsonApi" name="test_convert_workbook_json" time="0.487"/>
	<testcase classname="test.tests_conversion_json.TestConversionJsonApi" name="test_convert_workbook_md" time="0.458"/>
	<testcase classname="test.tests_conversion_json.TestConversionJsonApi" name="test_convert_workbook_mhtml" time="0.524"/>
	<testcase classname="test.tests_conversion_json.TestConversionJsonApi" name="test_convert_workbook_numbers" time="0.506"/>
	<testcase classname="test.tests_conversion_json.TestConversionJsonApi" name="test_convert_workbook_ods" time="0.483"/>
	<testcase classname="test.tests_conversion_json.TestConversionJsonApi" name="test_convert_workbook_pdf" time="0.545"/>
	<testcase classname="test.tests_conversion_json.TestConversionJsonApi" name="test_convert_workbook_png" time="0.739"/>
	<testcase classname="test.tests_conversion_json.TestConversionJsonApi" name="test_convert_workbook_pptx" time="0.577"/>
	<testcase classname="test.tests_conversion_json.TestConversionJsonApi" name="test_convert_workbook_sql" time="0.527"/>
	<testcase classname="test.tests_conversion_json.TestConversionJsonApi" name="test_convert_workbook_svg" time="0.495"/>
	<testcase classname="test.tests_conversion_json.TestConversionJsonApi" name="test_convert_workbook_tif" time="0.936"/>
	<testcase classname="test.tests_conversion_json.TestConversionJsonApi" name="test_convert_workbook_txt" time="0.542"/>
	<testcase classname="test.tests_conversion_json.TestConversionJsonApi" name="test_convert_workbook_wmf" time="1.983"/>
	<testcase classname="test.tests_conversion_json.TestConversionJsonApi" name="test_convert_workbook_xls" time="0.461"/>
	<testcase classname="test.tests_conversion_json.TestConversionJsonApi" name="test_convert_workbook_xlsb" time="0.559"/>
	<testcase classname="test.tests_conversion_json.TestConversionJsonApi" name="test_convert_workbook_xlsm" time="0.582"/>
	<testcase classname="test.tests_conversion_json.TestConversionJsonApi" name="test_convert_workbook_xlsx" time="0.504"/>
	<testcase classname="test.tests_conversion_json.TestConversionJsonApi" name="test_convert_workbook_xltm" time="1.012"/>
	<testcase classname="test.tests_conversion_json.TestConversionJsonApi" name="test_convert_workbook_xltx" time="0.535"/>
	<testcase classname="test.tests_conversion_json.TestConversionJsonApi" name="test_convert_workbook_xml" time="0.482"/>
	<testcase classname="test.tests_conversion_json.TestConversionJsonApi" name="test_convert_workbook_xps" time="0.497"/>
	<testcase classname="test.tests_conversion_json.TestConversionJsonApi" name="test_convert_workbook_bmp" time="2.085"/>
	<testcase classname="test.tests_conversion_json.TestConversionJsonApi" name="test_convert_workbook_csv" time="0.568"/>
	<testcase classname="test.tests_conversion_json.TestConversionJsonApi" name="test_convert_workbook_docx" time="0.571"/>
	<testcase classname="test.tests_conversion_json.TestConversionJsonApi" name="test_convert_workbook_emf" time="1.041"/>
	<testcase classname="test.tests_conversion_json.TestConversionJsonApi" name="test_convert_workbook_gif" time="1.036"/>
	<testcase classname="test.tests_conversion_json.TestConversionJsonApi" name="test_convert_workbook_html" time="0.494"/>
	<testcase classname="test.tests_conversion_json.TestConversionJsonApi" name="test_convert_workbook_jpg" time="0.581"/>
	<testcase classname="test.tests_conversion_json.TestConversionJsonApi" name="test_convert_workbook_json" time="0.524"/>
	<testcase classname="test.tests_conversion_json.TestConversionJsonApi" name="test_convert_workbook_md" time="0.510"/>
	<testcase classname="test.tests_conversion_json.TestConversionJsonApi" name="test_convert_workbook_mhtml" time="0.475"/>
	<testcase classname="test.tests_conversion_json.TestConversionJsonApi" name="test_convert_workbook_numbers" time="0.499"/>
	<testcase classname="test.tests_conversion_json.TestConversionJsonApi" name="test_convert_workbook_ods" time="0.527"/>
	<testcase classname="test.tests_conversion_json.TestConversionJsonApi" name="test_convert_workbook_pdf" time="0.599"/>
	<testcase classname="test.tests_conversion_json.TestConversionJsonApi" name="test_convert_workbook_png" time="0.877"/>
	<testcase classname="test.tests_conversion_json.TestConversionJsonApi" name="test_convert_workbook_pptx" time="0.639"/>
	<testcase classname="test.tests_conversion_json.TestConversionJsonApi" name="test_convert_workbook_sql" time="0.461"/>
	<testcase classname="test.tests_conversion_json.TestConversionJsonApi" name="test_convert_workbook_svg" time="0.482"/>
	<testcase classname="test.tests_conversion_json.TestConversionJsonApi" name="test_convert_workbook_tif" time="0.694"/>
	<testcase classname="test.tests_conversion_json.TestConversionJsonApi" name="test_convert_workbook_txt" time="0.515"/>
	<testcase classname="test.tests_conversion_json.TestConversionJsonApi" name="test_convert_workbook_wmf" time="1.252"/>
	<testcase classname="test.tests_conversion_json.TestConversionJsonApi" name="test_convert_workbook_xls" time="0.460"/>
	<testcase classname="test.tests_conversion_json.TestConversionJsonApi" name="test_convert_workbook_xlsb" time="0.548"/>
	<testcase classname="test.tests_conversion_json.TestConversionJsonApi" name="test_convert_workbook_xlsm" time="0.561"/>
	<testcase classname="test.tests_conversion_json.TestConversionJsonApi" name="test_convert_workbook_xlsx" time="0.525"/>
	<testcase classname="test.tests_conversion_json.TestConversionJsonApi" name="test_convert_workbook_xltm" time="0.523"/>
	<testcase classname="test.tests_conversion_json.TestConversionJsonApi" name="test_convert_workbook_xltx" time="0.460"/>
	<testcase classname="test.tests_conversion_json.TestConversionJsonApi" name="test_convert_workbook_xml" time="0.465"/>
	<testcase classname="test.tests_conversion_json.TestConversionJsonApi" name="test_convert_workbook_xps" time="0.488"/>
	<testcase classname="test.tests_conversion_json.TestConversionJsonApi" name="test_convert_workbook_bmp" time="3.876"/>
	<testcase classname="test.tests_conversion_json.TestConversionJsonApi" name="test_convert_workbook_csv" time="0.501"/>
	<testcase classname="test.tests_conversion_json.TestConversionJsonApi" name="test_convert_workbook_docx" time="0.499"/>
	<testcase classname="test.tests_conversion_json.TestConversionJsonApi" name="test_convert_workbook_emf" time="1.467"/>
	<testcase classname="test.tests_conversion_json.TestConversionJsonApi" name="test_convert_workbook_gif" time="1.191"/>
	<testcase classname="test.tests_conversion_json.TestConversionJsonApi" name="test_convert_workbook_html" time="0.538"/>
	<testcase classname="test.tests_conversion_json.TestConversionJsonApi" name="test_convert_workbook_jpg" time="0.556"/>
	<testcase classname="test.tests_conversion_json.TestConversionJsonApi" name="test_convert_workbook_json" time="0.508"/>
	<testcase classname="test.tests_conversion_json.TestConversionJsonApi" name="test_convert_workbook_md" time="0.607"/>
	<testcase classname="test.tests_conversion_json.TestConversionJsonApi" name="test_convert_workbook_mhtml" time="0.517"/>
	<testcase classname="test.tests_conversion_json.TestConversionJsonApi" name="test_convert_workbook_numbers" time="0.553"/>
	<testcase classname="test.tests_conversion_json.TestConversionJsonApi" name="test_convert_workbook_ods" time="0.504"/>
	<testcase classname="test.tests_conversion_json.TestConversionJsonApi" name="test_convert_workbook_pdf" time="0.481"/>
	<testcase classname="test.tests_conversion_json.TestConversionJsonApi" name="test_convert_workbook_png" time="0.851"/>
	<testcase classname="test.tests_conversion_json.TestConversionJsonApi" name="test_convert_workbook_pptx" time="0.509"/>
	<testcase classname="test.tests_conversion_json.TestConversionJsonApi" name="test_convert_workbook_sql" time="0.494"/>
	<testcase classname="test.tests_conversion_json.TestConversionJsonApi" name="test_convert_workbook_svg" time="0.481"/>
	<testcase classname="test.tests_conversion_json.TestConversionJsonApi" name="test_convert_workbook_tif" time="0.742"/>
	<testcase classname="test.tests_conversion_json.TestConversionJsonApi" name="test_convert_workbook_txt" time="0.518"/>
	<testcase classname="test.tests_conversion_json.TestConversionJsonApi" name="test_convert_workbook_wmf" time="1.450"/>
	<testcase classname="test.tests_conversion_json.TestConversionJsonApi" name="test_convert_workbook_xls" time="0.533"/>
	<testcase classname="test.tests_conversion_json.TestConversionJsonApi" name="test_convert_workbook_xlsb" time="0.515"/>
	<testcase classname="test.tests_conversion_json.TestConversionJsonApi" name="test_convert_workbook_xlsm" time="0.532"/>
	<testcase classname="test.tests_conversion_json.TestConversionJsonApi" name="test_convert_workbook_xlsx" time="0.509"/>
	<testcase classname="test.tests_conversion_json.TestConversionJsonApi" name="test_convert_workbook_xltm" time="0.477"/>
	<testcase classname="test.tests_conversion_json.TestConversionJsonApi" name="test_convert_workbook_xltx" time="0.608"/>
	<testcase classname="test.tests_conversion_json.TestConversionJsonApi" name="test_convert_workbook_xml" time="0.572"/>
	<testcase classname="test.tests_conversion_json.TestConversionJsonApi" name="test_convert_workbook_xps" time="0.550"/>
	<system-out><![CDATA[]]></system-out>
	<system-err><![CDATA[]]></system-err>
</testsuite>
