<?xml version="1.0" ?>
<testsuite name="test.tests_cells_status_controller.TestCellsStatusControllerApi-20230919143131" tests="6" time="4.296" failures="0" errors="0">
	<testcase classname="test.tests_cells_status_controller.TestCellsStatusControllerApi" name="test_get_cells_cloud_service_status" time="1.411"/>
	<testcase classname="test.tests_cells_status_controller.TestCellsStatusControllerApi" name="test_get_cells_cloud_services_health_check" time="0.684"/>
	<testcase classname="test.tests_cells_status_controller.TestCellsStatusControllerApi" name="test_get_cells_cloud_service_status" time="0.513"/>
	<testcase classname="test.tests_cells_status_controller.TestCellsStatusControllerApi" name="test_get_cells_cloud_services_health_check" time="0.584"/>
	<testcase classname="test.tests_cells_status_controller.TestCellsStatusControllerApi" name="test_get_cells_cloud_service_status" time="0.561"/>
	<testcase classname="test.tests_cells_status_controller.TestCellsStatusControllerApi" name="test_get_cells_cloud_services_health_check" time="0.543"/>
	<system-out><![CDATA[]]></system-out>
	<system-err><![CDATA[]]></system-err>
</testsuite>
