<?xml version="1.0" ?>
<testsuite name="test.tests_pictures_controller.TestPicturesControllerApi-20230919143131" tests="18" time="15.139" failures="0" errors="0">
	<testcase classname="test.tests_pictures_controller.TestPicturesControllerApi" name="test_delete_worksheet_picture" time="1.626"/>
	<testcase classname="test.tests_pictures_controller.TestPicturesControllerApi" name="test_delete_worksheet_pictures" time="0.790"/>
	<testcase classname="test.tests_pictures_controller.TestPicturesControllerApi" name="test_get_worksheet_picture_with_format" time="0.651"/>
	<testcase classname="test.tests_pictures_controller.TestPicturesControllerApi" name="test_get_worksheet_pictures" time="0.660"/>
	<testcase classname="test.tests_pictures_controller.TestPicturesControllerApi" name="test_post_worksheet_picture" time="0.823"/>
	<testcase classname="test.tests_pictures_controller.TestPicturesControllerApi" name="test_put_worksheet_add_picture" time="1.027"/>
	<testcase classname="test.tests_pictures_controller.TestPicturesControllerApi" name="test_delete_worksheet_picture" time="0.794"/>
	<testcase classname="test.tests_pictures_controller.TestPicturesControllerApi" name="test_delete_worksheet_pictures" time="0.658"/>
	<testcase classname="test.tests_pictures_controller.TestPicturesControllerApi" name="test_get_worksheet_picture_with_format" time="0.608"/>
	<testcase classname="test.tests_pictures_controller.TestPicturesControllerApi" name="test_get_worksheet_pictures" time="0.734"/>
	<testcase classname="test.tests_pictures_controller.TestPicturesControllerApi" name="test_post_worksheet_picture" time="0.724"/>
	<testcase classname="test.tests_pictures_controller.TestPicturesControllerApi" name="test_put_worksheet_add_picture" time="1.154"/>
	<testcase classname="test.tests_pictures_controller.TestPicturesControllerApi" name="test_delete_worksheet_picture" time="0.669"/>
	<testcase classname="test.tests_pictures_controller.TestPicturesControllerApi" name="test_delete_worksheet_pictures" time="0.663"/>
	<testcase classname="test.tests_pictures_controller.TestPicturesControllerApi" name="test_get_worksheet_picture_with_format" time="0.671"/>
	<testcase classname="test.tests_pictures_controller.TestPicturesControllerApi" name="test_get_worksheet_pictures" time="0.597"/>
	<testcase classname="test.tests_pictures_controller.TestPicturesControllerApi" name="test_post_worksheet_picture" time="1.053"/>
	<testcase classname="test.tests_pictures_controller.TestPicturesControllerApi" name="test_put_worksheet_add_picture" time="1.239"/>
	<system-out><![CDATA[]]></system-out>
	<system-err><![CDATA[]]></system-err>
</testsuite>
