<?xml version="1.0" ?>
<testsuite name="test.tests_cells_controller.TestCellsControllerApi-20230919143131" tests="120" time="94.579" failures="0" errors="0">
	<testcase classname="test.tests_cells_controller.TestCellsControllerApi" name="test_delete_worksheet_columns" time="1.737"/>
	<testcase classname="test.tests_cells_controller.TestCellsControllerApi" name="test_delete_worksheet_row" time="0.812"/>
	<testcase classname="test.tests_cells_controller.TestCellsControllerApi" name="test_delete_worksheet_rows" time="0.796"/>
	<testcase classname="test.tests_cells_controller.TestCellsControllerApi" name="test_get_cell_html_string" time="0.600"/>
	<testcase classname="test.tests_cells_controller.TestCellsControllerApi" name="test_get_worksheet_cell" time="0.634"/>
	<testcase classname="test.tests_cells_controller.TestCellsControllerApi" name="test_get_worksheet_cell_style" time="0.663"/>
	<testcase classname="test.tests_cells_controller.TestCellsControllerApi" name="test_get_worksheet_cells" time="0.619"/>
	<testcase classname="test.tests_cells_controller.TestCellsControllerApi" name="test_get_worksheet_column" time="0.581"/>
	<testcase classname="test.tests_cells_controller.TestCellsControllerApi" name="test_get_worksheet_columns" time="0.653"/>
	<testcase classname="test.tests_cells_controller.TestCellsControllerApi" name="test_get_worksheet_row" time="0.671"/>
	<testcase classname="test.tests_cells_controller.TestCellsControllerApi" name="test_get_worksheet_rows" time="0.668"/>
	<testcase classname="test.tests_cells_controller.TestCellsControllerApi" name="test_post_cell_calculate" time="0.878"/>
	<testcase classname="test.tests_cells_controller.TestCellsControllerApi" name="test_post_cell_characters" time="0.884"/>
	<testcase classname="test.tests_cells_controller.TestCellsControllerApi" name="test_post_clear_contents" time="0.863"/>
	<testcase classname="test.tests_cells_controller.TestCellsControllerApi" name="test_post_clear_formats" time="0.676"/>
	<testcase classname="test.tests_cells_controller.TestCellsControllerApi" name="test_post_column_style" time="0.800"/>
	<testcase classname="test.tests_cells_controller.TestCellsControllerApi" name="test_post_copy_cell_into_cell" time="0.810"/>
	<testcase classname="test.tests_cells_controller.TestCellsControllerApi" name="test_post_copy_worksheet_columns" time="0.898"/>
	<testcase classname="test.tests_cells_controller.TestCellsControllerApi" name="test_post_copy_worksheet_rows" time="0.746"/>
	<testcase classname="test.tests_cells_controller.TestCellsControllerApi" name="test_post_group_worksheet_columns" time="0.902"/>
	<testcase classname="test.tests_cells_controller.TestCellsControllerApi" name="test_post_group_worksheet_rows" time="1.007"/>
	<testcase classname="test.tests_cells_controller.TestCellsControllerApi" name="test_post_hide_worksheet_columns" time="0.837"/>
	<testcase classname="test.tests_cells_controller.TestCellsControllerApi" name="test_post_hide_worksheet_rows" time="0.822"/>
	<testcase classname="test.tests_cells_controller.TestCellsControllerApi" name="test_post_row_style" time="0.825"/>
	<testcase classname="test.tests_cells_controller.TestCellsControllerApi" name="test_post_set_cell_html_string" time="0.808"/>
	<testcase classname="test.tests_cells_controller.TestCellsControllerApi" name="test_post_set_cell_range_value" time="0.671"/>
	<testcase classname="test.tests_cells_controller.TestCellsControllerApi" name="test_post_set_worksheet_column_width" time="0.749"/>
	<testcase classname="test.tests_cells_controller.TestCellsControllerApi" name="test_post_ungroup_worksheet_columns" time="0.799"/>
	<testcase classname="test.tests_cells_controller.TestCellsControllerApi" name="test_post_ungroup_worksheet_rows" time="0.835"/>
	<testcase classname="test.tests_cells_controller.TestCellsControllerApi" name="test_post_unhide_worksheet_columns" time="1.163"/>
	<testcase classname="test.tests_cells_controller.TestCellsControllerApi" name="test_post_unhide_worksheet_rows" time="0.924"/>
	<testcase classname="test.tests_cells_controller.TestCellsControllerApi" name="test_post_update_worksheet_cell_style" time="0.816"/>
	<testcase classname="test.tests_cells_controller.TestCellsControllerApi" name="test_post_update_worksheet_range_style" time="0.879"/>
	<testcase classname="test.tests_cells_controller.TestCellsControllerApi" name="test_post_update_worksheet_row" time="0.821"/>
	<testcase classname="test.tests_cells_controller.TestCellsControllerApi" name="test_post_worksheet_cell_set_value" time="0.717"/>
	<testcase classname="test.tests_cells_controller.TestCellsControllerApi" name="test_post_worksheet_merge" time="0.691"/>
	<testcase classname="test.tests_cells_controller.TestCellsControllerApi" name="test_post_worksheet_unmerge" time="1.038"/>
	<testcase classname="test.tests_cells_controller.TestCellsControllerApi" name="test_put_insert_worksheet_columns" time="0.983"/>
	<testcase classname="test.tests_cells_controller.TestCellsControllerApi" name="test_put_insert_worksheet_row" time="0.731"/>
	<testcase classname="test.tests_cells_controller.TestCellsControllerApi" name="test_put_insert_worksheet_rows" time="0.791"/>
	<testcase classname="test.tests_cells_controller.TestCellsControllerApi" name="test_delete_worksheet_columns" time="0.816"/>
	<testcase classname="test.tests_cells_controller.TestCellsControllerApi" name="test_delete_worksheet_row" time="0.785"/>
	<testcase classname="test.tests_cells_controller.TestCellsControllerApi" name="test_delete_worksheet_rows" time="0.743"/>
	<testcase classname="test.tests_cells_controller.TestCellsControllerApi" name="test_get_cell_html_string" time="0.584"/>
	<testcase classname="test.tests_cells_controller.TestCellsControllerApi" name="test_get_worksheet_cell" time="0.626"/>
	<testcase classname="test.tests_cells_controller.TestCellsControllerApi" name="test_get_worksheet_cell_style" time="0.595"/>
	<testcase classname="test.tests_cells_controller.TestCellsControllerApi" name="test_get_worksheet_cells" time="0.580"/>
	<testcase classname="test.tests_cells_controller.TestCellsControllerApi" name="test_get_worksheet_column" time="0.545"/>
	<testcase classname="test.tests_cells_controller.TestCellsControllerApi" name="test_get_worksheet_columns" time="0.592"/>
	<testcase classname="test.tests_cells_controller.TestCellsControllerApi" name="test_get_worksheet_row" time="0.647"/>
	<testcase classname="test.tests_cells_controller.TestCellsControllerApi" name="test_get_worksheet_rows" time="0.627"/>
	<testcase classname="test.tests_cells_controller.TestCellsControllerApi" name="test_post_cell_calculate" time="0.770"/>
	<testcase classname="test.tests_cells_controller.TestCellsControllerApi" name="test_post_cell_characters" time="0.779"/>
	<testcase classname="test.tests_cells_controller.TestCellsControllerApi" name="test_post_clear_contents" time="0.871"/>
	<testcase classname="test.tests_cells_controller.TestCellsControllerApi" name="test_post_clear_formats" time="0.747"/>
	<testcase classname="test.tests_cells_controller.TestCellsControllerApi" name="test_post_column_style" time="0.861"/>
	<testcase classname="test.tests_cells_controller.TestCellsControllerApi" name="test_post_copy_cell_into_cell" time="0.867"/>
	<testcase classname="test.tests_cells_controller.TestCellsControllerApi" name="test_post_copy_worksheet_columns" time="0.846"/>
	<testcase classname="test.tests_cells_controller.TestCellsControllerApi" name="test_post_copy_worksheet_rows" time="0.775"/>
	<testcase classname="test.tests_cells_controller.TestCellsControllerApi" name="test_post_group_worksheet_columns" time="0.770"/>
	<testcase classname="test.tests_cells_controller.TestCellsControllerApi" name="test_post_group_worksheet_rows" time="0.943"/>
	<testcase classname="test.tests_cells_controller.TestCellsControllerApi" name="test_post_hide_worksheet_columns" time="1.099"/>
	<testcase classname="test.tests_cells_controller.TestCellsControllerApi" name="test_post_hide_worksheet_rows" time="0.710"/>
	<testcase classname="test.tests_cells_controller.TestCellsControllerApi" name="test_post_row_style" time="0.814"/>
	<testcase classname="test.tests_cells_controller.TestCellsControllerApi" name="test_post_set_cell_html_string" time="0.836"/>
	<testcase classname="test.tests_cells_controller.TestCellsControllerApi" name="test_post_set_cell_range_value" time="0.761"/>
	<testcase classname="test.tests_cells_controller.TestCellsControllerApi" name="test_post_set_worksheet_column_width" time="0.896"/>
	<testcase classname="test.tests_cells_controller.TestCellsControllerApi" name="test_post_ungroup_worksheet_columns" time="0.856"/>
	<testcase classname="test.tests_cells_controller.TestCellsControllerApi" name="test_post_ungroup_worksheet_rows" time="0.925"/>
	<testcase classname="test.tests_cells_controller.TestCellsControllerApi" name="test_post_unhide_worksheet_columns" time="0.714"/>
	<testcase classname="test.tests_cells_controller.TestCellsControllerApi" name="test_post_unhide_worksheet_rows" time="0.765"/>
	<testcase classname="test.tests_cells_controller.TestCellsControllerApi" name="test_post_update_worksheet_cell_style" time="0.819"/>
	<testcase classname="test.tests_cells_controller.TestCellsControllerApi" name="test_post_update_worksheet_range_style" time="0.751"/>
	<testcase classname="test.tests_cells_controller.TestCellsControllerApi" name="test_post_update_worksheet_row" time="0.841"/>
	<testcase classname="test.tests_cells_controller.TestCellsControllerApi" name="test_post_worksheet_cell_set_value" time="0.898"/>
	<testcase classname="test.tests_cells_controller.TestCellsControllerApi" name="test_post_worksheet_merge" time="0.814"/>
	<testcase classname="test.tests_cells_controller.TestCellsControllerApi" name="test_post_worksheet_unmerge" time="0.919"/>
	<testcase classname="test.tests_cells_controller.TestCellsControllerApi" name="test_put_insert_worksheet_columns" time="0.815"/>
	<testcase classname="test.tests_cells_controller.TestCellsControllerApi" name="test_put_insert_worksheet_row" time="0.783"/>
	<testcase classname="test.tests_cells_controller.TestCellsControllerApi" name="test_put_insert_worksheet_rows" time="0.875"/>
	<testcase classname="test.tests_cells_controller.TestCellsControllerApi" name="test_delete_worksheet_columns" time="0.826"/>
	<testcase classname="test.tests_cells_controller.TestCellsControllerApi" name="test_delete_worksheet_row" time="0.853"/>
	<testcase classname="test.tests_cells_controller.TestCellsControllerApi" name="test_delete_worksheet_rows" time="0.783"/>
	<testcase classname="test.tests_cells_controller.TestCellsControllerApi" name="test_get_cell_html_string" time="0.656"/>
	<testcase classname="test.tests_cells_controller.TestCellsControllerApi" name="test_get_worksheet_cell" time="0.568"/>
	<testcase classname="test.tests_cells_controller.TestCellsControllerApi" name="test_get_worksheet_cell_style" time="0.603"/>
	<testcase classname="test.tests_cells_controller.TestCellsControllerApi" name="test_get_worksheet_cells" time="0.568"/>
	<testcase classname="test.tests_cells_controller.TestCellsControllerApi" name="test_get_worksheet_column" time="0.629"/>
	<testcase classname="test.tests_cells_controller.TestCellsControllerApi" name="test_get_worksheet_columns" time="0.628"/>
	<testcase classname="test.tests_cells_controller.TestCellsControllerApi" name="test_get_worksheet_row" time="0.573"/>
	<testcase classname="test.tests_cells_controller.TestCellsControllerApi" name="test_get_worksheet_rows" time="0.629"/>
	<testcase classname="test.tests_cells_controller.TestCellsControllerApi" name="test_post_cell_calculate" time="0.847"/>
	<testcase classname="test.tests_cells_controller.TestCellsControllerApi" name="test_post_cell_characters" time="0.723"/>
	<testcase classname="test.tests_cells_controller.TestCellsControllerApi" name="test_post_clear_contents" time="0.820"/>
	<testcase classname="test.tests_cells_controller.TestCellsControllerApi" name="test_post_clear_formats" time="0.959"/>
	<testcase classname="test.tests_cells_controller.TestCellsControllerApi" name="test_post_column_style" time="0.871"/>
	<testcase classname="test.tests_cells_controller.TestCellsControllerApi" name="test_post_copy_cell_into_cell" time="0.792"/>
	<testcase classname="test.tests_cells_controller.TestCellsControllerApi" name="test_post_copy_worksheet_columns" time="0.792"/>
	<testcase classname="test.tests_cells_controller.TestCellsControllerApi" name="test_post_copy_worksheet_rows" time="0.792"/>
	<testcase classname="test.tests_cells_controller.TestCellsControllerApi" name="test_post_group_worksheet_columns" time="0.677"/>
	<testcase classname="test.tests_cells_controller.TestCellsControllerApi" name="test_post_group_worksheet_rows" time="0.819"/>
	<testcase classname="test.tests_cells_controller.TestCellsControllerApi" name="test_post_hide_worksheet_columns" time="0.954"/>
	<testcase classname="test.tests_cells_controller.TestCellsControllerApi" name="test_post_hide_worksheet_rows" time="0.960"/>
	<testcase classname="test.tests_cells_controller.TestCellsControllerApi" name="test_post_row_style" time="0.810"/>
	<testcase classname="test.tests_cells_controller.TestCellsControllerApi" name="test_post_set_cell_html_string" time="0.818"/>
	<testcase classname="test.tests_cells_controller.TestCellsControllerApi" name="test_post_set_cell_range_value" time="0.825"/>
	<testcase classname="test.tests_cells_controller.TestCellsControllerApi" name="test_post_set_worksheet_column_width" time="0.596"/>
	<testcase classname="test.tests_cells_controller.TestCellsControllerApi" name="test_post_ungroup_worksheet_columns" time="0.722"/>
	<testcase classname="test.tests_cells_controller.TestCellsControllerApi" name="test_post_ungroup_worksheet_rows" time="0.969"/>
	<testcase classname="test.tests_cells_controller.TestCellsControllerApi" name="test_post_unhide_worksheet_columns" time="0.769"/>
	<testcase classname="test.tests_cells_controller.TestCellsControllerApi" name="test_post_unhide_worksheet_rows" time="0.812"/>
	<testcase classname="test.tests_cells_controller.TestCellsControllerApi" name="test_post_update_worksheet_cell_style" time="0.672"/>
	<testcase classname="test.tests_cells_controller.TestCellsControllerApi" name="test_post_update_worksheet_range_style" time="0.771"/>
	<testcase classname="test.tests_cells_controller.TestCellsControllerApi" name="test_post_update_worksheet_row" time="0.756"/>
	<testcase classname="test.tests_cells_controller.TestCellsControllerApi" name="test_post_worksheet_cell_set_value" time="0.825"/>
	<testcase classname="test.tests_cells_controller.TestCellsControllerApi" name="test_post_worksheet_merge" time="0.690"/>
	<testcase classname="test.tests_cells_controller.TestCellsControllerApi" name="test_post_worksheet_unmerge" time="0.768"/>
	<testcase classname="test.tests_cells_controller.TestCellsControllerApi" name="test_put_insert_worksheet_columns" time="0.857"/>
	<testcase classname="test.tests_cells_controller.TestCellsControllerApi" name="test_put_insert_worksheet_row" time="0.829"/>
	<testcase classname="test.tests_cells_controller.TestCellsControllerApi" name="test_put_insert_worksheet_rows" time="0.713"/>
	<system-out><![CDATA[]]></system-out>
	<system-err><![CDATA[]]></system-err>
</testsuite>
