<?xml version="1.0" ?>
<testsuite name="test.tests_storage_controller.TestStorageControllerApi-20230919143131" tests="12" time="12.366" failures="0" errors="0">
	<testcase classname="test.tests_storage_controller.TestStorageControllerApi" name="test_get_disc_usage" time="2.059"/>
	<testcase classname="test.tests_storage_controller.TestStorageControllerApi" name="test_get_file_versions" time="2.418"/>
	<testcase classname="test.tests_storage_controller.TestStorageControllerApi" name="test_object_exists" time="0.553"/>
	<testcase classname="test.tests_storage_controller.TestStorageControllerApi" name="test_storage_exists" time="0.574"/>
	<testcase classname="test.tests_storage_controller.TestStorageControllerApi" name="test_get_disc_usage" time="1.272"/>
	<testcase classname="test.tests_storage_controller.TestStorageControllerApi" name="test_get_file_versions" time="0.870"/>
	<testcase classname="test.tests_storage_controller.TestStorageControllerApi" name="test_object_exists" time="0.582"/>
	<testcase classname="test.tests_storage_controller.TestStorageControllerApi" name="test_storage_exists" time="0.624"/>
	<testcase classname="test.tests_storage_controller.TestStorageControllerApi" name="test_get_disc_usage" time="1.265"/>
	<testcase classname="test.tests_storage_controller.TestStorageControllerApi" name="test_get_file_versions" time="0.907"/>
	<testcase classname="test.tests_storage_controller.TestStorageControllerApi" name="test_object_exists" time="0.666"/>
	<testcase classname="test.tests_storage_controller.TestStorageControllerApi" name="test_storage_exists" time="0.575"/>
	<system-out><![CDATA[]]></system-out>
	<system-err><![CDATA[]]></system-err>
</testsuite>
