<?xml version="1.0" ?>
<testsuite name="test.tests_hypelinks_controller.TestHypelinksControllerApi-20230919143131" tests="18" time="14.996" failures="0" errors="0">
	<testcase classname="test.tests_hypelinks_controller.TestHypelinksControllerApi" name="test_delete_worksheet_hyperlink" time="1.653"/>
	<testcase classname="test.tests_hypelinks_controller.TestHypelinksControllerApi" name="test_delete_worksheet_hyperlinks" time="0.950"/>
	<testcase classname="test.tests_hypelinks_controller.TestHypelinksControllerApi" name="test_get_worksheet_hyperlink" time="0.599"/>
	<testcase classname="test.tests_hypelinks_controller.TestHypelinksControllerApi" name="test_get_worksheet_hyperlinks" time="0.653"/>
	<testcase classname="test.tests_hypelinks_controller.TestHypelinksControllerApi" name="test_post_worksheet_hyperlink" time="0.863"/>
	<testcase classname="test.tests_hypelinks_controller.TestHypelinksControllerApi" name="test_put_worksheet_hyperlink" time="0.844"/>
	<testcase classname="test.tests_hypelinks_controller.TestHypelinksControllerApi" name="test_delete_worksheet_hyperlink" time="0.839"/>
	<testcase classname="test.tests_hypelinks_controller.TestHypelinksControllerApi" name="test_delete_worksheet_hyperlinks" time="0.792"/>
	<testcase classname="test.tests_hypelinks_controller.TestHypelinksControllerApi" name="test_get_worksheet_hyperlink" time="0.607"/>
	<testcase classname="test.tests_hypelinks_controller.TestHypelinksControllerApi" name="test_get_worksheet_hyperlinks" time="0.647"/>
	<testcase classname="test.tests_hypelinks_controller.TestHypelinksControllerApi" name="test_post_worksheet_hyperlink" time="0.793"/>
	<testcase classname="test.tests_hypelinks_controller.TestHypelinksControllerApi" name="test_put_worksheet_hyperlink" time="0.821"/>
	<testcase classname="test.tests_hypelinks_controller.TestHypelinksControllerApi" name="test_delete_worksheet_hyperlink" time="1.080"/>
	<testcase classname="test.tests_hypelinks_controller.TestHypelinksControllerApi" name="test_delete_worksheet_hyperlinks" time="0.844"/>
	<testcase classname="test.tests_hypelinks_controller.TestHypelinksControllerApi" name="test_get_worksheet_hyperlink" time="0.521"/>
	<testcase classname="test.tests_hypelinks_controller.TestHypelinksControllerApi" name="test_get_worksheet_hyperlinks" time="0.651"/>
	<testcase classname="test.tests_hypelinks_controller.TestHypelinksControllerApi" name="test_post_worksheet_hyperlink" time="1.004"/>
	<testcase classname="test.tests_hypelinks_controller.TestHypelinksControllerApi" name="test_put_worksheet_hyperlink" time="0.836"/>
	<system-out><![CDATA[]]></system-out>
	<system-err><![CDATA[]]></system-err>
</testsuite>
