<?xml version="1.0" ?>
<testsuite name="test.tests_file_controller.TestFileControllerApi-20230919143131" tests="15" time="41.641" failures="0" errors="0">
	<testcase classname="test.tests_file_controller.TestFileControllerApi" name="test_copy_file" time="1.959"/>
	<testcase classname="test.tests_file_controller.TestFileControllerApi" name="test_delete_file" time="10.542"/>
	<testcase classname="test.tests_file_controller.TestFileControllerApi" name="test_download_file" time="0.578"/>
	<testcase classname="test.tests_file_controller.TestFileControllerApi" name="test_move_file" time="1.009"/>
	<testcase classname="test.tests_file_controller.TestFileControllerApi" name="test_upload_file" time="0.823"/>
	<testcase classname="test.tests_file_controller.TestFileControllerApi" name="test_copy_file" time="0.709"/>
	<testcase classname="test.tests_file_controller.TestFileControllerApi" name="test_delete_file" time="9.950"/>
	<testcase classname="test.tests_file_controller.TestFileControllerApi" name="test_download_file" time="0.755"/>
	<testcase classname="test.tests_file_controller.TestFileControllerApi" name="test_move_file" time="0.852"/>
	<testcase classname="test.tests_file_controller.TestFileControllerApi" name="test_upload_file" time="0.734"/>
	<testcase classname="test.tests_file_controller.TestFileControllerApi" name="test_copy_file" time="0.681"/>
	<testcase classname="test.tests_file_controller.TestFileControllerApi" name="test_delete_file" time="10.847"/>
	<testcase classname="test.tests_file_controller.TestFileControllerApi" name="test_download_file" time="0.581"/>
	<testcase classname="test.tests_file_controller.TestFileControllerApi" name="test_move_file" time="0.892"/>
	<testcase classname="test.tests_file_controller.TestFileControllerApi" name="test_upload_file" time="0.729"/>
	<system-out><![CDATA[]]></system-out>
	<system-err><![CDATA[]]></system-err>
</testsuite>
