<?xml version="1.0" ?>
<testsuite name="test.tests_worksheet_controller.TestWorksheetControllerApi-20230919143131" tests="117" time="93.740" failures="0" errors="0">
	<testcase classname="test.tests_worksheet_controller.TestWorksheetControllerApi" name="test_delete_unprotect_worksheet" time="1.663"/>
	<testcase classname="test.tests_worksheet_controller.TestWorksheetControllerApi" name="test_delete_worksheet" time="0.741"/>
	<testcase classname="test.tests_worksheet_controller.TestWorksheetControllerApi" name="test_delete_worksheet_background" time="0.669"/>
	<testcase classname="test.tests_worksheet_controller.TestWorksheetControllerApi" name="test_delete_worksheet_comment" time="1.572"/>
	<testcase classname="test.tests_worksheet_controller.TestWorksheetControllerApi" name="test_delete_worksheet_comments" time="0.908"/>
	<testcase classname="test.tests_worksheet_controller.TestWorksheetControllerApi" name="test_delete_worksheet_freeze_panes" time="1.011"/>
	<testcase classname="test.tests_worksheet_controller.TestWorksheetControllerApi" name="test_delete_worksheets" time="0.929"/>
	<testcase classname="test.tests_worksheet_controller.TestWorksheetControllerApi" name="test_get_named_range_value" time="0.762"/>
	<testcase classname="test.tests_worksheet_controller.TestWorksheetControllerApi" name="test_get_named_ranges" time="0.695"/>
	<testcase classname="test.tests_worksheet_controller.TestWorksheetControllerApi" name="test_get_worksheet_calculate_formula" time="0.640"/>
	<testcase classname="test.tests_worksheet_controller.TestWorksheetControllerApi" name="test_get_worksheet_comment" time="0.605"/>
	<testcase classname="test.tests_worksheet_controller.TestWorksheetControllerApi" name="test_get_worksheet_comments" time="0.763"/>
	<testcase classname="test.tests_worksheet_controller.TestWorksheetControllerApi" name="test_get_worksheet_merged_cell" time="0.642"/>
	<testcase classname="test.tests_worksheet_controller.TestWorksheetControllerApi" name="test_get_worksheet_merged_cells" time="0.585"/>
	<testcase classname="test.tests_worksheet_controller.TestWorksheetControllerApi" name="test_get_worksheet_page_count" time="0.578"/>
	<testcase classname="test.tests_worksheet_controller.TestWorksheetControllerApi" name="test_get_worksheet_text_items" time="0.796"/>
	<testcase classname="test.tests_worksheet_controller.TestWorksheetControllerApi" name="test_get_worksheet_with_format" time="0.806"/>
	<testcase classname="test.tests_worksheet_controller.TestWorksheetControllerApi" name="test_get_worksheets" time="0.573"/>
	<testcase classname="test.tests_worksheet_controller.TestWorksheetControllerApi" name="test_post_autofit_worksheet_columns" time="0.795"/>
	<testcase classname="test.tests_worksheet_controller.TestWorksheetControllerApi" name="test_post_autofit_worksheet_row" time="0.983"/>
	<testcase classname="test.tests_worksheet_controller.TestWorksheetControllerApi" name="test_post_autofit_worksheet_rows" time="0.727"/>
	<testcase classname="test.tests_worksheet_controller.TestWorksheetControllerApi" name="test_post_copy_worksheet" time="0.797"/>
	<testcase classname="test.tests_worksheet_controller.TestWorksheetControllerApi" name="test_post_move_worksheet" time="0.839"/>
	<testcase classname="test.tests_worksheet_controller.TestWorksheetControllerApi" name="test_post_rename_worksheet" time="0.819"/>
	<testcase classname="test.tests_worksheet_controller.TestWorksheetControllerApi" name="test_post_update_worksheet_property" time="0.745"/>
	<testcase classname="test.tests_worksheet_controller.TestWorksheetControllerApi" name="test_post_update_worksheet_zoom" time="0.967"/>
	<testcase classname="test.tests_worksheet_controller.TestWorksheetControllerApi" name="test_post_worksheet_calculate_formula" time="0.601"/>
	<testcase classname="test.tests_worksheet_controller.TestWorksheetControllerApi" name="test_post_worksheet_comment" time="0.796"/>
	<testcase classname="test.tests_worksheet_controller.TestWorksheetControllerApi" name="test_post_worksheet_range_sort" time="0.805"/>
	<testcase classname="test.tests_worksheet_controller.TestWorksheetControllerApi" name="test_post_worksheet_text_search" time="0.593"/>
	<testcase classname="test.tests_worksheet_controller.TestWorksheetControllerApi" name="test_post_worsheet_text_replace" time="0.821"/>
	<testcase classname="test.tests_worksheet_controller.TestWorksheetControllerApi" name="test_put_active_worksheet" time="0.891"/>
	<testcase classname="test.tests_worksheet_controller.TestWorksheetControllerApi" name="test_put_add_new_worksheet" time="0.778"/>
	<testcase classname="test.tests_worksheet_controller.TestWorksheetControllerApi" name="test_put_change_visibility_worksheet" time="0.837"/>
	<testcase classname="test.tests_worksheet_controller.TestWorksheetControllerApi" name="test_put_insert_new_worksheet" time="0.827"/>
	<testcase classname="test.tests_worksheet_controller.TestWorksheetControllerApi" name="test_put_protect_worksheet" time="0.749"/>
	<testcase classname="test.tests_worksheet_controller.TestWorksheetControllerApi" name="test_put_worksheet_background" time="1.223"/>
	<testcase classname="test.tests_worksheet_controller.TestWorksheetControllerApi" name="test_put_worksheet_comment" time="0.739"/>
	<testcase classname="test.tests_worksheet_controller.TestWorksheetControllerApi" name="test_put_worksheet_freeze_panes" time="0.805"/>
	<testcase classname="test.tests_worksheet_controller.TestWorksheetControllerApi" name="test_delete_unprotect_worksheet" time="0.863"/>
	<testcase classname="test.tests_worksheet_controller.TestWorksheetControllerApi" name="test_delete_worksheet" time="0.743"/>
	<testcase classname="test.tests_worksheet_controller.TestWorksheetControllerApi" name="test_delete_worksheet_background" time="0.951"/>
	<testcase classname="test.tests_worksheet_controller.TestWorksheetControllerApi" name="test_delete_worksheet_comment" time="0.755"/>
	<testcase classname="test.tests_worksheet_controller.TestWorksheetControllerApi" name="test_delete_worksheet_comments" time="0.803"/>
	<testcase classname="test.tests_worksheet_controller.TestWorksheetControllerApi" name="test_delete_worksheet_freeze_panes" time="0.779"/>
	<testcase classname="test.tests_worksheet_controller.TestWorksheetControllerApi" name="test_delete_worksheets" time="0.865"/>
	<testcase classname="test.tests_worksheet_controller.TestWorksheetControllerApi" name="test_get_named_range_value" time="0.614"/>
	<testcase classname="test.tests_worksheet_controller.TestWorksheetControllerApi" name="test_get_named_ranges" time="0.608"/>
	<testcase classname="test.tests_worksheet_controller.TestWorksheetControllerApi" name="test_get_worksheet_calculate_formula" time="0.656"/>
	<testcase classname="test.tests_worksheet_controller.TestWorksheetControllerApi" name="test_get_worksheet_comment" time="0.623"/>
	<testcase classname="test.tests_worksheet_controller.TestWorksheetControllerApi" name="test_get_worksheet_comments" time="0.563"/>
	<testcase classname="test.tests_worksheet_controller.TestWorksheetControllerApi" name="test_get_worksheet_merged_cell" time="0.669"/>
	<testcase classname="test.tests_worksheet_controller.TestWorksheetControllerApi" name="test_get_worksheet_merged_cells" time="0.765"/>
	<testcase classname="test.tests_worksheet_controller.TestWorksheetControllerApi" name="test_get_worksheet_page_count" time="0.636"/>
	<testcase classname="test.tests_worksheet_controller.TestWorksheetControllerApi" name="test_get_worksheet_text_items" time="0.827"/>
	<testcase classname="test.tests_worksheet_controller.TestWorksheetControllerApi" name="test_get_worksheet_with_format" time="0.795"/>
	<testcase classname="test.tests_worksheet_controller.TestWorksheetControllerApi" name="test_get_worksheets" time="0.610"/>
	<testcase classname="test.tests_worksheet_controller.TestWorksheetControllerApi" name="test_post_autofit_worksheet_columns" time="0.903"/>
	<testcase classname="test.tests_worksheet_controller.TestWorksheetControllerApi" name="test_post_autofit_worksheet_row" time="0.778"/>
	<testcase classname="test.tests_worksheet_controller.TestWorksheetControllerApi" name="test_post_autofit_worksheet_rows" time="0.834"/>
	<testcase classname="test.tests_worksheet_controller.TestWorksheetControllerApi" name="test_post_copy_worksheet" time="0.801"/>
	<testcase classname="test.tests_worksheet_controller.TestWorksheetControllerApi" name="test_post_move_worksheet" time="0.993"/>
	<testcase classname="test.tests_worksheet_controller.TestWorksheetControllerApi" name="test_post_rename_worksheet" time="0.797"/>
	<testcase classname="test.tests_worksheet_controller.TestWorksheetControllerApi" name="test_post_update_worksheet_property" time="0.750"/>
	<testcase classname="test.tests_worksheet_controller.TestWorksheetControllerApi" name="test_post_update_worksheet_zoom" time="0.777"/>
	<testcase classname="test.tests_worksheet_controller.TestWorksheetControllerApi" name="test_post_worksheet_calculate_formula" time="0.680"/>
	<testcase classname="test.tests_worksheet_controller.TestWorksheetControllerApi" name="test_post_worksheet_comment" time="0.858"/>
	<testcase classname="test.tests_worksheet_controller.TestWorksheetControllerApi" name="test_post_worksheet_range_sort" time="0.761"/>
	<testcase classname="test.tests_worksheet_controller.TestWorksheetControllerApi" name="test_post_worksheet_text_search" time="0.828"/>
	<testcase classname="test.tests_worksheet_controller.TestWorksheetControllerApi" name="test_post_worsheet_text_replace" time="0.865"/>
	<testcase classname="test.tests_worksheet_controller.TestWorksheetControllerApi" name="test_put_active_worksheet" time="0.972"/>
	<testcase classname="test.tests_worksheet_controller.TestWorksheetControllerApi" name="test_put_add_new_worksheet" time="1.098"/>
	<testcase classname="test.tests_worksheet_controller.TestWorksheetControllerApi" name="test_put_change_visibility_worksheet" time="0.775"/>
	<testcase classname="test.tests_worksheet_controller.TestWorksheetControllerApi" name="test_put_insert_new_worksheet" time="0.819"/>
	<testcase classname="test.tests_worksheet_controller.TestWorksheetControllerApi" name="test_put_protect_worksheet" time="0.706"/>
	<testcase classname="test.tests_worksheet_controller.TestWorksheetControllerApi" name="test_put_worksheet_background" time="1.091"/>
	<testcase classname="test.tests_worksheet_controller.TestWorksheetControllerApi" name="test_put_worksheet_comment" time="0.769"/>
	<testcase classname="test.tests_worksheet_controller.TestWorksheetControllerApi" name="test_put_worksheet_freeze_panes" time="0.753"/>
	<testcase classname="test.tests_worksheet_controller.TestWorksheetControllerApi" name="test_delete_unprotect_worksheet" time="0.961"/>
	<testcase classname="test.tests_worksheet_controller.TestWorksheetControllerApi" name="test_delete_worksheet" time="0.780"/>
	<testcase classname="test.tests_worksheet_controller.TestWorksheetControllerApi" name="test_delete_worksheet_background" time="0.846"/>
	<testcase classname="test.tests_worksheet_controller.TestWorksheetControllerApi" name="test_delete_worksheet_comment" time="0.910"/>
	<testcase classname="test.tests_worksheet_controller.TestWorksheetControllerApi" name="test_delete_worksheet_comments" time="0.779"/>
	<testcase classname="test.tests_worksheet_controller.TestWorksheetControllerApi" name="test_delete_worksheet_freeze_panes" time="0.766"/>
	<testcase classname="test.tests_worksheet_controller.TestWorksheetControllerApi" name="test_delete_worksheets" time="0.797"/>
	<testcase classname="test.tests_worksheet_controller.TestWorksheetControllerApi" name="test_get_named_range_value" time="0.768"/>
	<testcase classname="test.tests_worksheet_controller.TestWorksheetControllerApi" name="test_get_named_ranges" time="0.574"/>
	<testcase classname="test.tests_worksheet_controller.TestWorksheetControllerApi" name="test_get_worksheet_calculate_formula" time="0.654"/>
	<testcase classname="test.tests_worksheet_controller.TestWorksheetControllerApi" name="test_get_worksheet_comment" time="0.670"/>
	<testcase classname="test.tests_worksheet_controller.TestWorksheetControllerApi" name="test_get_worksheet_comments" time="0.662"/>
	<testcase classname="test.tests_worksheet_controller.TestWorksheetControllerApi" name="test_get_worksheet_merged_cell" time="0.651"/>
	<testcase classname="test.tests_worksheet_controller.TestWorksheetControllerApi" name="test_get_worksheet_merged_cells" time="0.600"/>
	<testcase classname="test.tests_worksheet_controller.TestWorksheetControllerApi" name="test_get_worksheet_page_count" time="0.578"/>
	<testcase classname="test.tests_worksheet_controller.TestWorksheetControllerApi" name="test_get_worksheet_text_items" time="0.806"/>
	<testcase classname="test.tests_worksheet_controller.TestWorksheetControllerApi" name="test_get_worksheet_with_format" time="0.836"/>
	<testcase classname="test.tests_worksheet_controller.TestWorksheetControllerApi" name="test_get_worksheets" time="0.661"/>
	<testcase classname="test.tests_worksheet_controller.TestWorksheetControllerApi" name="test_post_autofit_worksheet_columns" time="0.798"/>
	<testcase classname="test.tests_worksheet_controller.TestWorksheetControllerApi" name="test_post_autofit_worksheet_row" time="0.862"/>
	<testcase classname="test.tests_worksheet_controller.TestWorksheetControllerApi" name="test_post_autofit_worksheet_rows" time="0.859"/>
	<testcase classname="test.tests_worksheet_controller.TestWorksheetControllerApi" name="test_post_copy_worksheet" time="0.937"/>
	<testcase classname="test.tests_worksheet_controller.TestWorksheetControllerApi" name="test_post_move_worksheet" time="0.887"/>
	<testcase classname="test.tests_worksheet_controller.TestWorksheetControllerApi" name="test_post_rename_worksheet" time="0.836"/>
	<testcase classname="test.tests_worksheet_controller.TestWorksheetControllerApi" name="test_post_update_worksheet_property" time="0.694"/>
	<testcase classname="test.tests_worksheet_controller.TestWorksheetControllerApi" name="test_post_update_worksheet_zoom" time="0.988"/>
	<testcase classname="test.tests_worksheet_controller.TestWorksheetControllerApi" name="test_post_worksheet_calculate_formula" time="0.704"/>
	<testcase classname="test.tests_worksheet_controller.TestWorksheetControllerApi" name="test_post_worksheet_comment" time="0.798"/>
	<testcase classname="test.tests_worksheet_controller.TestWorksheetControllerApi" name="test_post_worksheet_range_sort" time="0.781"/>
	<testcase classname="test.tests_worksheet_controller.TestWorksheetControllerApi" name="test_post_worksheet_text_search" time="0.593"/>
	<testcase classname="test.tests_worksheet_controller.TestWorksheetControllerApi" name="test_post_worsheet_text_replace" time="0.859"/>
	<testcase classname="test.tests_worksheet_controller.TestWorksheetControllerApi" name="test_put_active_worksheet" time="0.797"/>
	<testcase classname="test.tests_worksheet_controller.TestWorksheetControllerApi" name="test_put_add_new_worksheet" time="0.817"/>
	<testcase classname="test.tests_worksheet_controller.TestWorksheetControllerApi" name="test_put_change_visibility_worksheet" time="0.903"/>
	<testcase classname="test.tests_worksheet_controller.TestWorksheetControllerApi" name="test_put_insert_new_worksheet" time="0.701"/>
	<testcase classname="test.tests_worksheet_controller.TestWorksheetControllerApi" name="test_put_protect_worksheet" time="0.793"/>
	<testcase classname="test.tests_worksheet_controller.TestWorksheetControllerApi" name="test_put_worksheet_background" time="1.265"/>
	<testcase classname="test.tests_worksheet_controller.TestWorksheetControllerApi" name="test_put_worksheet_comment" time="0.892"/>
	<testcase classname="test.tests_worksheet_controller.TestWorksheetControllerApi" name="test_put_worksheet_freeze_panes" time="0.868"/>
	<system-out><![CDATA[]]></system-out>
	<system-err><![CDATA[]]></system-err>
</testsuite>
